{"meta": {"format": 3, "version": "7.10.4", "timestamp": "2025-08-24T19:11:58.701101", "branch_coverage": false, "show_contexts": false}, "files": {"orchestra/__init__.py": {"executed_lines": [1, 3, 4], "summary": {"covered_lines": 2, "num_statements": 2, "percent_covered": 100.0, "percent_covered_display": "100", "missing_lines": 0, "excluded_lines": 0}, "missing_lines": [], "excluded_lines": [], "functions": {"": {"executed_lines": [1, 3, 4], "summary": {"covered_lines": 2, "num_statements": 2, "percent_covered": 100.0, "percent_covered_display": "100", "missing_lines": 0, "excluded_lines": 0}, "missing_lines": [], "excluded_lines": []}}, "classes": {"": {"executed_lines": [1, 3, 4], "summary": {"covered_lines": 2, "num_statements": 2, "percent_covered": 100.0, "percent_covered_display": "100", "missing_lines": 0, "excluded_lines": 0}, "missing_lines": [], "excluded_lines": []}}}, "orchestra/cli/__init__.py": {"executed_lines": [1], "summary": {"covered_lines": 0, "num_statements": 0, "percent_covered": 100.0, "percent_covered_display": "100", "missing_lines": 0, "excluded_lines": 0}, "missing_lines": [], "excluded_lines": [], "functions": {"": {"executed_lines": [1], "summary": {"covered_lines": 0, "num_statements": 0, "percent_covered": 100.0, "percent_covered_display": "100", "missing_lines": 0, "excluded_lines": 0}, "missing_lines": [], "excluded_lines": []}}, "classes": {"": {"executed_lines": [1], "summary": {"covered_lines": 0, "num_statements": 0, "percent_covered": 100.0, "percent_covered_display": "100", "missing_lines": 0, "excluded_lines": 0}, "missing_lines": [], "excluded_lines": []}}}, "orchestra/cli/circuit_breaker_commands.py": {"executed_lines": [1, 5, 6, 8, 9, 10, 11, 13, 20, 23, 30, 31, 35, 36, 37, 39, 42, 45, 46, 50, 53, 57, 60, 61, 62, 63, 64, 65, 66, 67, 69, 71, 72, 73, 74, 75, 76, 77, 79, 82, 83, 84, 85, 86, 88, 91, 92, 93, 97, 99, 108, 110, 113, 114, 115, 116, 117, 118, 122, 125, 126, 129, 131, 132, 133, 136, 137, 146, 147, 148, 149, 151, 153, 154, 155, 157, 159, 162, 167, 168, 172, 173, 174, 177, 178, 182, 183, 185, 186, 188, 189, 191, 193, 194, 195, 197, 198, 203, 204, 206, 210, 217, 223, 224, 225, 228, 229, 238, 239, 245, 246, 247, 254], "summary": {"covered_lines": 112, "num_statements": 116, "percent_covered": 96.55172413793103, "percent_covered_display": "97", "missing_lines": 4, "excluded_lines": 0}, "missing_lines": [249, 250, 251, 255], "excluded_lines": [], "functions": {"circuit_breaker_status": {"executed_lines": [35, 36, 37, 39, 42, 45, 46, 50, 53, 57, 60, 61, 62, 63, 64, 65, 66, 67, 69, 71, 72, 73, 74, 75, 76, 77, 79, 82, 83, 84, 85, 86, 88, 91, 92, 93, 97, 99, 108, 110, 113, 114, 115, 116, 117, 118, 122, 125, 126, 129, 131, 132, 133], "summary": {"covered_lines": 53, "num_statements": 53, "percent_covered": 100.0, "percent_covered_display": "100", "missing_lines": 0, "excluded_lines": 0}, "missing_lines": [], "excluded_lines": []}, "reset_circuit_breakers": {"executed_lines": [146, 147, 148, 149, 151, 153, 154, 155, 157, 159, 162, 167, 168, 172, 173, 174], "summary": {"covered_lines": 16, "num_statements": 16, "percent_covered": 100.0, "percent_covered_display": "100", "missing_lines": 0, "excluded_lines": 0}, "missing_lines": [], "excluded_lines": []}, "circuit_breaker_health": {"executed_lines": [182, 183, 185, 186, 188, 189, 191, 193, 194, 195, 197, 198, 203, 204, 206, 210, 217, 223, 224, 225], "summary": {"covered_lines": 20, "num_statements": 20, "percent_covered": 100.0, "percent_covered_display": "100", "missing_lines": 0, "excluded_lines": 0}, "missing_lines": [], "excluded_lines": []}, "simulate_service_failure": {"executed_lines": [238, 239, 245, 246, 247], "summary": {"covered_lines": 5, "num_statements": 8, "percent_covered": 62.5, "percent_covered_display": "62", "missing_lines": 3, "excluded_lines": 0}, "missing_lines": [249, 250, 251], "excluded_lines": []}, "": {"executed_lines": [1, 5, 6, 8, 9, 10, 11, 13, 20, 23, 30, 31, 136, 137, 177, 178, 228, 229, 254], "summary": {"covered_lines": 18, "num_statements": 19, "percent_covered": 94.73684210526316, "percent_covered_display": "95", "missing_lines": 1, "excluded_lines": 0}, "missing_lines": [255], "excluded_lines": []}}, "classes": {"": {"executed_lines": [1, 5, 6, 8, 9, 10, 11, 13, 20, 23, 30, 31, 35, 36, 37, 39, 42, 45, 46, 50, 53, 57, 60, 61, 62, 63, 64, 65, 66, 67, 69, 71, 72, 73, 74, 75, 76, 77, 79, 82, 83, 84, 85, 86, 88, 91, 92, 93, 97, 99, 108, 110, 113, 114, 115, 116, 117, 118, 122, 125, 126, 129, 131, 132, 133, 136, 137, 146, 147, 148, 149, 151, 153, 154, 155, 157, 159, 162, 167, 168, 172, 173, 174, 177, 178, 182, 183, 185, 186, 188, 189, 191, 193, 194, 195, 197, 198, 203, 204, 206, 210, 217, 223, 224, 225, 228, 229, 238, 239, 245, 246, 247, 254], "summary": {"covered_lines": 112, "num_statements": 116, "percent_covered": 96.55172413793103, "percent_covered_display": "97", "missing_lines": 4, "excluded_lines": 0}, "missing_lines": [249, 250, 251, 255], "excluded_lines": []}}}, "orchestra/cli/commands.py": {"executed_lines": [1, 3, 6, 7, 8, 9, 11, 12, 13, 14, 16, 17, 18, 19, 21, 24, 25, 29, 30, 34, 35, 36, 37, 39, 40, 43, 46, 47, 48, 49, 50, 53, 64, 71, 72, 74, 75, 76, 77, 78, 80, 81, 83, 84, 85, 87, 90, 91, 93, 94, 95, 99, 100, 101, 103, 104, 105, 106, 108, 109, 111, 112, 114, 115, 116, 117, 120, 121, 123, 124, 125, 129, 130, 131, 133, 135, 136, 137, 138, 142, 143, 146, 149, 150, 151, 154, 155, 167, 168, 170, 171, 173, 174, 175, 178, 179, 180, 182, 183, 184, 185, 190, 191, 192, 193, 197, 198, 199, 201, 203, 208, 209, 210, 211, 212, 213, 214, 216, 218, 219, 220, 221, 222, 228, 230, 231, 232, 233, 235, 237, 240, 242, 244, 246, 247, 249, 250, 258, 259, 261, 262, 264, 265, 267, 268, 271, 272, 273, 279, 280, 281, 282, 284, 285, 289, 290, 292, 293, 294, 295, 297, 301, 302, 303, 304, 309, 312, 313, 330, 331, 332, 333, 336, 337, 339, 340, 342, 343, 345, 350, 351, 353, 355, 356, 357, 360, 361, 363, 364, 365, 368, 369, 370, 373, 375, 378, 379, 380, 382, 383, 384, 387, 388, 389, 390, 392, 393, 396, 397, 398, 400, 402, 403, 411, 412, 422, 423, 424, 426, 429, 430, 432, 433, 435, 448, 451, 460, 463, 464, 466, 469, 470, 473, 481, 482, 484, 487, 488, 489, 492, 494, 497, 498, 500, 501, 511, 512, 514, 517, 521, 522, 524, 525, 533, 534, 601, 602, 604, 607, 608, 609, 612, 615, 616, 617, 618, 619, 620, 621, 623, 628, 631, 640, 641, 642, 644, 645, 646, 647, 650, 651, 653, 656, 657, 658, 661, 663, 664, 665, 666, 667, 668, 669, 671, 673, 674, 678, 679, 680, 681, 682, 683, 684, 685, 687, 688, 692, 700, 704, 705, 706, 707, 710, 711, 718, 721, 728, 735, 736, 745, 756, 757, 760, 761, 762, 763, 768, 771, 774, 775, 803, 804, 805, 806, 809, 810, 820, 823, 830, 837, 838, 846, 857, 858, 861, 862, 869, 872, 877, 878, 901, 902, 903, 904, 915, 916, 917, 918, 921, 922, 932, 935, 942, 949, 950, 959, 970, 971, 974, 975, 982, 985, 990, 991, 1024, 1025, 1026, 1027, 1030, 1031, 1033, 1036, 1037, 1039, 1042, 1043, 1045, 1048, 1049, 1051, 1054, 1055, 1057, 1060, 1061, 1063, 1066, 1067, 1079, 1080, 1085, 1088, 1091, 1094, 1095, 1102, 1103, 1104, 1106, 1107, 1109, 1111, 1125, 1126, 1127, 1128, 1131, 1132, 1134, 1135, 1136, 1139, 1140, 1141, 1142, 1144, 1145, 1146, 1147, 1150, 1151, 1163, 1164, 1167, 1168, 1171, 1172, 1173, 1174, 1175, 1177, 1178, 1179, 1180, 1181, 1184, 1185, 1188, 1189, 1190, 1191, 1193, 1200, 1218, 1219, 1220, 1221, 1222, 1226, 1227, 1228, 1229, 1232, 1233, 1348, 1349, 1482, 1483, 1555, 1556, 1646, 1647, 1735, 1736, 1841, 1842, 1896, 1897], "summary": {"covered_lines": 477, "num_statements": 1003, "percent_covered": 47.557328015952145, "percent_covered_display": "48", "missing_lines": 526, "excluded_lines": 0}, "missing_lines": [26, 27, 31, 32, 204, 205, 224, 225, 226, 238, 252, 253, 254, 255, 274, 276, 314, 315, 316, 317, 318, 319, 320, 321, 322, 325, 326, 346, 347, 405, 406, 407, 408, 425, 427, 436, 439, 440, 441, 442, 444, 465, 467, 475, 476, 477, 478, 505, 506, 507, 508, 518, 519, 527, 528, 529, 530, 536, 539, 540, 541, 544, 546, 548, 549, 554, 556, 557, 558, 559, 561, 562, 569, 570, 571, 572, 573, 574, 575, 576, 577, 579, 580, 582, 585, 586, 587, 589, 591, 592, 593, 595, 596, 597, 598, 696, 698, 722, 723, 726, 737, 738, 739, 740, 741, 742, 764, 765, 769, 770, 780, 784, 785, 786, 787, 789, 790, 791, 792, 795, 824, 825, 828, 839, 840, 841, 842, 843, 863, 864, 865, 866, 870, 871, 884, 885, 886, 887, 890, 891, 892, 893, 894, 896, 897, 907, 936, 937, 940, 951, 952, 953, 954, 955, 956, 976, 977, 978, 979, 983, 984, 996, 1000, 1001, 1005, 1006, 1007, 1008, 1010, 1011, 1012, 1013, 1016, 1113, 1115, 1116, 1117, 1118, 1119, 1120, 1121, 1122, 1194, 1195, 1196, 1197, 1201, 1204, 1206, 1212, 1213, 1215, 1224, 1251, 1252, 1257, 1258, 1263, 1264, 1266, 1271, 1272, 1273, 1274, 1276, 1277, 1278, 1282, 1284, 1285, 1286, 1289, 1290, 1291, 1294, 1295, 1298, 1299, 1302, 1303, 1305, 1311, 1312, 1313, 1314, 1316, 1317, 1318, 1319, 1320, 1321, 1324, 1325, 1326, 1328, 1329, 1335, 1340, 1342, 1343, 1344, 1345, 1358, 1359, 1361, 1362, 1363, 1365, 1368, 1370, 1371, 1372, 1374, 1377, 1380, 1382, 1383, 1385, 1386, 1389, 1391, 1394, 1402, 1413, 1414, 1415, 1417, 1426, 1427, 1429, 1430, 1445, 1446, 1448, 1449, 1453, 1460, 1461, 1462, 1463, 1464, 1466, 1467, 1468, 1469, 1471, 1473, 1474, 1476, 1477, 1478, 1479, 1492, 1493, 1496, 1499, 1500, 1501, 1502, 1503, 1508, 1510, 1517, 1518, 1520, 1521, 1522, 1523, 1524, 1525, 1526, 1528, 1529, 1534, 1536, 1544, 1545, 1547, 1549, 1550, 1551, 1552, 1569, 1570, 1573, 1574, 1577, 1578, 1579, 1580, 1581, 1582, 1585, 1586, 1587, 1588, 1589, 1590, 1591, 1592, 1595, 1604, 1605, 1606, 1607, 1608, 1611, 1612, 1617, 1621, 1622, 1623, 1624, 1626, 1627, 1631, 1636, 1637, 1638, 1640, 1641, 1642, 1643, 1660, 1661, 1664, 1665, 1668, 1669, 1670, 1671, 1672, 1673, 1676, 1677, 1678, 1679, 1680, 1681, 1682, 1683, 1686, 1691, 1692, 1693, 1694, 1695, 1700, 1701, 1707, 1708, 1709, 1710, 1713, 1714, 1715, 1716, 1717, 1719, 1720, 1724, 1725, 1726, 1727, 1729, 1730, 1731, 1732, 1755, 1756, 1759, 1760, 1763, 1764, 1765, 1766, 1767, 1768, 1771, 1772, 1773, 1774, 1775, 1776, 1777, 1778, 1781, 1786, 1787, 1788, 1789, 1790, 1795, 1796, 1801, 1805, 1806, 1810, 1811, 1812, 1813, 1816, 1818, 1819, 1820, 1821, 1823, 1824, 1825, 1827, 1829, 1830, 1831, 1832, 1834, 1835, 1836, 1837, 1850, 1851, 1852, 1854, 1855, 1856, 1858, 1861, 1862, 1863, 1864, 1865, 1868, 1869, 1870, 1871, 1874, 1875, 1876, 1877, 1882, 1885, 1886, 1887, 1888, 1890, 1891, 1892, 1893, 1903, 1904, 1906, 1908, 1911, 1912, 1913, 1914, 1915, 1916, 1917, 1918, 1919, 1929, 1930, 1931, 1932, 1933, 1934, 1935, 1936, 1937, 1946, 1947, 1948, 1951, 1953, 1954, 1955, 1956, 1957, 1959, 1962, 1969, 1970, 1972, 1973, 1974, 1975], "excluded_lines": [], "functions": {"create_basic_command_group": {"executed_lines": [64, 71, 72, 80, 81, 87], "summary": {"covered_lines": 6, "num_statements": 6, "percent_covered": 100.0, "percent_covered_display": "100", "missing_lines": 0, "excluded_lines": 0}, "missing_lines": [], "excluded_lines": []}, "create_basic_command_group.list_items": {"executed_lines": [74, 75, 76, 77, 78], "summary": {"covered_lines": 5, "num_statements": 5, "percent_covered": 100.0, "percent_covered_display": "100", "missing_lines": 0, "excluded_lines": 0}, "missing_lines": [], "excluded_lines": []}, "create_basic_command_group.status": {"executed_lines": [83, 84, 85], "summary": {"covered_lines": 3, "num_statements": 3, "percent_covered": 100.0, "percent_covered_display": "100", "missing_lines": 0, "excluded_lines": 0}, "missing_lines": [], "excluded_lines": []}, "list_agents": {"executed_lines": [93, 94, 95, 99, 100, 101, 103, 104, 105, 106, 108, 109, 111, 112, 114, 115, 116, 117], "summary": {"covered_lines": 18, "num_statements": 18, "percent_covered": 100.0, "percent_covered_display": "100", "missing_lines": 0, "excluded_lines": 0}, "missing_lines": [], "excluded_lines": []}, "agent_status": {"executed_lines": [123, 124, 125, 129, 130, 131, 133, 135, 136, 137, 138], "summary": {"covered_lines": 11, "num_statements": 11, "percent_covered": 100.0, "percent_covered_display": "100", "missing_lines": 0, "excluded_lines": 0}, "missing_lines": [], "excluded_lines": []}, "get_persona_loader": {"executed_lines": [149, 150, 151], "summary": {"covered_lines": 3, "num_statements": 3, "percent_covered": 100.0, "percent_covered_display": "100", "missing_lines": 0, "excluded_lines": 0}, "missing_lines": [], "excluded_lines": []}, "list_personas": {"executed_lines": [167, 168, 170, 171, 173, 174, 175, 178, 179, 180, 182, 183, 184, 185, 190, 191, 192, 193, 197, 198, 199, 201, 203, 208, 209, 210, 211, 212, 213, 214, 216, 218, 219, 220, 221, 222, 228, 230, 231, 232, 233, 235, 237, 240, 242, 244, 246, 247, 249, 250], "summary": {"covered_lines": 50, "num_statements": 60, "percent_covered": 83.33333333333333, "percent_covered_display": "83", "missing_lines": 10, "excluded_lines": 0}, "missing_lines": [204, 205, 224, 225, 226, 238, 252, 253, 254, 255], "excluded_lines": []}, "describe_persona": {"executed_lines": [261, 262, 264, 265, 267, 268, 271, 272, 273, 279, 280, 281, 282, 284, 285, 289, 290, 292, 293, 294, 295, 297, 301, 302, 303, 304, 309, 312, 313, 330, 331, 332, 333], "summary": {"covered_lines": 33, "num_statements": 46, "percent_covered": 71.73913043478261, "percent_covered_display": "72", "missing_lines": 13, "excluded_lines": 0}, "missing_lines": [274, 276, 314, 315, 316, 317, 318, 319, 320, 321, 322, 325, 326], "excluded_lines": []}, "search_personas": {"executed_lines": [339, 340, 342, 343, 345, 350, 351, 353, 355, 356, 357, 360, 361, 363, 364, 365, 368, 369, 370, 373, 375, 378, 379, 380, 382, 383, 384, 387, 388, 389, 390, 392, 393, 396, 397, 398, 400, 402, 403], "summary": {"covered_lines": 39, "num_statements": 45, "percent_covered": 86.66666666666667, "percent_covered_display": "87", "missing_lines": 6, "excluded_lines": 0}, "missing_lines": [346, 347, 405, 406, 407, 408], "excluded_lines": []}, "activate_persona": {"executed_lines": [422, 423, 424, 426, 429, 430, 432, 433, 435, 448, 451, 460, 463, 464, 466, 469, 470, 473], "summary": {"covered_lines": 18, "num_statements": 32, "percent_covered": 56.25, "percent_covered_display": "56", "missing_lines": 14, "excluded_lines": 0}, "missing_lines": [425, 427, 436, 439, 440, 441, 442, 444, 465, 467, 475, 476, 477, 478], "excluded_lines": []}, "show_current_persona": {"executed_lines": [484, 487, 488, 489, 492, 494, 497, 498, 500, 501], "summary": {"covered_lines": 10, "num_statements": 14, "percent_covered": 71.42857142857143, "percent_covered_display": "71", "missing_lines": 4, "excluded_lines": 0}, "missing_lines": [505, 506, 507, 508], "excluded_lines": []}, "deactivate_persona": {"executed_lines": [514, 517, 521, 522, 524, 525], "summary": {"covered_lines": 6, "num_statements": 12, "percent_covered": 50.0, "percent_covered_display": "50", "missing_lines": 6, "excluded_lines": 0}, "missing_lines": [518, 519, 527, 528, 529, 530], "excluded_lines": []}, "list_persona_commands": {"executed_lines": [], "summary": {"covered_lines": 0, "num_statements": 38, "percent_covered": 0.0, "percent_covered_display": "0", "missing_lines": 38, "excluded_lines": 0}, "missing_lines": [536, 539, 540, 541, 544, 546, 548, 549, 554, 556, 557, 558, 559, 561, 562, 569, 570, 571, 572, 573, 574, 575, 576, 577, 579, 580, 582, 585, 586, 587, 589, 591, 592, 593, 595, 596, 597, 598], "excluded_lines": []}, "execute_persona_command": {"executed_lines": [604, 607, 608, 609, 612, 615, 616, 617, 618, 619, 620, 621, 623, 628, 631, 640, 641, 642, 644, 645, 646, 647], "summary": {"covered_lines": 22, "num_statements": 22, "percent_covered": 100.0, "percent_covered_display": "100", "missing_lines": 0, "excluded_lines": 0}, "missing_lines": [], "excluded_lines": []}, "show_command_help": {"executed_lines": [653, 656, 657, 658, 661, 663, 664, 665, 666, 667, 668, 669, 671, 673, 674, 678, 679, 680, 681, 682, 683, 684, 685, 687, 688, 692, 700, 704, 705, 706, 707], "summary": {"covered_lines": 31, "num_statements": 33, "percent_covered": 93.93939393939394, "percent_covered_display": "94", "missing_lines": 2, "excluded_lines": 0}, "missing_lines": [696, 698], "excluded_lines": []}, "run_persona_task": {"executed_lines": [718, 721, 728, 735, 736, 745, 756, 757, 760, 761, 762, 763, 768, 771, 774, 775, 803, 804, 805, 806], "summary": {"covered_lines": 20, "num_statements": 43, "percent_covered": 46.51162790697674, "percent_covered_display": "47", "missing_lines": 23, "excluded_lines": 0}, "missing_lines": [722, 723, 726, 737, 738, 739, 740, 741, 742, 764, 765, 769, 770, 780, 784, 785, 786, 787, 789, 790, 791, 792, 795], "excluded_lines": []}, "render_persona_template": {"executed_lines": [820, 823, 830, 837, 838, 846, 857, 858, 861, 862, 869, 872, 877, 878, 901, 902, 903, 904, 915, 916, 917, 918], "summary": {"covered_lines": 22, "num_statements": 48, "percent_covered": 45.833333333333336, "percent_covered_display": "46", "missing_lines": 26, "excluded_lines": 0}, "missing_lines": [824, 825, 828, 839, 840, 841, 842, 843, 863, 864, 865, 866, 870, 871, 884, 885, 886, 887, 890, 891, 892, 893, 894, 896, 897, 907], "excluded_lines": []}, "execute_persona_checklist": {"executed_lines": [932, 935, 942, 949, 950, 959, 970, 971, 974, 975, 982, 985, 990, 991, 1024, 1025, 1026, 1027], "summary": {"covered_lines": 18, "num_statements": 45, "percent_covered": 40.0, "percent_covered_display": "40", "missing_lines": 27, "excluded_lines": 0}, "missing_lines": [936, 937, 940, 951, 952, 953, 954, 955, 956, 976, 977, 978, 979, 983, 984, 996, 1000, 1001, 1005, 1006, 1007, 1008, 1010, 1011, 1012, 1013, 1016], "excluded_lines": []}, "list_workflows": {"executed_lines": [1033], "summary": {"covered_lines": 1, "num_statements": 1, "percent_covered": 100.0, "percent_covered_display": "100", "missing_lines": 0, "excluded_lines": 0}, "missing_lines": [], "excluded_lines": []}, "workflow_status": {"executed_lines": [1039], "summary": {"covered_lines": 1, "num_statements": 1, "percent_covered": 100.0, "percent_covered_display": "100", "missing_lines": 0, "excluded_lines": 0}, "missing_lines": [], "excluded_lines": []}, "show_config": {"executed_lines": [1045], "summary": {"covered_lines": 1, "num_statements": 1, "percent_covered": 100.0, "percent_covered_display": "100", "missing_lines": 0, "excluded_lines": 0}, "missing_lines": [], "excluded_lines": []}, "validate_config": {"executed_lines": [1051], "summary": {"covered_lines": 1, "num_statements": 1, "percent_covered": 100.0, "percent_covered_display": "100", "missing_lines": 0, "excluded_lines": 0}, "missing_lines": [], "excluded_lines": []}, "run_tests": {"executed_lines": [1057], "summary": {"covered_lines": 1, "num_statements": 1, "percent_covered": 100.0, "percent_covered_display": "100", "missing_lines": 0, "excluded_lines": 0}, "missing_lines": [], "excluded_lines": []}, "run_linting": {"executed_lines": [1063], "summary": {"covered_lines": 1, "num_statements": 1, "percent_covered": 100.0, "percent_covered_display": "100", "missing_lines": 0, "excluded_lines": 0}, "missing_lines": [], "excluded_lines": []}, "bmad_inventory": {"executed_lines": [1079, 1080, 1085, 1088, 1091, 1094, 1095, 1102, 1103, 1104, 1106, 1107, 1109, 1111, 1125, 1126, 1127, 1128, 1131, 1132, 1134, 1135, 1136, 1139, 1140, 1141, 1142, 1144, 1145, 1146, 1147], "summary": {"covered_lines": 31, "num_statements": 40, "percent_covered": 77.5, "percent_covered_display": "78", "missing_lines": 9, "excluded_lines": 0}, "missing_lines": [1113, 1115, 1116, 1117, 1118, 1119, 1120, 1121, 1122], "excluded_lines": []}, "convert_persona": {"executed_lines": [1163, 1164, 1167, 1168, 1171, 1172, 1173, 1174, 1175, 1177, 1178, 1179, 1180, 1181, 1184, 1185, 1188, 1189, 1190, 1191, 1193, 1200, 1218, 1219, 1220, 1221, 1222, 1226, 1227, 1228, 1229], "summary": {"covered_lines": 31, "num_statements": 42, "percent_covered": 73.80952380952381, "percent_covered_display": "74", "missing_lines": 11, "excluded_lines": 0}, "missing_lines": [1194, 1195, 1196, 1197, 1201, 1204, 1206, 1212, 1213, 1215, 1224], "excluded_lines": []}, "convert_all_personas": {"executed_lines": [], "summary": {"covered_lines": 0, "num_statements": 49, "percent_covered": 0.0, "percent_covered_display": "0", "missing_lines": 49, "excluded_lines": 0}, "missing_lines": [1251, 1252, 1257, 1258, 1263, 1264, 1266, 1271, 1272, 1273, 1274, 1276, 1277, 1278, 1282, 1284, 1285, 1286, 1289, 1290, 1291, 1294, 1295, 1298, 1299, 1302, 1303, 1305, 1311, 1312, 1313, 1314, 1316, 1317, 1318, 1319, 1320, 1321, 1324, 1325, 1326, 1328, 1329, 1335, 1340, 1342, 1343, 1344, 1345], "excluded_lines": []}, "validate_converted_personas": {"executed_lines": [], "summary": {"covered_lines": 0, "num_statements": 50, "percent_covered": 0.0, "percent_covered_display": "0", "missing_lines": 50, "excluded_lines": 0}, "missing_lines": [1358, 1359, 1361, 1362, 1363, 1365, 1368, 1370, 1371, 1372, 1374, 1377, 1380, 1382, 1383, 1385, 1386, 1389, 1391, 1394, 1402, 1413, 1414, 1415, 1417, 1426, 1427, 1429, 1430, 1445, 1446, 1448, 1449, 1453, 1460, 1461, 1462, 1463, 1464, 1466, 1467, 1468, 1469, 1471, 1473, 1474, 1476, 1477, 1478, 1479], "excluded_lines": []}, "list_resources": {"executed_lines": [], "summary": {"covered_lines": 0, "num_statements": 30, "percent_covered": 0.0, "percent_covered_display": "0", "missing_lines": 30, "excluded_lines": 0}, "missing_lines": [1492, 1493, 1496, 1499, 1500, 1501, 1502, 1503, 1508, 1510, 1517, 1518, 1520, 1521, 1522, 1523, 1524, 1525, 1526, 1528, 1529, 1534, 1536, 1544, 1545, 1547, 1549, 1550, 1551, 1552], "excluded_lines": []}, "execute_task": {"executed_lines": [], "summary": {"covered_lines": 0, "num_statements": 41, "percent_covered": 0.0, "percent_covered_display": "0", "missing_lines": 41, "excluded_lines": 0}, "missing_lines": [1569, 1570, 1573, 1574, 1577, 1578, 1579, 1580, 1581, 1582, 1585, 1586, 1587, 1588, 1589, 1590, 1591, 1592, 1595, 1604, 1605, 1606, 1607, 1608, 1611, 1612, 1617, 1621, 1622, 1623, 1624, 1626, 1627, 1631, 1636, 1637, 1638, 1640, 1641, 1642, 1643], "excluded_lines": []}, "render_template": {"executed_lines": [], "summary": {"covered_lines": 0, "num_statements": 45, "percent_covered": 0.0, "percent_covered_display": "0", "missing_lines": 45, "excluded_lines": 0}, "missing_lines": [1660, 1661, 1664, 1665, 1668, 1669, 1670, 1671, 1672, 1673, 1676, 1677, 1678, 1679, 1680, 1681, 1682, 1683, 1686, 1691, 1692, 1693, 1694, 1695, 1700, 1701, 1707, 1708, 1709, 1710, 1713, 1714, 1715, 1716, 1717, 1719, 1720, 1724, 1725, 1726, 1727, 1729, 1730, 1731, 1732], "excluded_lines": []}, "execute_checklist": {"executed_lines": [], "summary": {"covered_lines": 0, "num_statements": 50, "percent_covered": 0.0, "percent_covered_display": "0", "missing_lines": 50, "excluded_lines": 0}, "missing_lines": [1755, 1756, 1759, 1760, 1763, 1764, 1765, 1766, 1767, 1768, 1771, 1772, 1773, 1774, 1775, 1776, 1777, 1778, 1781, 1786, 1787, 1788, 1789, 1790, 1795, 1796, 1801, 1805, 1806, 1810, 1811, 1812, 1813, 1816, 1818, 1819, 1820, 1821, 1823, 1824, 1825, 1827, 1829, 1830, 1831, 1832, 1834, 1835, 1836, 1837], "excluded_lines": []}, "preview_merged_persona": {"executed_lines": [], "summary": {"covered_lines": 0, "num_statements": 29, "percent_covered": 0.0, "percent_covered_display": "0", "missing_lines": 29, "excluded_lines": 0}, "missing_lines": [1850, 1851, 1852, 1854, 1855, 1856, 1858, 1861, 1862, 1863, 1864, 1865, 1868, 1869, 1870, 1871, 1874, 1875, 1876, 1877, 1882, 1885, 1886, 1887, 1888, 1890, 1891, 1892, 1893], "excluded_lines": []}, "list_overlays": {"executed_lines": [], "summary": {"covered_lines": 0, "num_statements": 39, "percent_covered": 0.0, "percent_covered_display": "0", "missing_lines": 39, "excluded_lines": 0}, "missing_lines": [1903, 1904, 1906, 1908, 1911, 1912, 1913, 1914, 1915, 1916, 1917, 1918, 1919, 1929, 1930, 1931, 1932, 1933, 1934, 1935, 1936, 1937, 1946, 1947, 1948, 1951, 1953, 1954, 1955, 1956, 1957, 1959, 1962, 1969, 1970, 1972, 1973, 1974, 1975], "excluded_lines": []}, "": {"executed_lines": [1, 3, 6, 7, 8, 9, 11, 12, 13, 14, 16, 17, 18, 19, 21, 24, 25, 29, 30, 34, 35, 36, 37, 39, 40, 43, 46, 47, 48, 49, 50, 53, 90, 91, 120, 121, 142, 143, 146, 154, 155, 258, 259, 336, 337, 411, 412, 481, 482, 511, 512, 533, 534, 601, 602, 650, 651, 710, 711, 809, 810, 921, 922, 1030, 1031, 1036, 1037, 1042, 1043, 1048, 1049, 1054, 1055, 1060, 1061, 1066, 1067, 1150, 1151, 1232, 1233, 1348, 1349, 1482, 1483, 1555, 1556, 1646, 1647, 1735, 1736, 1841, 1842, 1896, 1897], "summary": {"covered_lines": 94, "num_statements": 98, "percent_covered": 95.91836734693878, "percent_covered_display": "96", "missing_lines": 4, "excluded_lines": 0}, "missing_lines": [26, 27, 31, 32], "excluded_lines": []}}, "classes": {"": {"executed_lines": [1, 3, 6, 7, 8, 9, 11, 12, 13, 14, 16, 17, 18, 19, 21, 24, 25, 29, 30, 34, 35, 36, 37, 39, 40, 43, 46, 47, 48, 49, 50, 53, 64, 71, 72, 74, 75, 76, 77, 78, 80, 81, 83, 84, 85, 87, 90, 91, 93, 94, 95, 99, 100, 101, 103, 104, 105, 106, 108, 109, 111, 112, 114, 115, 116, 117, 120, 121, 123, 124, 125, 129, 130, 131, 133, 135, 136, 137, 138, 142, 143, 146, 149, 150, 151, 154, 155, 167, 168, 170, 171, 173, 174, 175, 178, 179, 180, 182, 183, 184, 185, 190, 191, 192, 193, 197, 198, 199, 201, 203, 208, 209, 210, 211, 212, 213, 214, 216, 218, 219, 220, 221, 222, 228, 230, 231, 232, 233, 235, 237, 240, 242, 244, 246, 247, 249, 250, 258, 259, 261, 262, 264, 265, 267, 268, 271, 272, 273, 279, 280, 281, 282, 284, 285, 289, 290, 292, 293, 294, 295, 297, 301, 302, 303, 304, 309, 312, 313, 330, 331, 332, 333, 336, 337, 339, 340, 342, 343, 345, 350, 351, 353, 355, 356, 357, 360, 361, 363, 364, 365, 368, 369, 370, 373, 375, 378, 379, 380, 382, 383, 384, 387, 388, 389, 390, 392, 393, 396, 397, 398, 400, 402, 403, 411, 412, 422, 423, 424, 426, 429, 430, 432, 433, 435, 448, 451, 460, 463, 464, 466, 469, 470, 473, 481, 482, 484, 487, 488, 489, 492, 494, 497, 498, 500, 501, 511, 512, 514, 517, 521, 522, 524, 525, 533, 534, 601, 602, 604, 607, 608, 609, 612, 615, 616, 617, 618, 619, 620, 621, 623, 628, 631, 640, 641, 642, 644, 645, 646, 647, 650, 651, 653, 656, 657, 658, 661, 663, 664, 665, 666, 667, 668, 669, 671, 673, 674, 678, 679, 680, 681, 682, 683, 684, 685, 687, 688, 692, 700, 704, 705, 706, 707, 710, 711, 718, 721, 728, 735, 736, 745, 756, 757, 760, 761, 762, 763, 768, 771, 774, 775, 803, 804, 805, 806, 809, 810, 820, 823, 830, 837, 838, 846, 857, 858, 861, 862, 869, 872, 877, 878, 901, 902, 903, 904, 915, 916, 917, 918, 921, 922, 932, 935, 942, 949, 950, 959, 970, 971, 974, 975, 982, 985, 990, 991, 1024, 1025, 1026, 1027, 1030, 1031, 1033, 1036, 1037, 1039, 1042, 1043, 1045, 1048, 1049, 1051, 1054, 1055, 1057, 1060, 1061, 1063, 1066, 1067, 1079, 1080, 1085, 1088, 1091, 1094, 1095, 1102, 1103, 1104, 1106, 1107, 1109, 1111, 1125, 1126, 1127, 1128, 1131, 1132, 1134, 1135, 1136, 1139, 1140, 1141, 1142, 1144, 1145, 1146, 1147, 1150, 1151, 1163, 1164, 1167, 1168, 1171, 1172, 1173, 1174, 1175, 1177, 1178, 1179, 1180, 1181, 1184, 1185, 1188, 1189, 1190, 1191, 1193, 1200, 1218, 1219, 1220, 1221, 1222, 1226, 1227, 1228, 1229, 1232, 1233, 1348, 1349, 1482, 1483, 1555, 1556, 1646, 1647, 1735, 1736, 1841, 1842, 1896, 1897], "summary": {"covered_lines": 477, "num_statements": 1003, "percent_covered": 47.557328015952145, "percent_covered_display": "48", "missing_lines": 526, "excluded_lines": 0}, "missing_lines": [26, 27, 31, 32, 204, 205, 224, 225, 226, 238, 252, 253, 254, 255, 274, 276, 314, 315, 316, 317, 318, 319, 320, 321, 322, 325, 326, 346, 347, 405, 406, 407, 408, 425, 427, 436, 439, 440, 441, 442, 444, 465, 467, 475, 476, 477, 478, 505, 506, 507, 508, 518, 519, 527, 528, 529, 530, 536, 539, 540, 541, 544, 546, 548, 549, 554, 556, 557, 558, 559, 561, 562, 569, 570, 571, 572, 573, 574, 575, 576, 577, 579, 580, 582, 585, 586, 587, 589, 591, 592, 593, 595, 596, 597, 598, 696, 698, 722, 723, 726, 737, 738, 739, 740, 741, 742, 764, 765, 769, 770, 780, 784, 785, 786, 787, 789, 790, 791, 792, 795, 824, 825, 828, 839, 840, 841, 842, 843, 863, 864, 865, 866, 870, 871, 884, 885, 886, 887, 890, 891, 892, 893, 894, 896, 897, 907, 936, 937, 940, 951, 952, 953, 954, 955, 956, 976, 977, 978, 979, 983, 984, 996, 1000, 1001, 1005, 1006, 1007, 1008, 1010, 1011, 1012, 1013, 1016, 1113, 1115, 1116, 1117, 1118, 1119, 1120, 1121, 1122, 1194, 1195, 1196, 1197, 1201, 1204, 1206, 1212, 1213, 1215, 1224, 1251, 1252, 1257, 1258, 1263, 1264, 1266, 1271, 1272, 1273, 1274, 1276, 1277, 1278, 1282, 1284, 1285, 1286, 1289, 1290, 1291, 1294, 1295, 1298, 1299, 1302, 1303, 1305, 1311, 1312, 1313, 1314, 1316, 1317, 1318, 1319, 1320, 1321, 1324, 1325, 1326, 1328, 1329, 1335, 1340, 1342, 1343, 1344, 1345, 1358, 1359, 1361, 1362, 1363, 1365, 1368, 1370, 1371, 1372, 1374, 1377, 1380, 1382, 1383, 1385, 1386, 1389, 1391, 1394, 1402, 1413, 1414, 1415, 1417, 1426, 1427, 1429, 1430, 1445, 1446, 1448, 1449, 1453, 1460, 1461, 1462, 1463, 1464, 1466, 1467, 1468, 1469, 1471, 1473, 1474, 1476, 1477, 1478, 1479, 1492, 1493, 1496, 1499, 1500, 1501, 1502, 1503, 1508, 1510, 1517, 1518, 1520, 1521, 1522, 1523, 1524, 1525, 1526, 1528, 1529, 1534, 1536, 1544, 1545, 1547, 1549, 1550, 1551, 1552, 1569, 1570, 1573, 1574, 1577, 1578, 1579, 1580, 1581, 1582, 1585, 1586, 1587, 1588, 1589, 1590, 1591, 1592, 1595, 1604, 1605, 1606, 1607, 1608, 1611, 1612, 1617, 1621, 1622, 1623, 1624, 1626, 1627, 1631, 1636, 1637, 1638, 1640, 1641, 1642, 1643, 1660, 1661, 1664, 1665, 1668, 1669, 1670, 1671, 1672, 1673, 1676, 1677, 1678, 1679, 1680, 1681, 1682, 1683, 1686, 1691, 1692, 1693, 1694, 1695, 1700, 1701, 1707, 1708, 1709, 1710, 1713, 1714, 1715, 1716, 1717, 1719, 1720, 1724, 1725, 1726, 1727, 1729, 1730, 1731, 1732, 1755, 1756, 1759, 1760, 1763, 1764, 1765, 1766, 1767, 1768, 1771, 1772, 1773, 1774, 1775, 1776, 1777, 1778, 1781, 1786, 1787, 1788, 1789, 1790, 1795, 1796, 1801, 1805, 1806, 1810, 1811, 1812, 1813, 1816, 1818, 1819, 1820, 1821, 1823, 1824, 1825, 1827, 1829, 1830, 1831, 1832, 1834, 1835, 1836, 1837, 1850, 1851, 1852, 1854, 1855, 1856, 1858, 1861, 1862, 1863, 1864, 1865, 1868, 1869, 1870, 1871, 1874, 1875, 1876, 1877, 1882, 1885, 1886, 1887, 1888, 1890, 1891, 1892, 1893, 1903, 1904, 1906, 1908, 1911, 1912, 1913, 1914, 1915, 1916, 1917, 1918, 1919, 1929, 1930, 1931, 1932, 1933, 1934, 1935, 1936, 1937, 1946, 1947, 1948, 1951, 1953, 1954, 1955, 1956, 1957, 1959, 1962, 1969, 1970, 1972, 1973, 1974, 1975], "excluded_lines": []}}}, "orchestra/cli/main.py": {"executed_lines": [1, 3, 4, 5, 7, 8, 9, 11, 12, 20, 21, 22, 23, 26, 29, 32, 41, 42, 45, 46, 47, 48, 49, 52, 57, 60, 61, 81, 83, 84, 85, 86, 88, 91, 94, 95, 97, 100, 103, 104, 105, 108, 109, 111, 117, 118, 119, 120, 123, 124, 126, 127, 130, 133, 134, 140, 141, 143, 146, 150, 151, 153, 154, 155, 157, 158, 159, 167, 168, 170, 171, 174, 175, 178, 179, 181, 182, 186, 188, 189, 190, 191, 192, 194, 197, 198, 201, 202, 207, 209, 210, 211, 221, 222, 224, 225, 232, 234, 235, 236, 237, 238, 239, 240, 241, 244], "summary": {"covered_lines": 105, "num_statements": 119, "percent_covered": 88.23529411764706, "percent_covered_display": "88", "missing_lines": 14, "excluded_lines": 0}, "missing_lines": [144, 161, 162, 163, 164, 204, 215, 218, 219, 226, 227, 228, 229, 245], "excluded_lines": [], "functions": {"main": {"executed_lines": [81, 83, 84, 85, 86, 88, 91, 94, 95, 97, 100, 103, 104, 105, 108, 109, 111, 117, 118, 119, 120], "summary": {"covered_lines": 21, "num_statements": 21, "percent_covered": 100.0, "percent_covered_display": "100", "missing_lines": 0, "excluded_lines": 0}, "missing_lines": [], "excluded_lines": []}, "version": {"executed_lines": [126, 127, 130], "summary": {"covered_lines": 3, "num_statements": 3, "percent_covered": 100.0, "percent_covered_display": "100", "missing_lines": 0, "excluded_lines": 0}, "missing_lines": [], "excluded_lines": []}, "serve": {"executed_lines": [140, 141, 143, 146, 150, 151, 153, 154, 155, 157, 158, 159], "summary": {"covered_lines": 12, "num_statements": 17, "percent_covered": 70.58823529411765, "percent_covered_display": "71", "missing_lines": 5, "excluded_lines": 0}, "missing_lines": [144, 161, 162, 163, 164], "excluded_lines": []}, "health": {"executed_lines": [170, 171, 174, 175, 178, 179, 181, 182, 186, 188, 189, 190, 191, 192, 194, 197, 198, 201, 202, 207, 209, 210, 211, 221, 222, 224, 225], "summary": {"covered_lines": 27, "num_statements": 35, "percent_covered": 77.14285714285714, "percent_covered_display": "77", "missing_lines": 8, "excluded_lines": 0}, "missing_lines": [204, 215, 218, 219, 226, 227, 228, 229], "excluded_lines": []}, "run_async_command": {"executed_lines": [234, 235, 236, 237, 238, 239, 240, 241], "summary": {"covered_lines": 8, "num_statements": 8, "percent_covered": 100.0, "percent_covered_display": "100", "missing_lines": 0, "excluded_lines": 0}, "missing_lines": [], "excluded_lines": []}, "": {"executed_lines": [1, 3, 4, 5, 7, 8, 9, 11, 12, 20, 21, 22, 23, 26, 29, 32, 41, 42, 45, 46, 47, 48, 49, 52, 57, 60, 61, 123, 124, 133, 134, 167, 168, 232, 244], "summary": {"covered_lines": 34, "num_statements": 35, "percent_covered": 97.14285714285714, "percent_covered_display": "97", "missing_lines": 1, "excluded_lines": 0}, "missing_lines": [245], "excluded_lines": []}}, "classes": {"": {"executed_lines": [1, 3, 4, 5, 7, 8, 9, 11, 12, 20, 21, 22, 23, 26, 29, 32, 41, 42, 45, 46, 47, 48, 49, 52, 57, 60, 61, 81, 83, 84, 85, 86, 88, 91, 94, 95, 97, 100, 103, 104, 105, 108, 109, 111, 117, 118, 119, 120, 123, 124, 126, 127, 130, 133, 134, 140, 141, 143, 146, 150, 151, 153, 154, 155, 157, 158, 159, 167, 168, 170, 171, 174, 175, 178, 179, 181, 182, 186, 188, 189, 190, 191, 192, 194, 197, 198, 201, 202, 207, 209, 210, 211, 221, 222, 224, 225, 232, 234, 235, 236, 237, 238, 239, 240, 241, 244], "summary": {"covered_lines": 105, "num_statements": 119, "percent_covered": 88.23529411764706, "percent_covered_display": "88", "missing_lines": 14, "excluded_lines": 0}, "missing_lines": [144, 161, 162, 163, 164, 204, 215, 218, 219, 226, 227, 228, 229, 245], "excluded_lines": []}}}, "orchestra/cli/output.py": {"executed_lines": [1, 3, 5, 6, 7, 8, 9, 10, 13, 15, 18, 20, 23, 25, 28, 30, 33, 35, 39, 42, 44, 47, 49, 52, 54, 57, 59, 62, 64, 66, 67, 68, 69, 71, 72, 73, 75, 82, 85, 87, 91, 92, 93, 94, 95, 97, 98, 105, 106, 108, 116, 119, 123, 128, 129, 130, 139, 140, 149, 152, 156, 158, 161, 162, 163, 164, 165, 166, 169, 170, 171, 172, 174, 177, 181, 183, 184, 186, 187, 190, 194, 198, 199, 200, 201, 203, 211, 212, 217, 219, 227, 229, 232, 233, 234, 236, 239, 240, 241, 244, 245, 247, 248, 250, 253, 254, 255, 256, 257, 260, 261, 264, 267, 269, 270, 273, 275, 277, 278, 279, 280, 282, 290, 291], "summary": {"covered_lines": 123, "num_statements": 123, "percent_covered": 100.0, "percent_covered_display": "100", "missing_lines": 0, "excluded_lines": 0}, "missing_lines": [], "excluded_lines": [], "functions": {"error_panel": {"executed_lines": [15], "summary": {"covered_lines": 1, "num_statements": 1, "percent_covered": 100.0, "percent_covered_display": "100", "missing_lines": 0, "excluded_lines": 0}, "missing_lines": [], "excluded_lines": []}, "info_panel": {"executed_lines": [20], "summary": {"covered_lines": 1, "num_statements": 1, "percent_covered": 100.0, "percent_covered_display": "100", "missing_lines": 0, "excluded_lines": 0}, "missing_lines": [], "excluded_lines": []}, "success_panel": {"executed_lines": [25], "summary": {"covered_lines": 1, "num_statements": 1, "percent_covered": 100.0, "percent_covered_display": "100", "missing_lines": 0, "excluded_lines": 0}, "missing_lines": [], "excluded_lines": []}, "warning_panel": {"executed_lines": [30], "summary": {"covered_lines": 1, "num_statements": 1, "percent_covered": 100.0, "percent_covered_display": "100", "missing_lines": 0, "excluded_lines": 0}, "missing_lines": [], "excluded_lines": []}, "display_banner": {"executed_lines": [35, 39], "summary": {"covered_lines": 2, "num_statements": 2, "percent_covered": 100.0, "percent_covered_display": "100", "missing_lines": 0, "excluded_lines": 0}, "missing_lines": [], "excluded_lines": []}, "display_success": {"executed_lines": [44], "summary": {"covered_lines": 1, "num_statements": 1, "percent_covered": 100.0, "percent_covered_display": "100", "missing_lines": 0, "excluded_lines": 0}, "missing_lines": [], "excluded_lines": []}, "display_error": {"executed_lines": [49], "summary": {"covered_lines": 1, "num_statements": 1, "percent_covered": 100.0, "percent_covered_display": "100", "missing_lines": 0, "excluded_lines": 0}, "missing_lines": [], "excluded_lines": []}, "display_warning": {"executed_lines": [54], "summary": {"covered_lines": 1, "num_statements": 1, "percent_covered": 100.0, "percent_covered_display": "100", "missing_lines": 0, "excluded_lines": 0}, "missing_lines": [], "excluded_lines": []}, "display_info": {"executed_lines": [59], "summary": {"covered_lines": 1, "num_statements": 1, "percent_covered": 100.0, "percent_covered_display": "100", "missing_lines": 0, "excluded_lines": 0}, "missing_lines": [], "excluded_lines": []}, "display_agent_status": {"executed_lines": [64, 66, 67, 68, 69, 71, 72, 73, 75, 82], "summary": {"covered_lines": 10, "num_statements": 10, "percent_covered": 100.0, "percent_covered_display": "100", "missing_lines": 0, "excluded_lines": 0}, "missing_lines": [], "excluded_lines": []}, "display_workflow_status": {"executed_lines": [87, 91, 92, 93, 94, 95, 97, 98, 105, 106, 108, 116], "summary": {"covered_lines": 12, "num_statements": 12, "percent_covered": 100.0, "percent_covered_display": "100", "missing_lines": 0, "excluded_lines": 0}, "missing_lines": [], "excluded_lines": []}, "display_code_diff": {"executed_lines": [123, 128, 129, 130, 139, 140, 149], "summary": {"covered_lines": 7, "num_statements": 7, "percent_covered": 100.0, "percent_covered_display": "100", "missing_lines": 0, "excluded_lines": 0}, "missing_lines": [], "excluded_lines": []}, "display_config_tree": {"executed_lines": [156, 158, 186, 187], "summary": {"covered_lines": 4, "num_statements": 4, "percent_covered": 100.0, "percent_covered_display": "100", "missing_lines": 0, "excluded_lines": 0}, "missing_lines": [], "excluded_lines": []}, "display_config_tree.add_dict_to_tree": {"executed_lines": [161, 162, 163, 164, 165, 166, 169, 170, 171, 172, 174, 177, 181, 183, 184], "summary": {"covered_lines": 15, "num_statements": 15, "percent_covered": 100.0, "percent_covered_display": "100", "missing_lines": 0, "excluded_lines": 0}, "missing_lines": [], "excluded_lines": []}, "display_logs": {"executed_lines": [194, 198, 199, 200, 201, 203, 211, 212], "summary": {"covered_lines": 8, "num_statements": 8, "percent_covered": 100.0, "percent_covered_display": "100", "missing_lines": 0, "excluded_lines": 0}, "missing_lines": [], "excluded_lines": []}, "create_progress_bar": {"executed_lines": [219], "summary": {"covered_lines": 1, "num_statements": 1, "percent_covered": 100.0, "percent_covered_display": "100", "missing_lines": 0, "excluded_lines": 0}, "missing_lines": [], "excluded_lines": []}, "display_security_scan_results": {"executed_lines": [229, 232, 233, 234, 236, 239, 240, 241, 244, 245, 247, 248, 250, 253, 254, 255, 256, 257, 260, 261, 264, 267, 269, 270], "summary": {"covered_lines": 24, "num_statements": 24, "percent_covered": 100.0, "percent_covered_display": "100", "missing_lines": 0, "excluded_lines": 0}, "missing_lines": [], "excluded_lines": []}, "display_task_progress": {"executed_lines": [275, 277, 278, 279, 280, 282, 290, 291], "summary": {"covered_lines": 8, "num_statements": 8, "percent_covered": 100.0, "percent_covered_display": "100", "missing_lines": 0, "excluded_lines": 0}, "missing_lines": [], "excluded_lines": []}, "": {"executed_lines": [1, 3, 5, 6, 7, 8, 9, 10, 13, 18, 23, 28, 33, 42, 47, 52, 57, 62, 85, 119, 152, 190, 217, 227, 273], "summary": {"covered_lines": 24, "num_statements": 24, "percent_covered": 100.0, "percent_covered_display": "100", "missing_lines": 0, "excluded_lines": 0}, "missing_lines": [], "excluded_lines": []}}, "classes": {"": {"executed_lines": [1, 3, 5, 6, 7, 8, 9, 10, 13, 15, 18, 20, 23, 25, 28, 30, 33, 35, 39, 42, 44, 47, 49, 52, 54, 57, 59, 62, 64, 66, 67, 68, 69, 71, 72, 73, 75, 82, 85, 87, 91, 92, 93, 94, 95, 97, 98, 105, 106, 108, 116, 119, 123, 128, 129, 130, 139, 140, 149, 152, 156, 158, 161, 162, 163, 164, 165, 166, 169, 170, 171, 172, 174, 177, 181, 183, 184, 186, 187, 190, 194, 198, 199, 200, 201, 203, 211, 212, 217, 219, 227, 229, 232, 233, 234, 236, 239, 240, 241, 244, 245, 247, 248, 250, 253, 254, 255, 256, 257, 260, 261, 264, 267, 269, 270, 273, 275, 277, 278, 279, 280, 282, 290, 291], "summary": {"covered_lines": 123, "num_statements": 123, "percent_covered": 100.0, "percent_covered_display": "100", "missing_lines": 0, "excluded_lines": 0}, "missing_lines": [], "excluded_lines": []}}}, "orchestra/cli/security_commands.py": {"executed_lines": [1, 5, 6, 7, 8, 10, 11, 12, 14, 17, 20, 27, 28, 32, 33, 36, 38, 39, 42, 44, 45, 46, 47, 50, 53, 59, 64, 67, 70, 74, 77, 82, 83, 84, 85, 92, 97, 100, 101, 102, 105, 106, 110, 111, 112, 115, 116, 120, 121, 122, 124, 125, 127, 129, 130, 131, 133, 134, 135, 136, 137, 138, 139, 141, 143, 144, 145, 146, 147, 148, 149, 150, 154, 155, 157, 166, 173, 174, 188, 189, 191, 194, 197, 198, 199, 200, 215, 217, 218, 219, 237, 238, 239, 242, 243, 247, 248, 250, 251, 254, 255, 262, 265, 266, 271, 274, 275, 280, 285, 286, 291, 296, 297, 298, 302, 307, 308, 309, 310, 313, 316, 318, 319, 320, 323, 324, 332, 333, 334, 336, 338, 339, 341, 342, 344, 347, 348, 350, 352, 353, 354, 358, 389], "summary": {"covered_lines": 142, "num_statements": 172, "percent_covered": 82.55813953488372, "percent_covered_display": "83", "missing_lines": 30, "excluded_lines": 0}, "missing_lines": [151, 152, 168, 169, 170, 201, 202, 205, 206, 207, 208, 210, 211, 212, 221, 222, 223, 230, 363, 364, 367, 375, 376, 379, 380, 381, 383, 385, 386, 390], "excluded_lines": [], "functions": {"security_status": {"executed_lines": [32, 33, 36, 38, 39, 42, 44, 45, 46, 47, 50, 53, 59, 64, 67, 70, 74, 77, 82, 83, 84, 85, 92, 97, 100, 101, 102, 105, 106, 110, 111, 112], "summary": {"covered_lines": 32, "num_statements": 32, "percent_covered": 100.0, "percent_covered_display": "100", "missing_lines": 0, "excluded_lines": 0}, "missing_lines": [], "excluded_lines": []}, "list_agent_metrics": {"executed_lines": [120, 121, 122, 124, 125, 127, 129, 130, 131, 133, 134, 135, 136, 137, 138, 139, 141, 143, 144, 145, 146, 147, 148, 149, 150, 154, 155, 157, 166], "summary": {"covered_lines": 29, "num_statements": 34, "percent_covered": 85.29411764705883, "percent_covered_display": "85", "missing_lines": 5, "excluded_lines": 0}, "missing_lines": [151, 152, 168, 169, 170], "excluded_lines": []}, "show_security_logs": {"executed_lines": [188, 189, 191, 194, 197, 198, 199, 200, 215, 217, 218, 219, 237, 238, 239], "summary": {"covered_lines": 15, "num_statements": 28, "percent_covered": 53.57142857142857, "percent_covered_display": "54", "missing_lines": 13, "excluded_lines": 0}, "missing_lines": [201, 202, 205, 206, 207, 208, 210, 211, 212, 221, 222, 223, 230], "excluded_lines": []}, "test_security_monitoring": {"executed_lines": [247, 248, 250, 251, 254, 255, 262, 265, 266, 271, 274, 275, 280, 285, 286, 291, 296, 297, 298, 302, 307, 308, 309, 310, 313, 316, 318, 319, 320], "summary": {"covered_lines": 29, "num_statements": 29, "percent_covered": 100.0, "percent_covered_display": "100", "missing_lines": 0, "excluded_lines": 0}, "missing_lines": [], "excluded_lines": []}, "generate_security_report": {"executed_lines": [332, 333, 334, 336, 338, 339, 341, 342, 344, 347, 348, 350, 352, 353, 354], "summary": {"covered_lines": 15, "num_statements": 15, "percent_covered": 100.0, "percent_covered_display": "100", "missing_lines": 0, "excluded_lines": 0}, "missing_lines": [], "excluded_lines": []}, "security_health_check": {"executed_lines": [], "summary": {"covered_lines": 0, "num_statements": 11, "percent_covered": 0.0, "percent_covered_display": "0", "missing_lines": 11, "excluded_lines": 0}, "missing_lines": [363, 364, 367, 375, 376, 379, 380, 381, 383, 385, 386], "excluded_lines": []}, "": {"executed_lines": [1, 5, 6, 7, 8, 10, 11, 12, 14, 17, 20, 27, 28, 115, 116, 173, 174, 242, 243, 323, 324, 358, 389], "summary": {"covered_lines": 22, "num_statements": 23, "percent_covered": 95.65217391304348, "percent_covered_display": "96", "missing_lines": 1, "excluded_lines": 0}, "missing_lines": [390], "excluded_lines": []}}, "classes": {"": {"executed_lines": [1, 5, 6, 7, 8, 10, 11, 12, 14, 17, 20, 27, 28, 32, 33, 36, 38, 39, 42, 44, 45, 46, 47, 50, 53, 59, 64, 67, 70, 74, 77, 82, 83, 84, 85, 92, 97, 100, 101, 102, 105, 106, 110, 111, 112, 115, 116, 120, 121, 122, 124, 125, 127, 129, 130, 131, 133, 134, 135, 136, 137, 138, 139, 141, 143, 144, 145, 146, 147, 148, 149, 150, 154, 155, 157, 166, 173, 174, 188, 189, 191, 194, 197, 198, 199, 200, 215, 217, 218, 219, 237, 238, 239, 242, 243, 247, 248, 250, 251, 254, 255, 262, 265, 266, 271, 274, 275, 280, 285, 286, 291, 296, 297, 298, 302, 307, 308, 309, 310, 313, 316, 318, 319, 320, 323, 324, 332, 333, 334, 336, 338, 339, 341, 342, 344, 347, 348, 350, 352, 353, 354, 358, 389], "summary": {"covered_lines": 142, "num_statements": 172, "percent_covered": 82.55813953488372, "percent_covered_display": "83", "missing_lines": 30, "excluded_lines": 0}, "missing_lines": [151, 152, 168, 169, 170, 201, 202, 205, 206, 207, 208, 210, 211, 212, 221, 222, 223, 230, 363, 364, 367, 375, 376, 379, 380, 381, 383, 385, 386, 390], "excluded_lines": []}}}, "orchestra/config/__init__.py": {"executed_lines": [1], "summary": {"covered_lines": 0, "num_statements": 0, "percent_covered": 100.0, "percent_covered_display": "100", "missing_lines": 0, "excluded_lines": 0}, "missing_lines": [], "excluded_lines": [], "functions": {"": {"executed_lines": [1], "summary": {"covered_lines": 0, "num_statements": 0, "percent_covered": 100.0, "percent_covered_display": "100", "missing_lines": 0, "excluded_lines": 0}, "missing_lines": [], "excluded_lines": []}}, "classes": {"": {"executed_lines": [1], "summary": {"covered_lines": 0, "num_statements": 0, "percent_covered": 100.0, "percent_covered_display": "100", "missing_lines": 0, "excluded_lines": 0}, "missing_lines": [], "excluded_lines": []}}}, "orchestra/config/settings.py": {"executed_lines": [1, 3, 4, 7, 8, 10, 11, 12, 13, 14, 16, 18, 19, 21, 24, 25, 27, 28, 29, 30, 32, 34, 35, 40, 41, 43, 44, 45, 48, 49, 51, 53, 54, 55, 57, 58, 59, 62, 63, 65, 66, 67, 68, 71, 74, 76, 79, 80, 82, 83, 84, 86, 89, 90, 92, 95, 98, 102, 106, 109, 110, 112, 113, 114, 116, 118, 119, 120, 122, 123, 125, 128, 129, 132, 133, 134, 138, 141, 142, 143, 144, 145, 146, 147, 149, 153, 154, 155, 157, 158, 160, 162, 166, 170, 176, 179, 182, 183, 184, 187], "summary": {"covered_lines": 91, "num_statements": 99, "percent_covered": 91.91919191919192, "percent_covered_display": "92", "missing_lines": 8, "excluded_lines": 0}, "missing_lines": [37, 124, 159, 164, 168, 172, 190, 191], "excluded_lines": [], "functions": {"DatabaseSettings.url": {"executed_lines": [21], "summary": {"covered_lines": 1, "num_statements": 1, "percent_covered": 100.0, "percent_covered_display": "100", "missing_lines": 0, "excluded_lines": 0}, "missing_lines": [], "excluded_lines": []}, "TemporalSettings.address": {"executed_lines": [], "summary": {"covered_lines": 0, "num_statements": 1, "percent_covered": 0.0, "percent_covered_display": "0", "missing_lines": 1, "excluded_lines": 0}, "missing_lines": [37], "excluded_lines": []}, "OpenAISettings.validate_api_key": {"executed_lines": [57, 58, 59], "summary": {"covered_lines": 3, "num_statements": 3, "percent_covered": 100.0, "percent_covered_display": "100", "missing_lines": 0, "excluded_lines": 0}, "missing_lines": [], "excluded_lines": []}, "LoggingSettings.validate_log_level": {"executed_lines": [122, 123, 125], "summary": {"covered_lines": 3, "num_statements": 4, "percent_covered": 75.0, "percent_covered_display": "75", "missing_lines": 1, "excluded_lines": 0}, "missing_lines": [124], "excluded_lines": []}, "Settings.validate_environment": {"executed_lines": [157, 158, 160], "summary": {"covered_lines": 3, "num_statements": 4, "percent_covered": 75.0, "percent_covered_display": "75", "missing_lines": 1, "excluded_lines": 0}, "missing_lines": [159], "excluded_lines": []}, "Settings.is_production": {"executed_lines": [], "summary": {"covered_lines": 0, "num_statements": 1, "percent_covered": 0.0, "percent_covered_display": "0", "missing_lines": 1, "excluded_lines": 0}, "missing_lines": [164], "excluded_lines": []}, "Settings.is_development": {"executed_lines": [], "summary": {"covered_lines": 0, "num_statements": 1, "percent_covered": 0.0, "percent_covered_display": "0", "missing_lines": 1, "excluded_lines": 0}, "missing_lines": [168], "excluded_lines": []}, "Settings.is_test": {"executed_lines": [], "summary": {"covered_lines": 0, "num_statements": 1, "percent_covered": 0.0, "percent_covered_display": "0", "missing_lines": 1, "excluded_lines": 0}, "missing_lines": [172], "excluded_lines": []}, "get_settings": {"executed_lines": [182, 183, 184], "summary": {"covered_lines": 3, "num_statements": 3, "percent_covered": 100.0, "percent_covered_display": "100", "missing_lines": 0, "excluded_lines": 0}, "missing_lines": [], "excluded_lines": []}, "reload_settings": {"executed_lines": [], "summary": {"covered_lines": 0, "num_statements": 2, "percent_covered": 0.0, "percent_covered_display": "0", "missing_lines": 2, "excluded_lines": 0}, "missing_lines": [190, 191], "excluded_lines": []}, "": {"executed_lines": [1, 3, 4, 7, 8, 10, 11, 12, 13, 14, 16, 18, 19, 24, 25, 27, 28, 29, 30, 32, 34, 35, 40, 41, 43, 44, 45, 48, 49, 51, 53, 54, 55, 62, 63, 65, 66, 67, 68, 71, 74, 76, 79, 80, 82, 83, 84, 86, 89, 90, 92, 95, 98, 102, 106, 109, 110, 112, 113, 114, 116, 118, 119, 120, 128, 129, 132, 133, 134, 138, 141, 142, 143, 144, 145, 146, 147, 149, 153, 154, 155, 162, 166, 170, 176, 179, 187], "summary": {"covered_lines": 78, "num_statements": 78, "percent_covered": 100.0, "percent_covered_display": "100", "missing_lines": 0, "excluded_lines": 0}, "missing_lines": [], "excluded_lines": []}}, "classes": {"DatabaseSettings": {"executed_lines": [21], "summary": {"covered_lines": 1, "num_statements": 1, "percent_covered": 100.0, "percent_covered_display": "100", "missing_lines": 0, "excluded_lines": 0}, "missing_lines": [], "excluded_lines": []}, "TemporalSettings": {"executed_lines": [], "summary": {"covered_lines": 0, "num_statements": 1, "percent_covered": 0.0, "percent_covered_display": "0", "missing_lines": 1, "excluded_lines": 0}, "missing_lines": [37], "excluded_lines": []}, "OpenAISettings": {"executed_lines": [57, 58, 59], "summary": {"covered_lines": 3, "num_statements": 3, "percent_covered": 100.0, "percent_covered_display": "100", "missing_lines": 0, "excluded_lines": 0}, "missing_lines": [], "excluded_lines": []}, "QdrantSettings": {"executed_lines": [], "summary": {"covered_lines": 0, "num_statements": 0, "percent_covered": 100.0, "percent_covered_display": "100", "missing_lines": 0, "excluded_lines": 0}, "missing_lines": [], "excluded_lines": []}, "GitHubSettings": {"executed_lines": [], "summary": {"covered_lines": 0, "num_statements": 0, "percent_covered": 100.0, "percent_covered_display": "100", "missing_lines": 0, "excluded_lines": 0}, "missing_lines": [], "excluded_lines": []}, "SecuritySettings": {"executed_lines": [], "summary": {"covered_lines": 0, "num_statements": 0, "percent_covered": 100.0, "percent_covered_display": "100", "missing_lines": 0, "excluded_lines": 0}, "missing_lines": [], "excluded_lines": []}, "LoggingSettings": {"executed_lines": [122, 123, 125], "summary": {"covered_lines": 3, "num_statements": 4, "percent_covered": 75.0, "percent_covered_display": "75", "missing_lines": 1, "excluded_lines": 0}, "missing_lines": [124], "excluded_lines": []}, "Settings": {"executed_lines": [157, 158, 160], "summary": {"covered_lines": 3, "num_statements": 7, "percent_covered": 42.857142857142854, "percent_covered_display": "43", "missing_lines": 4, "excluded_lines": 0}, "missing_lines": [159, 164, 168, 172], "excluded_lines": []}, "": {"executed_lines": [1, 3, 4, 7, 8, 10, 11, 12, 13, 14, 16, 18, 19, 24, 25, 27, 28, 29, 30, 32, 34, 35, 40, 41, 43, 44, 45, 48, 49, 51, 53, 54, 55, 62, 63, 65, 66, 67, 68, 71, 74, 76, 79, 80, 82, 83, 84, 86, 89, 90, 92, 95, 98, 102, 106, 109, 110, 112, 113, 114, 116, 118, 119, 120, 128, 129, 132, 133, 134, 138, 141, 142, 143, 144, 145, 146, 147, 149, 153, 154, 155, 162, 166, 170, 176, 179, 182, 183, 184, 187], "summary": {"covered_lines": 81, "num_statements": 83, "percent_covered": 97.59036144578313, "percent_covered_display": "98", "missing_lines": 2, "excluded_lines": 0}, "missing_lines": [190, 191], "excluded_lines": []}}}, "orchestra/models/__init__.py": {"executed_lines": [1], "summary": {"covered_lines": 0, "num_statements": 0, "percent_covered": 100.0, "percent_covered_display": "100", "missing_lines": 0, "excluded_lines": 0}, "missing_lines": [], "excluded_lines": [], "functions": {"": {"executed_lines": [1], "summary": {"covered_lines": 0, "num_statements": 0, "percent_covered": 100.0, "percent_covered_display": "100", "missing_lines": 0, "excluded_lines": 0}, "missing_lines": [], "excluded_lines": []}}, "classes": {"": {"executed_lines": [1], "summary": {"covered_lines": 0, "num_statements": 0, "percent_covered": 100.0, "percent_covered_display": "100", "missing_lines": 0, "excluded_lines": 0}, "missing_lines": [], "excluded_lines": []}}}, "orchestra/models/knowledge.py": {"executed_lines": [1, 3, 4, 5, 6, 7, 10, 11, 12, 13, 14, 15, 18, 19, 20, 21, 22, 25, 26, 27, 28, 29, 30, 33, 34, 35, 36, 37, 40, 41, 42, 43, 44, 47, 48, 49, 50, 51, 52, 53, 54, 55, 56, 57, 59, 60, 63, 64, 65, 66, 67, 68, 69, 70, 71, 72, 75, 76, 77, 78, 79, 80, 81, 82, 85, 86, 87, 88, 89, 90, 91, 92, 93, 94, 95, 96, 97, 98, 99, 100, 103, 104, 105, 106, 107, 108, 109, 110, 113, 114, 115, 116, 117, 118, 119], "summary": {"covered_lines": 94, "num_statements": 94, "percent_covered": 100.0, "percent_covered_display": "100", "missing_lines": 0, "excluded_lines": 0}, "missing_lines": [], "excluded_lines": [], "functions": {"KnowledgeMetadata.get": {"executed_lines": [60], "summary": {"covered_lines": 1, "num_statements": 1, "percent_covered": 100.0, "percent_covered_display": "100", "missing_lines": 0, "excluded_lines": 0}, "missing_lines": [], "excluded_lines": []}, "": {"executed_lines": [1, 3, 4, 5, 6, 7, 10, 11, 12, 13, 14, 15, 18, 19, 20, 21, 22, 25, 26, 27, 28, 29, 30, 33, 34, 35, 36, 37, 40, 41, 42, 43, 44, 47, 48, 49, 50, 51, 52, 53, 54, 55, 56, 57, 59, 63, 64, 65, 66, 67, 68, 69, 70, 71, 72, 75, 76, 77, 78, 79, 80, 81, 82, 85, 86, 87, 88, 89, 90, 91, 92, 93, 94, 95, 96, 97, 98, 99, 100, 103, 104, 105, 106, 107, 108, 109, 110, 113, 114, 115, 116, 117, 118, 119], "summary": {"covered_lines": 93, "num_statements": 93, "percent_covered": 100.0, "percent_covered_display": "100", "missing_lines": 0, "excluded_lines": 0}, "missing_lines": [], "excluded_lines": []}}, "classes": {"ConflictType": {"executed_lines": [], "summary": {"covered_lines": 0, "num_statements": 0, "percent_covered": 100.0, "percent_covered_display": "100", "missing_lines": 0, "excluded_lines": 0}, "missing_lines": [], "excluded_lines": []}, "SeverityLevel": {"executed_lines": [], "summary": {"covered_lines": 0, "num_statements": 0, "percent_covered": 100.0, "percent_covered_display": "100", "missing_lines": 0, "excluded_lines": 0}, "missing_lines": [], "excluded_lines": []}, "MergeStrategy": {"executed_lines": [], "summary": {"covered_lines": 0, "num_statements": 0, "percent_covered": 100.0, "percent_covered_display": "100", "missing_lines": 0, "excluded_lines": 0}, "missing_lines": [], "excluded_lines": []}, "KnowledgeDomain": {"executed_lines": [], "summary": {"covered_lines": 0, "num_statements": 0, "percent_covered": 100.0, "percent_covered_display": "100", "missing_lines": 0, "excluded_lines": 0}, "missing_lines": [], "excluded_lines": []}, "SecurityClassification": {"executed_lines": [], "summary": {"covered_lines": 0, "num_statements": 0, "percent_covered": 100.0, "percent_covered_display": "100", "missing_lines": 0, "excluded_lines": 0}, "missing_lines": [], "excluded_lines": []}, "KnowledgeMetadata": {"executed_lines": [60], "summary": {"covered_lines": 1, "num_statements": 1, "percent_covered": 100.0, "percent_covered_display": "100", "missing_lines": 0, "excluded_lines": 0}, "missing_lines": [], "excluded_lines": []}, "KnowledgeChunk": {"executed_lines": [], "summary": {"covered_lines": 0, "num_statements": 0, "percent_covered": 100.0, "percent_covered_display": "100", "missing_lines": 0, "excluded_lines": 0}, "missing_lines": [], "excluded_lines": []}, "KnowledgeVersion": {"executed_lines": [], "summary": {"covered_lines": 0, "num_statements": 0, "percent_covered": 100.0, "percent_covered_display": "100", "missing_lines": 0, "excluded_lines": 0}, "missing_lines": [], "excluded_lines": []}, "KnowledgeConflict": {"executed_lines": [], "summary": {"covered_lines": 0, "num_statements": 0, "percent_covered": 100.0, "percent_covered_display": "100", "missing_lines": 0, "excluded_lines": 0}, "missing_lines": [], "excluded_lines": []}, "KnowledgeLock": {"executed_lines": [], "summary": {"covered_lines": 0, "num_statements": 0, "percent_covered": 100.0, "percent_covered_display": "100", "missing_lines": 0, "excluded_lines": 0}, "missing_lines": [], "excluded_lines": []}, "KnowledgeQuery": {"executed_lines": [], "summary": {"covered_lines": 0, "num_statements": 0, "percent_covered": 100.0, "percent_covered_display": "100", "missing_lines": 0, "excluded_lines": 0}, "missing_lines": [], "excluded_lines": []}, "": {"executed_lines": [1, 3, 4, 5, 6, 7, 10, 11, 12, 13, 14, 15, 18, 19, 20, 21, 22, 25, 26, 27, 28, 29, 30, 33, 34, 35, 36, 37, 40, 41, 42, 43, 44, 47, 48, 49, 50, 51, 52, 53, 54, 55, 56, 57, 59, 63, 64, 65, 66, 67, 68, 69, 70, 71, 72, 75, 76, 77, 78, 79, 80, 81, 82, 85, 86, 87, 88, 89, 90, 91, 92, 93, 94, 95, 96, 97, 98, 99, 100, 103, 104, 105, 106, 107, 108, 109, 110, 113, 114, 115, 116, 117, 118, 119], "summary": {"covered_lines": 93, "num_statements": 93, "percent_covered": 100.0, "percent_covered_display": "100", "missing_lines": 0, "excluded_lines": 0}, "missing_lines": [], "excluded_lines": []}}}, "orchestra/personas/__init__.py": {"executed_lines": [], "summary": {"covered_lines": 0, "num_statements": 0, "percent_covered": 100.0, "percent_covered_display": "100", "missing_lines": 0, "excluded_lines": 0}, "missing_lines": [], "excluded_lines": [], "functions": {"": {"executed_lines": [], "summary": {"covered_lines": 0, "num_statements": 0, "percent_covered": 100.0, "percent_covered_display": "100", "missing_lines": 0, "excluded_lines": 0}, "missing_lines": [], "excluded_lines": []}}, "classes": {"": {"executed_lines": [], "summary": {"covered_lines": 0, "num_statements": 0, "percent_covered": 100.0, "percent_covered_display": "100", "missing_lines": 0, "excluded_lines": 0}, "missing_lines": [], "excluded_lines": []}}}, "orchestra/security/__init__.py": {"executed_lines": [1, 7, 12, 20], "summary": {"covered_lines": 3, "num_statements": 3, "percent_covered": 100.0, "percent_covered_display": "100", "missing_lines": 0, "excluded_lines": 0}, "missing_lines": [], "excluded_lines": [], "functions": {"": {"executed_lines": [1, 7, 12, 20], "summary": {"covered_lines": 3, "num_statements": 3, "percent_covered": 100.0, "percent_covered_display": "100", "missing_lines": 0, "excluded_lines": 0}, "missing_lines": [], "excluded_lines": []}}, "classes": {"": {"executed_lines": [1, 7, 12, 20], "summary": {"covered_lines": 3, "num_statements": 3, "percent_covered": 100.0, "percent_covered_display": "100", "missing_lines": 0, "excluded_lines": 0}, "missing_lines": [], "excluded_lines": []}}}, "orchestra/security/ai_agent_monitor.py": {"executed_lines": [1, 8, 9, 10, 11, 12, 13, 14, 15, 16, 19, 22, 23, 25, 26, 27, 28, 29, 30, 31, 32, 33, 34, 37, 38, 40, 41, 42, 43, 45, 46, 47, 48, 49, 51, 52, 53, 54, 57, 58, 59, 60, 63, 64, 65, 66, 70, 71, 82, 83, 84, 87, 88, 89, 92, 95, 111, 120, 128, 132, 153, 154, 157, 172, 173, 176, 180, 181, 184, 185, 187, 188, 190, 204, 205, 208, 209, 210, 217, 220, 221, 222, 229, 232, 242, 243, 254, 265, 279, 280, 283, 284, 285, 286, 294, 297, 298, 299, 306, 309, 310, 317, 320, 321, 332, 343, 365, 366, 368, 379, 383, 384, 387, 388, 391, 392, 393, 394, 397, 398, 399, 400, 401, 402, 404, 406, 408, 419, 420, 422, 424, 425, 426, 427, 428, 429, 430, 431, 432, 435, 436, 437, 438, 439, 440, 441, 442, 443, 449, 450, 451, 454, 456, 471, 478, 481, 484, 487, 488, 489, 490, 491, 493, 504, 506, 507, 508, 510, 512, 514, 516, 518, 519, 520, 521, 524, 525, 528, 533, 537, 538, 540, 542, 544, 545, 546, 550, 552, 553, 555, 556, 557, 558, 559, 560, 561, 564, 565, 566, 567, 571, 573, 577, 579, 580, 581, 583, 584, 585, 590, 593, 594, 600, 602, 606, 609, 610, 611, 617, 618, 625, 626, 632, 633, 635, 637, 656, 657, 659, 661, 662, 663, 665, 666, 667, 668, 669, 672, 673, 674, 675, 676, 679, 680, 681, 685, 686, 687, 688, 694, 697, 699, 706, 709, 712, 714, 731, 732, 734, 736, 737, 738, 740, 741, 742, 743, 744, 747, 748, 749, 750, 751, 754, 755, 756, 760, 762, 769, 772, 775, 777, 813], "summary": {"covered_lines": 278, "num_statements": 334, "percent_covered": 83.23353293413173, "percent_covered_display": "83", "missing_lines": 56, "excluded_lines": 0}, "missing_lines": [55, 61, 67, 233, 239, 445, 446, 513, 534, 547, 548, 568, 569, 619, 627, 700, 701, 702, 703, 710, 763, 764, 765, 766, 773, 784, 787, 788, 789, 790, 791, 794, 795, 796, 797, 800, 804, 824, 825, 828, 829, 831, 832, 833, 836, 838, 839, 843, 846, 847, 852, 853, 854, 858, 859, 861], "excluded_lines": [], "functions": {"SecuritySeverity.__lt__": {"executed_lines": [46, 47, 48, 49], "summary": {"covered_lines": 4, "num_statements": 4, "percent_covered": 100.0, "percent_covered_display": "100", "missing_lines": 0, "excluded_lines": 0}, "missing_lines": [], "excluded_lines": []}, "SecuritySeverity.__le__": {"executed_lines": [52, 53, 54], "summary": {"covered_lines": 3, "num_statements": 4, "percent_covered": 75.0, "percent_covered_display": "75", "missing_lines": 1, "excluded_lines": 0}, "missing_lines": [55], "excluded_lines": []}, "SecuritySeverity.__gt__": {"executed_lines": [58, 59, 60], "summary": {"covered_lines": 3, "num_statements": 4, "percent_covered": 75.0, "percent_covered_display": "75", "missing_lines": 1, "excluded_lines": 0}, "missing_lines": [61], "excluded_lines": []}, "SecuritySeverity.__ge__": {"executed_lines": [64, 65, 66], "summary": {"covered_lines": 3, "num_statements": 4, "percent_covered": 75.0, "percent_covered_display": "75", "missing_lines": 1, "excluded_lines": 0}, "missing_lines": [67], "excluded_lines": []}, "AIAgentSecurityMonitor.__init__": {"executed_lines": [83, 84, 87, 88, 89, 92, 95, 111, 120, 128], "summary": {"covered_lines": 10, "num_statements": 10, "percent_covered": 100.0, "percent_covered_display": "100", "missing_lines": 0, "excluded_lines": 0}, "missing_lines": [], "excluded_lines": []}, "AIAgentSecurityMonitor.log_agent_operation": {"executed_lines": [153, 154, 157, 172, 173, 176, 180, 181, 184, 185, 187, 188], "summary": {"covered_lines": 12, "num_statements": 12, "percent_covered": 100.0, "percent_covered_display": "100", "missing_lines": 0, "excluded_lines": 0}, "missing_lines": [], "excluded_lines": []}, "AIAgentSecurityMonitor.check_input_security": {"executed_lines": [204, 205, 208, 209, 210, 217, 220, 221, 222, 229, 232, 242, 243, 254], "summary": {"covered_lines": 14, "num_statements": 16, "percent_covered": 87.5, "percent_covered_display": "88", "missing_lines": 2, "excluded_lines": 0}, "missing_lines": [233, 239], "excluded_lines": []}, "AIAgentSecurityMonitor.check_output_security": {"executed_lines": [279, 280, 283, 284, 285, 286, 294, 297, 298, 299, 306, 309, 310, 317, 320, 321, 332], "summary": {"covered_lines": 17, "num_statements": 17, "percent_covered": 100.0, "percent_covered_display": "100", "missing_lines": 0, "excluded_lines": 0}, "missing_lines": [], "excluded_lines": []}, "AIAgentSecurityMonitor.log_security_event": {"executed_lines": [365, 366, 368, 379, 383, 384, 387, 388, 391, 392, 393, 394, 397, 398, 399, 400, 401, 402, 404, 406], "summary": {"covered_lines": 20, "num_statements": 20, "percent_covered": 100.0, "percent_covered_display": "100", "missing_lines": 0, "excluded_lines": 0}, "missing_lines": [], "excluded_lines": []}, "AIAgentSecurityMonitor.get_agent_metrics": {"executed_lines": [419, 420, 422, 424, 425, 426, 427, 428, 429, 430, 431, 432, 435, 436, 437, 438, 439, 440, 441, 442, 443, 449, 450, 451, 454, 456], "summary": {"covered_lines": 26, "num_statements": 28, "percent_covered": 92.85714285714286, "percent_covered_display": "93", "missing_lines": 2, "excluded_lines": 0}, "missing_lines": [445, 446], "excluded_lines": []}, "AIAgentSecurityMonitor.generate_security_report": {"executed_lines": [478, 481, 484, 487, 488, 489, 490, 491, 493], "summary": {"covered_lines": 9, "num_statements": 9, "percent_covered": 100.0, "percent_covered_display": "100", "missing_lines": 0, "excluded_lines": 0}, "missing_lines": [], "excluded_lines": []}, "AIAgentSecurityMonitor._generate_operation_id": {"executed_lines": [506, 507, 508], "summary": {"covered_lines": 3, "num_statements": 3, "percent_covered": 100.0, "percent_covered_display": "100", "missing_lines": 0, "excluded_lines": 0}, "missing_lines": [], "excluded_lines": []}, "AIAgentSecurityMonitor._hash_content": {"executed_lines": [512, 514], "summary": {"covered_lines": 2, "num_statements": 3, "percent_covered": 66.66666666666667, "percent_covered_display": "67", "missing_lines": 1, "excluded_lines": 0}, "missing_lines": [513], "excluded_lines": []}, "AIAgentSecurityMonitor._is_rate_limited": {"executed_lines": [518, 519, 520, 521, 524, 525, 528, 533, 537, 538], "summary": {"covered_lines": 10, "num_statements": 11, "percent_covered": 90.9090909090909, "percent_covered_display": "91", "missing_lines": 1, "excluded_lines": 0}, "missing_lines": [534], "excluded_lines": []}, "AIAgentSecurityMonitor._update_metrics": {"executed_lines": [542, 544, 545, 546], "summary": {"covered_lines": 4, "num_statements": 6, "percent_covered": 66.66666666666667, "percent_covered_display": "67", "missing_lines": 2, "excluded_lines": 0}, "missing_lines": [547, 548], "excluded_lines": []}, "AIAgentSecurityMonitor._get_recent_events": {"executed_lines": [552, 553, 555, 556, 557, 558, 559, 560, 561, 564, 565, 566, 567, 571], "summary": {"covered_lines": 14, "num_statements": 16, "percent_covered": 87.5, "percent_covered_display": "88", "missing_lines": 2, "excluded_lines": 0}, "missing_lines": [568, 569], "excluded_lines": []}, "AIAgentSecurityMonitor._analyze_top_concerns": {"executed_lines": [577, 579, 580, 581, 583, 584, 585, 590, 593, 594, 600], "summary": {"covered_lines": 11, "num_statements": 11, "percent_covered": 100.0, "percent_covered_display": "100", "missing_lines": 0, "excluded_lines": 0}, "missing_lines": [], "excluded_lines": []}, "AIAgentSecurityMonitor._generate_recommendations": {"executed_lines": [606, 609, 610, 611, 617, 618, 625, 626, 632, 633, 635], "summary": {"covered_lines": 11, "num_statements": 13, "percent_covered": 84.61538461538461, "percent_covered_display": "85", "missing_lines": 2, "excluded_lines": 0}, "missing_lines": [619, 627], "excluded_lines": []}, "AIAgentSecurityMonitor.get_security_events": {"executed_lines": [656, 657, 659, 661, 662, 663, 665, 666, 667, 668, 669, 672, 673, 674, 675, 676, 679, 680, 681, 685, 686, 687, 688, 694, 697, 699, 706, 709, 712], "summary": {"covered_lines": 29, "num_statements": 34, "percent_covered": 85.29411764705883, "percent_covered_display": "85", "missing_lines": 5, "excluded_lines": 0}, "missing_lines": [700, 701, 702, 703, 710], "excluded_lines": []}, "AIAgentSecurityMonitor.get_agent_operations": {"executed_lines": [731, 732, 734, 736, 737, 738, 740, 741, 742, 743, 744, 747, 748, 749, 750, 751, 754, 755, 756, 760, 762, 769, 772, 775], "summary": {"covered_lines": 24, "num_statements": 29, "percent_covered": 82.75862068965517, "percent_covered_display": "83", "missing_lines": 5, "excluded_lines": 0}, "missing_lines": [763, 764, 765, 766, 773], "excluded_lines": []}, "AIAgentSecurityMonitor.get_security_summary": {"executed_lines": [], "summary": {"covered_lines": 0, "num_statements": 12, "percent_covered": 0.0, "percent_covered_display": "0", "missing_lines": 12, "excluded_lines": 0}, "missing_lines": [784, 787, 788, 789, 790, 791, 794, 795, 796, 797, 800, 804], "excluded_lines": []}, "AIAgentSecurityMonitor.analyze_agent_behavior": {"executed_lines": [], "summary": {"covered_lines": 0, "num_statements": 19, "percent_covered": 0.0, "percent_covered_display": "0", "missing_lines": 19, "excluded_lines": 0}, "missing_lines": [824, 825, 828, 829, 831, 832, 833, 836, 838, 839, 843, 846, 847, 852, 853, 854, 858, 859, 861], "excluded_lines": []}, "": {"executed_lines": [1, 8, 9, 10, 11, 12, 13, 14, 15, 16, 19, 22, 23, 25, 26, 27, 28, 29, 30, 31, 32, 33, 34, 37, 38, 40, 41, 42, 43, 45, 51, 57, 63, 70, 71, 82, 132, 190, 265, 343, 408, 471, 504, 510, 516, 540, 550, 573, 602, 637, 714, 777, 813], "summary": {"covered_lines": 49, "num_statements": 49, "percent_covered": 100.0, "percent_covered_display": "100", "missing_lines": 0, "excluded_lines": 0}, "missing_lines": [], "excluded_lines": []}}, "classes": {"SecurityEventType": {"executed_lines": [], "summary": {"covered_lines": 0, "num_statements": 0, "percent_covered": 100.0, "percent_covered_display": "100", "missing_lines": 0, "excluded_lines": 0}, "missing_lines": [], "excluded_lines": []}, "SecuritySeverity": {"executed_lines": [46, 47, 48, 49, 52, 53, 54, 58, 59, 60, 64, 65, 66], "summary": {"covered_lines": 13, "num_statements": 16, "percent_covered": 81.25, "percent_covered_display": "81", "missing_lines": 3, "excluded_lines": 0}, "missing_lines": [55, 61, 67], "excluded_lines": []}, "AIAgentSecurityMonitor": {"executed_lines": [83, 84, 87, 88, 89, 92, 95, 111, 120, 128, 153, 154, 157, 172, 173, 176, 180, 181, 184, 185, 187, 188, 204, 205, 208, 209, 210, 217, 220, 221, 222, 229, 232, 242, 243, 254, 279, 280, 283, 284, 285, 286, 294, 297, 298, 299, 306, 309, 310, 317, 320, 321, 332, 365, 366, 368, 379, 383, 384, 387, 388, 391, 392, 393, 394, 397, 398, 399, 400, 401, 402, 404, 406, 419, 420, 422, 424, 425, 426, 427, 428, 429, 430, 431, 432, 435, 436, 437, 438, 439, 440, 441, 442, 443, 449, 450, 451, 454, 456, 478, 481, 484, 487, 488, 489, 490, 491, 493, 506, 507, 508, 512, 514, 518, 519, 520, 521, 524, 525, 528, 533, 537, 538, 542, 544, 545, 546, 552, 553, 555, 556, 557, 558, 559, 560, 561, 564, 565, 566, 567, 571, 577, 579, 580, 581, 583, 584, 585, 590, 593, 594, 600, 606, 609, 610, 611, 617, 618, 625, 626, 632, 633, 635, 656, 657, 659, 661, 662, 663, 665, 666, 667, 668, 669, 672, 673, 674, 675, 676, 679, 680, 681, 685, 686, 687, 688, 694, 697, 699, 706, 709, 712, 731, 732, 734, 736, 737, 738, 740, 741, 742, 743, 744, 747, 748, 749, 750, 751, 754, 755, 756, 760, 762, 769, 772, 775], "summary": {"covered_lines": 216, "num_statements": 269, "percent_covered": 80.29739776951673, "percent_covered_display": "80", "missing_lines": 53, "excluded_lines": 0}, "missing_lines": [233, 239, 445, 446, 513, 534, 547, 548, 568, 569, 619, 627, 700, 701, 702, 703, 710, 763, 764, 765, 766, 773, 784, 787, 788, 789, 790, 791, 794, 795, 796, 797, 800, 804, 824, 825, 828, 829, 831, 832, 833, 836, 838, 839, 843, 846, 847, 852, 853, 854, 858, 859, 861], "excluded_lines": []}, "": {"executed_lines": [1, 8, 9, 10, 11, 12, 13, 14, 15, 16, 19, 22, 23, 25, 26, 27, 28, 29, 30, 31, 32, 33, 34, 37, 38, 40, 41, 42, 43, 45, 51, 57, 63, 70, 71, 82, 132, 190, 265, 343, 408, 471, 504, 510, 516, 540, 550, 573, 602, 637, 714, 777, 813], "summary": {"covered_lines": 49, "num_statements": 49, "percent_covered": 100.0, "percent_covered_display": "100", "missing_lines": 0, "excluded_lines": 0}, "missing_lines": [], "excluded_lines": []}}}, "orchestra/security/ai_agent_validator.py": {"executed_lines": [1, 8, 9, 10, 11, 12, 14, 20, 23, 24, 27, 28, 29, 31, 32, 33, 34, 37, 38, 39, 41, 42, 43, 44, 45, 46, 49, 50, 52, 53, 54, 55, 58, 59, 69, 70, 71, 72, 74, 95, 96, 97, 98, 107, 109, 111, 126, 127, 128, 138, 140, 142, 154, 157, 159, 160, 161, 168, 169, 172, 173, 174, 176, 185, 186, 187, 201, 209, 212, 214, 215, 223, 231, 243, 246, 248, 257, 258, 261, 262, 263, 265, 274, 275, 276, 291, 324, 327, 328, 329, 332, 333, 334, 337, 339, 341, 345, 352, 356, 360, 369, 388, 392, 393, 395, 396, 397, 399, 402, 404, 405, 413, 414, 416, 419, 421, 422, 429, 437, 439, 442, 443, 447, 448, 455, 458, 460, 461, 468, 476, 478, 481, 482, 484, 485, 492, 495, 503, 507, 509, 510, 513, 516, 517, 518, 519, 520, 525, 526, 527, 530, 535, 536, 537, 538, 542, 545], "summary": {"covered_lines": 151, "num_statements": 172, "percent_covered": 87.79069767441861, "percent_covered_display": "88", "missing_lines": 21, "excluded_lines": 0}, "missing_lines": [129, 177, 178, 211, 249, 250, 266, 267, 299, 301, 302, 304, 305, 316, 521, 522, 531, 532, 539, 540, 546], "excluded_lines": [], "functions": {"AIAgentValidationError.__init__": {"executed_lines": [53, 54, 55], "summary": {"covered_lines": 3, "num_statements": 3, "percent_covered": 100.0, "percent_covered_display": "100", "missing_lines": 0, "excluded_lines": 0}, "missing_lines": [], "excluded_lines": []}, "AIAgentValidator.__init__": {"executed_lines": [70, 71, 72], "summary": {"covered_lines": 3, "num_statements": 3, "percent_covered": 100.0, "percent_covered_display": "100", "missing_lines": 0, "excluded_lines": 0}, "missing_lines": [], "excluded_lines": []}, "AIAgentValidator.validate_operation": {"executed_lines": [95, 96, 109], "summary": {"covered_lines": 3, "num_statements": 3, "percent_covered": 100.0, "percent_covered_display": "100", "missing_lines": 0, "excluded_lines": 0}, "missing_lines": [], "excluded_lines": []}, "AIAgentValidator.validate_operation.decorator": {"executed_lines": [97, 107], "summary": {"covered_lines": 2, "num_statements": 2, "percent_covered": 100.0, "percent_covered_display": "100", "missing_lines": 0, "excluded_lines": 0}, "missing_lines": [], "excluded_lines": []}, "AIAgentValidator.validate_operation.decorator.wrapper": {"executed_lines": [98], "summary": {"covered_lines": 1, "num_statements": 1, "percent_covered": 100.0, "percent_covered_display": "100", "missing_lines": 0, "excluded_lines": 0}, "missing_lines": [], "excluded_lines": []}, "AIAgentValidator.validate_async_operation": {"executed_lines": [126, 127, 140], "summary": {"covered_lines": 3, "num_statements": 3, "percent_covered": 100.0, "percent_covered_display": "100", "missing_lines": 0, "excluded_lines": 0}, "missing_lines": [], "excluded_lines": []}, "AIAgentValidator.validate_async_operation.decorator": {"executed_lines": [128, 138], "summary": {"covered_lines": 2, "num_statements": 2, "percent_covered": 100.0, "percent_covered_display": "100", "missing_lines": 0, "excluded_lines": 0}, "missing_lines": [], "excluded_lines": []}, "AIAgentValidator.validate_async_operation.decorator.wrapper": {"executed_lines": [], "summary": {"covered_lines": 0, "num_statements": 1, "percent_covered": 0.0, "percent_covered_display": "0", "missing_lines": 1, "excluded_lines": 0}, "missing_lines": [129], "excluded_lines": []}, "AIAgentValidator._execute_secure_operation": {"executed_lines": [154, 157, 159, 160, 161, 168, 169, 172, 173, 174, 176, 185, 186, 187, 201, 209, 212, 214, 215, 223], "summary": {"covered_lines": 20, "num_statements": 23, "percent_covered": 86.95652173913044, "percent_covered_display": "87", "missing_lines": 3, "excluded_lines": 0}, "missing_lines": [177, 178, 211], "excluded_lines": []}, "AIAgentValidator._execute_secure_async_operation": {"executed_lines": [243, 246, 248, 257, 258, 261, 262, 263, 265, 274, 275, 276, 291], "summary": {"covered_lines": 13, "num_statements": 23, "percent_covered": 56.52173913043478, "percent_covered_display": "57", "missing_lines": 10, "excluded_lines": 0}, "missing_lines": [249, 250, 266, 267, 299, 301, 302, 304, 305, 316], "excluded_lines": []}, "AIAgentValidator._extract_input_data": {"executed_lines": [327, 328, 329, 332, 333, 334, 337], "summary": {"covered_lines": 7, "num_statements": 7, "percent_covered": 100.0, "percent_covered_display": "100", "missing_lines": 0, "excluded_lines": 0}, "missing_lines": [], "excluded_lines": []}, "AIAgentValidator._validate_input": {"executed_lines": [341, 345], "summary": {"covered_lines": 2, "num_statements": 2, "percent_covered": 100.0, "percent_covered_display": "100", "missing_lines": 0, "excluded_lines": 0}, "missing_lines": [], "excluded_lines": []}, "AIAgentValidator._validate_output": {"executed_lines": [356, 360], "summary": {"covered_lines": 2, "num_statements": 2, "percent_covered": 100.0, "percent_covered_display": "100", "missing_lines": 0, "excluded_lines": 0}, "missing_lines": [], "excluded_lines": []}, "create_secure_agent": {"executed_lines": [388], "summary": {"covered_lines": 1, "num_statements": 1, "percent_covered": 100.0, "percent_covered_display": "100", "missing_lines": 0, "excluded_lines": 0}, "missing_lines": [], "excluded_lines": []}, "SecureAIAgentExample.__init__": {"executed_lines": [396, 397], "summary": {"covered_lines": 2, "num_statements": 2, "percent_covered": 100.0, "percent_covered_display": "100", "missing_lines": 0, "excluded_lines": 0}, "missing_lines": [], "excluded_lines": []}, "SecureAIAgentExample.generate_code": {"executed_lines": [402, 404, 405, 413, 414, 416, 419, 421, 422, 429, 437], "summary": {"covered_lines": 11, "num_statements": 11, "percent_covered": 100.0, "percent_covered_display": "100", "missing_lines": 0, "excluded_lines": 0}, "missing_lines": [], "excluded_lines": []}, "SecureAIAgentExample.modify_file": {"executed_lines": [442, 443, 447, 448, 455, 458, 460, 461, 468, 476], "summary": {"covered_lines": 10, "num_statements": 10, "percent_covered": 100.0, "percent_covered_display": "100", "missing_lines": 0, "excluded_lines": 0}, "missing_lines": [], "excluded_lines": []}, "SecureAIAgentExample.create_pull_request": {"executed_lines": [481, 482, 484, 485, 492, 495, 503], "summary": {"covered_lines": 7, "num_statements": 7, "percent_covered": 100.0, "percent_covered_display": "100", "missing_lines": 0, "excluded_lines": 0}, "missing_lines": [], "excluded_lines": []}, "test_ai_agent_validation": {"executed_lines": [509, 510, 513, 516, 517, 518, 519, 520, 525, 526, 527, 530, 535, 536, 537, 538, 542], "summary": {"covered_lines": 17, "num_statements": 23, "percent_covered": 73.91304347826087, "percent_covered_display": "74", "missing_lines": 6, "excluded_lines": 0}, "missing_lines": [521, 522, 531, 532, 539, 540], "excluded_lines": []}, "": {"executed_lines": [1, 8, 9, 10, 11, 12, 14, 20, 23, 24, 27, 28, 29, 31, 32, 33, 34, 37, 38, 39, 41, 42, 43, 44, 45, 46, 49, 50, 52, 58, 59, 69, 74, 111, 142, 231, 324, 339, 352, 369, 392, 393, 395, 399, 439, 478, 507, 545], "summary": {"covered_lines": 42, "num_statements": 43, "percent_covered": 97.67441860465117, "percent_covered_display": "98", "missing_lines": 1, "excluded_lines": 0}, "missing_lines": [546], "excluded_lines": []}}, "classes": {"ValidationResult": {"executed_lines": [], "summary": {"covered_lines": 0, "num_statements": 0, "percent_covered": 100.0, "percent_covered_display": "100", "missing_lines": 0, "excluded_lines": 0}, "missing_lines": [], "excluded_lines": []}, "SecureOperationResult": {"executed_lines": [], "summary": {"covered_lines": 0, "num_statements": 0, "percent_covered": 100.0, "percent_covered_display": "100", "missing_lines": 0, "excluded_lines": 0}, "missing_lines": [], "excluded_lines": []}, "AIAgentValidationError": {"executed_lines": [53, 54, 55], "summary": {"covered_lines": 3, "num_statements": 3, "percent_covered": 100.0, "percent_covered_display": "100", "missing_lines": 0, "excluded_lines": 0}, "missing_lines": [], "excluded_lines": []}, "AIAgentValidator": {"executed_lines":
[...]
, 135, 148, 149, 151, 152, 154, 157], "summary": {"covered_lines": 16, "num_statements": 16, "percent_covered": 100.0, "percent_covered_display": "100", "missing_lines": 0, "excluded_lines": 0}, "missing_lines": [], "excluded_lines": []}, "get_logger": {"executed_lines": [175], "summary": {"covered_lines": 1, "num_statements": 1, "percent_covered": 100.0, "percent_covered_display": "100", "missing_lines": 0, "excluded_lines": 0}, "missing_lines": [], "excluded_lines": []}, "set_correlation_id": {"executed_lines": [187, 188, 189, 190], "summary": {"covered_lines": 4, "num_statements": 4, "percent_covered": 100.0, "percent_covered_display": "100", "missing_lines": 0, "excluded_lines": 0}, "missing_lines": [], "excluded_lines": []}, "set_agent_context": {"executed_lines": [199], "summary": {"covered_lines": 1, "num_statements": 1, "percent_covered": 100.0, "percent_covered_display": "100", "missing_lines": 0, "excluded_lines": 0}, "missing_lines": [], "excluded_lines": []}, "set_workflow_context": {"executed_lines": [], "summary": {"covered_lines": 0, "num_statements": 1, "percent_covered": 0.0, "percent_covered_display": "0", "missing_lines": 1, "excluded_lines": 0}, "missing_lines": [208], "excluded_lines": []}, "clear_context": {"executed_lines": [213, 214, 215], "summary": {"covered_lines": 3, "num_statements": 3, "percent_covered": 100.0, "percent_covered_display": "100", "missing_lines": 0, "excluded_lines": 0}, "missing_lines": [], "excluded_lines": []}, "SecurityAuditLogger.__init__": {"executed_lines": [222], "summary": {"covered_lines": 1, "num_statements": 1, "percent_covered": 100.0, "percent_covered_display": "100", "missing_lines": 0, "excluded_lines": 0}, "missing_lines": [], "excluded_lines": []}, "SecurityAuditLogger.log_security_event": {"executed_lines": [234, 235], "summary": {"covered_lines": 2, "num_statements": 2, "percent_covered": 100.0, "percent_covered_display": "100", "missing_lines": 0, "excluded_lines": 0}, "missing_lines": [], "excluded_lines": []}, "SecurityAuditLogger.log_agent_handoff": {"executed_lines": [253], "summary": {"covered_lines": 1, "num_statements": 1, "percent_covered": 100.0, "percent_covered_display": "100", "missing_lines": 0, "excluded_lines": 0}, "missing_lines": [], "excluded_lines": []}, "SecurityAuditLogger.log_code_generation": {"executed_lines": [273], "summary": {"covered_lines": 1, "num_statements": 1, "percent_covered": 100.0, "percent_covered_display": "100", "missing_lines": 0, "excluded_lines": 0}, "missing_lines": [], "excluded_lines": []}, "SecurityAuditLogger.log_external_api_call": {"executed_lines": [298], "summary": {"covered_lines": 1, "num_statements": 1, "percent_covered": 100.0, "percent_covered_display": "100", "missing_lines": 0, "excluded_lines": 0}, "missing_lines": [], "excluded_lines": []}, "": {"executed_lines": [1, 3, 4, 5, 6, 7, 8, 10, 11, 14, 15, 16, 19, 20, 22, 27, 28, 36, 40, 45, 67, 86, 102, 166, 178, 193, 202, 211, 218, 219, 221, 224, 243, 262, 283], "summary": {"covered_lines": 31, "num_statements": 31, "percent_covered": 100.0, "percent_covered_display": "100", "missing_lines": 0, "excluded_lines": 0}, "missing_lines": [], "excluded_lines": []}}, "classes": {"TraceProvider": {"executed_lines": [], "summary": {"covered_lines": 0, "num_statements": 1, "percent_covered": 0.0, "percent_covered_display": "0", "missing_lines": 1, "excluded_lines": 0}, "missing_lines": [24], "excluded_lines": []}, "SilentTraceProvider": {"executed_lines": [42], "summary": {"covered_lines": 1, "num_statements": 2, "percent_covered": 50.0, "percent_covered_display": "50", "missing_lines": 1, "excluded_lines": 0}, "missing_lines": [38], "excluded_lines": []}, "SecurityAuditLogger": {"executed_lines": [222, 234, 235, 253, 273, 298], "summary": {"covered_lines": 6, "num_statements": 6, "percent_covered": 100.0, "percent_covered_display": "100", "missing_lines": 0, "excluded_lines": 0}, "missing_lines": [], "excluded_lines": []}, "": {"executed_lines": [1, 3, 4, 5, 6, 7, 8, 10, 11, 14, 15, 16, 19, 20, 22, 27, 28, 36, 40, 45, 52, 53, 56, 59, 60, 67, 71, 72, 73, 75, 76, 77, 79, 80, 83, 86, 91, 92, 95, 99, 102, 113, 116, 124, 127, 128, 129, 130, 131, 132, 135, 148, 149, 151, 152, 154, 157, 166, 175, 178, 187, 188, 189, 190, 193, 199, 202, 211, 213, 214, 215, 218, 219, 221, 224, 243, 262, 283], "summary": {"covered_lines": 74, "num_statements": 78, "percent_covered": 94.87179487179488, "percent_covered_display": "95", "missing_lines": 4, "excluded_lines": 0}, "missing_lines": [62, 64, 81, 208], "excluded_lines": []}}}, "orchestra/workflows/__init__.py": {"executed_lines": [1, 3, 8, 9, 14], "summary": {"covered_lines": 4, "num_statements": 4, "percent_covered": 100.0, "percent_covered_display": "100", "missing_lines": 0, "excluded_lines": 0}, "missing_lines": [], "excluded_lines": [], "functions": {"": {"executed_lines": [1, 3, 8, 9, 14], "summary": {"covered_lines": 4, "num_statements": 4, "percent_covered": 100.0, "percent_covered_display": "100", "missing_lines": 0, "excluded_lines": 0}, "missing_lines": [], "excluded_lines": []}}, "classes": {"": {"executed_lines": [1, 3, 8, 9, 14], "summary": {"covered_lines": 4, "num_statements": 4, "percent_covered": 100.0, "percent_covered_display": "100", "missing_lines": 0, "excluded_lines": 0}, "missing_lines": [], "excluded_lines": []}}}, "orchestra/workflows/activities.py": {"executed_lines": [1, 3, 4, 5, 6, 8, 10, 11, 12, 14, 17, 18, 35, 36, 37, 39, 47, 49, 51, 56, 57, 60, 61, 65, 67, 74, 76, 77, 84, 87, 93, 99, 100, 102, 105, 112, 114, 116, 127, 130, 132, 133, 134, 135, 136, 137, 138, 141, 142, 152, 158, 161, 162, 164, 165, 167, 168, 171, 172, 173, 176, 185, 187, 189, 190, 196, 202, 203, 216, 217, 218, 219, 221, 228, 230, 233, 235, 241, 248, 249, 255], "summary": {"covered_lines": 80, "num_statements": 80, "percent_covered": 100.0, "percent_covered_display": "100", "missing_lines": 0, "excluded_lines": 0}, "missing_lines": [], "excluded_lines": [], "functions": {"execute_agent_activity": {"executed_lines": [35, 36, 37, 39, 47, 49, 51, 56, 57, 60, 61, 65, 67, 74, 76, 77, 84], "summary": {"covered_lines": 17, "num_statements": 17, "percent_covered": 100.0, "percent_covered_display": "100", "missing_lines": 0, "excluded_lines": 0}, "missing_lines": [], "excluded_lines": []}, "_execute_with_universal_agent": {"executed_lines": [93, 99, 100, 102, 105, 112, 114, 116, 127], "summary": {"covered_lines": 9, "num_statements": 9, "percent_covered": 100.0, "percent_covered_display": "100", "missing_lines": 0, "excluded_lines": 0}, "missing_lines": [], "excluded_lines": []}, "_determine_next_action": {"executed_lines": [132, 133, 134, 135, 136, 137, 138], "summary": {"covered_lines": 7, "num_statements": 7, "percent_covered": 100.0, "percent_covered_display": "100", "missing_lines": 0, "excluded_lines": 0}, "missing_lines": [], "excluded_lines": []}, "validate_context_activity": {"executed_lines": [152, 158, 161, 162, 164, 165, 167, 168, 171, 172, 173, 176, 185, 187, 189, 190, 196], "summary": {"covered_lines": 17, "num_statements": 17, "percent_covered": 100.0, "percent_covered_display": "100", "missing_lines": 0, "excluded_lines": 0}, "missing_lines": [], "excluded_lines": []}, "create_github_pr_activity": {"executed_lines": [216, 217, 218, 219, 221, 228, 230, 233, 235, 241, 248, 249, 255], "summary": {"covered_lines": 13, "num_statements": 13, "percent_covered": 100.0, "percent_covered_display": "100", "missing_lines": 0, "excluded_lines": 0}, "missing_lines": [], "excluded_lines": []}, "": {"executed_lines": [1, 3, 4, 5, 6, 8, 10, 11, 12, 14, 17, 18, 87, 130, 141, 142, 202, 203], "summary": {"covered_lines": 17, "num_statements": 17, "percent_covered": 100.0, "percent_covered_display": "100", "missing_lines": 0, "excluded_lines": 0}, "missing_lines": [], "excluded_lines": []}}, "classes": {"": {"executed_lines": [1, 3, 4, 5, 6, 8, 10, 11, 12, 14, 17, 18, 35, 36, 37, 39, 47, 49, 51, 56, 57, 60, 61, 65, 67, 74, 76, 77, 84, 87, 93, 99, 100, 102, 105, 112, 114, 116, 127, 130, 132, 133, 134, 135, 136, 137, 138, 141, 142, 152, 158, 161, 162, 164, 165, 167, 168, 171, 172, 173, 176, 185, 187, 189, 190, 196, 202, 203, 216, 217, 218, 219, 221, 228, 230, 233, 235, 241, 248, 249, 255], "summary": {"covered_lines": 80, "num_statements": 80, "percent_covered": 100.0, "percent_covered_display": "100", "missing_lines": 0, "excluded_lines": 0}, "missing_lines": [], "excluded_lines": []}}}, "orchestra/workflows/dev_team_workflow.py": {"executed_lines": [1, 3, 4, 5, 6, 7, 9, 10, 12, 17, 23, 24, 26, 27, 28, 31, 32, 34, 35, 36, 37, 38, 39, 42, 43, 44, 46, 47, 48, 49, 52, 53, 54, 56, 57, 58, 59, 62, 63, 64, 66, 67, 68, 69, 70, 71, 72, 73, 74, 75, 76, 77, 80, 81, 82, 84, 85, 86, 87, 88, 91, 92, 93, 95, 96, 97, 98, 99, 100, 101, 104, 105, 106, 113, 115, 116, 117, 119, 120, 130, 133, 146, 148, 151, 154, 155, 158, 162, 165, 167, 176, 178, 180, 182, 191, 193, 196, 206, 211, 212, 214, 216, 219, 220, 221, 224, 231, 247, 248, 249, 250, 253, 254, 257, 258, 259, 260, 267, 269, 272, 273, 274, 277, 293, 294, 295, 296, 297, 298, 301, 305, 306, 307, 309, 311, 314, 315, 316, 319, 344, 359, 360, 361, 362, 363, 364, 365, 367, 369, 370, 371, 373, 375, 377, 379, 382, 395, 397, 411, 412, 419, 420, 421, 425, 426, 433, 436, 446, 450, 453], "summary": {"covered_lines": 161, "num_statements": 179, "percent_covered": 89.94413407821229, "percent_covered_display": "90", "missing_lines": 18, "excluded_lines": 0}, "missing_lines": [159, 194, 207, 217, 261, 262, 263, 265, 270, 302, 303, 312, 322, 340, 341, 380, 434, 451], "excluded_lines": [], "functions": {"DevTeamWorkflow.__init__": {"executed_lines": [115, 116, 117], "summary": {"covered_lines": 3, "num_statements": 3, "percent_covered": 100.0, "percent_covered_display": "100", "missing_lines": 0, "excluded_lines": 0}, "missing_lines": [], "excluded_lines": []}, "DevTeamWorkflow.run": {"executed_lines": [130, 133, 146, 148, 151, 154, 155, 158, 162, 165, 167, 176, 178, 180, 182], "summary": {"covered_lines": 15, "num_statements": 16, "percent_covered": 93.75, "percent_covered_display": "94", "missing_lines": 1, "excluded_lines": 0}, "missing_lines": [159], "excluded_lines": []}, "DevTeamWorkflow._validate_security": {"executed_lines": [193, 196, 206, 211, 212], "summary": {"covered_lines": 5, "num_statements": 7, "percent_covered": 71.42857142857143, "percent_covered_display": "71", "missing_lines": 2, "excluded_lines": 0}, "missing_lines": [194, 207], "excluded_lines": []}, "DevTeamWorkflow._execute_orchestrator_planning": {"executed_lines": [216, 219, 220, 221, 224, 231, 247, 248, 249, 250, 253, 254, 257, 258, 259, 260], "summary": {"covered_lines": 16, "num_statements": 21, "percent_covered": 76.19047619047619, "percent_covered_display": "76", "missing_lines": 5, "excluded_lines": 0}, "missing_lines": [217, 261, 262, 263, 265], "excluded_lines": []}, "DevTeamWorkflow._execute_developer_implementation": {"executed_lines": [269, 272, 273, 274, 277, 293, 294, 295, 296, 297, 298, 301, 305, 306, 307], "summary": {"covered_lines": 15, "num_statements": 18, "percent_covered": 83.33333333333333, "percent_covered_display": "83", "missing_lines": 3, "excluded_lines": 0}, "missing_lines": [270, 302, 303], "excluded_lines": []}, "DevTeamWorkflow._execute_release_operations": {"executed_lines": [311, 314, 315, 316, 319, 344, 359, 360, 361, 362, 363, 364, 365], "summary": {"covered_lines": 13, "num_statements": 17, "percent_covered": 76.47058823529412, "percent_covered_display": "76", "missing_lines": 4, "excluded_lines": 0}, "missing_lines": [312, 322, 340, 341], "excluded_lines": []}, "DevTeamWorkflow._get_current_timestamp": {"executed_lines": [369, 370, 371, 373, 375], "summary": {"covered_lines": 5, "num_statements": 5, "percent_covered": 100.0, "percent_covered_display": "100", "missing_lines": 0, "excluded_lines": 0}, "missing_lines": [], "excluded_lines": []}, "DevTeamWorkflow._audit_workflow_completion": {"executed_lines": [379, 382], "summary": {"covered_lines": 2, "num_statements": 3, "percent_covered": 66.66666666666667, "percent_covered_display": "67", "missing_lines": 1, "excluded_lines": 0}, "missing_lines": [380], "excluded_lines": []}, "DevTeamWorkflow._audit_workflow_error": {"executed_lines": [397], "summary": {"covered_lines": 1, "num_statements": 1, "percent_covered": 100.0, "percent_covered_display": "100", "missing_lines": 0, "excluded_lines": 0}, "missing_lines": [], "excluded_lines": []}, "DevTeamWorkflow.update_priority": {"executed_lines": [419, 420, 421], "summary": {"covered_lines": 3, "num_statements": 3, "percent_covered": 100.0, "percent_covered_display": "100", "missing_lines": 0, "excluded_lines": 0}, "missing_lines": [], "excluded_lines": []}, "DevTeamWorkflow.get_status": {"executed_lines": [433, 436], "summary": {"covered_lines": 2, "num_statements": 3, "percent_covered": 66.66666666666667, "percent_covered_display": "67", "missing_lines": 1, "excluded_lines": 0}, "missing_lines": [434], "excluded_lines": []}, "DevTeamWorkflow._audit_workflow_signal": {"executed_lines": [450, 453], "summary": {"covered_lines": 2, "num_statements": 3, "percent_covered": 66.66666666666667, "percent_covered_display": "67", "missing_lines": 1, "excluded_lines": 0}, "missing_lines": [451], "excluded_lines": []}, "": {"executed_lines": [1, 3, 4, 5, 6, 7, 9, 10, 12, 17, 23, 24, 26, 27, 28, 31, 32, 34, 35, 36, 37, 38, 39, 42, 43, 44, 46, 47, 48, 49, 52, 53, 54, 56, 57, 58, 59, 62, 63, 64, 66, 67, 68, 69, 70, 71, 72, 73, 74, 75, 76, 77, 80, 81, 82, 84, 85, 86, 87, 88, 91, 92, 93, 95, 96, 97, 98, 99, 100, 101, 104, 105, 106, 113, 119, 120, 191, 214, 267, 309, 367, 377, 395, 411, 412, 425, 426, 446], "summary": {"covered_lines": 79, "num_statements": 79, "percent_covered": 100.0, "percent_covered_display": "100", "missing_lines": 0, "excluded_lines": 0}, "missing_lines": [], "excluded_lines": []}}, "classes": {"AgentType": {"executed_lines": [], "summary": {"covered_lines": 0, "num_statements": 0, "percent_covered": 100.0, "percent_covered_display": "100", "missing_lines": 0, "excluded_lines": 0}, "missing_lines": [], "excluded_lines": []}, "TaskState": {"executed_lines": [], "summary": {"covered_lines": 0, "num_statements": 0, "percent_covered": 100.0, "percent_covered_display": "100", "missing_lines": 0, "excluded_lines": 0}, "missing_lines": [], "excluded_lines": []}, "SecurityContext": {"executed_lines": [], "summary": {"covered_lines": 0, "num_statements": 0, "percent_covered": 100.0, "percent_covered_display": "100", "missing_lines": 0, "excluded_lines": 0}, "missing_lines": [], "excluded_lines": []}, "RetryContext": {"executed_lines": [], "summary": {"covered_lines": 0, "num_statements": 0, "percent_covered": 100.0, "percent_covered_display": "100", "missing_lines": 0, "excluded_lines": 0}, "missing_lines": [], "excluded_lines": []}, "WorkflowContext": {"executed_lines": [], "summary": {"covered_lines": 0, "num_statements": 0, "percent_covered": 100.0, "percent_covered_display": "100", "missing_lines": 0, "excluded_lines": 0}, "missing_lines": [], "excluded_lines": []}, "WorkflowInput": {"executed_lines": [], "summary": {"covered_lines": 0, "num_statements": 0, "percent_covered": 100.0, "percent_covered_display": "100", "missing_lines": 0, "excluded_lines": 0}, "missing_lines": [], "excluded_lines": []}, "WorkflowOutput": {"executed_lines": [], "summary": {"covered_lines": 0, "num_statements": 0, "percent_covered": 100.0, "percent_covered_display": "100", "missing_lines": 0, "excluded_lines": 0}, "missing_lines": [], "excluded_lines": []}, "DevTeamWorkflow": {"executed_lines": [115, 116, 117, 130, 133, 146, 148, 151, 154, 155, 158, 162, 165, 167, 176, 178, 180, 182, 193, 196, 206, 211, 212, 216, 219, 220, 221, 224, 231, 247, 248, 249, 250, 253, 254, 257, 258, 259, 260, 269, 272, 273, 274, 277, 293, 294, 295, 296, 297, 298, 301, 305, 306, 307, 311, 314, 315, 316, 319, 344, 359, 360, 361, 362, 363, 364, 365, 369, 370, 371, 373, 375, 379, 382, 397, 419, 420, 421, 433, 436, 450, 453], "summary": {"covered_lines": 82, "num_statements": 100, "percent_covered": 82.0, "percent_covered_display": "82", "missing_lines": 18, "excluded_lines": 0}, "missing_lines": [159, 194, 207, 217, 261, 262, 263, 265, 270, 302, 303, 312, 322, 340, 341, 380, 434, 451], "excluded_lines": []}, "": {"executed_lines": [1, 3, 4, 5, 6, 7, 9, 10, 12, 17, 23, 24, 26, 27, 28, 31, 32, 34, 35, 36, 37, 38, 39, 42, 43, 44, 46, 47, 48, 49, 52, 53, 54, 56, 57, 58, 59, 62, 63, 64, 66, 67, 68, 69, 70, 71, 72, 73, 74, 75, 76, 77, 80, 81, 82, 84, 85, 86, 87, 88, 91, 92, 93, 95, 96, 97, 98, 99, 100, 101, 104, 105, 106, 113, 119, 120, 191, 214, 267, 309, 367, 377, 395, 411, 412, 425, 426, 446], "summary": {"covered_lines": 79, "num_statements": 79, "percent_covered": 100.0, "percent_covered_display": "100", "missing_lines": 0, "excluded_lines": 0}, "missing_lines": [], "excluded_lines": []}}}, "orchestra/workflows/security_activities.py": {"executed_lines": [1, 3, 4, 5, 7, 9, 10, 12, 15, 16, 34, 40, 43, 44, 45, 46, 47, 50, 51, 52, 53, 54, 57, 58, 59, 60, 61, 66, 67, 69, 70, 73, 74, 75, 77, 79, 80, 85, 87, 88, 94, 102, 103, 119, 120, 121, 124, 133, 134, 140, 141, 148, 149, 156, 165, 171, 172, 188, 189, 190, 192, 201, 202, 203, 205, 208, 209, 216, 224, 225, 227, 228, 229, 239, 241, 242, 244, 251, 252, 253, 260, 268, 269, 279, 280, 281, 283, 292, 302, 305], "summary": {"covered_lines": 89, "num_statements": 89, "percent_covered": 100.0, "percent_covered_display": "100", "missing_lines": 0, "excluded_lines": 0}, "missing_lines": [], "excluded_lines": [], "functions": {"validate_security_activity": {"executed_lines": [34, 40, 43, 44, 45, 46, 47, 50, 51, 52, 53, 54, 57, 58, 59, 60, 61, 66, 67, 69, 70, 73, 74, 75, 77, 79, 80, 85, 87, 88, 94], "summary": {"covered_lines": 31, "num_statements": 31, "percent_covered": 100.0, "percent_covered_display": "100", "missing_lines": 0, "excluded_lines": 0}, "missing_lines": [], "excluded_lines": []}, "audit_log_activity": {"executed_lines": [119, 120, 121, 124, 133, 134, 140, 141, 148, 149, 156, 165], "summary": {"covered_lines": 12, "num_statements": 12, "percent_covered": 100.0, "percent_covered_display": "100", "missing_lines": 0, "excluded_lines": 0}, "missing_lines": [], "excluded_lines": []}, "validate_agent_output_activity": {"executed_lines": [188, 189, 190, 192, 201, 202, 203, 205, 208, 209, 216, 224, 225, 227, 228, 229, 239, 241, 242, 244, 251, 252, 253, 260], "summary": {"covered_lines": 24, "num_statements": 24, "percent_covered": 100.0, "percent_covered_display": "100", "missing_lines": 0, "excluded_lines": 0}, "missing_lines": [], "excluded_lines": []}, "check_rate_limits_activity": {"executed_lines": [279, 280, 281, 283, 292, 302, 305], "summary": {"covered_lines": 7, "num_statements": 7, "percent_covered": 100.0, "percent_covered_display": "100", "missing_lines": 0, "excluded_lines": 0}, "missing_lines": [], "excluded_lines": []}, "": {"executed_lines": [1, 3, 4, 5, 7, 9, 10, 12, 15, 16, 102, 103, 171, 172, 268, 269], "summary": {"covered_lines": 15, "num_statements": 15, "percent_covered": 100.0, "percent_covered_display": "100", "missing_lines": 0, "excluded_lines": 0}, "missing_lines": [], "excluded_lines": []}}, "classes": {"": {"executed_lines": [1, 3, 4, 5, 7, 9, 10, 12, 15, 16, 34, 40, 43, 44, 45, 46, 47, 50, 51, 52, 53, 54, 57, 58, 59, 60, 61, 66, 67, 69, 70, 73, 74, 75, 77, 79, 80, 85, 87, 88, 94, 102, 103, 119, 120, 121, 124, 133, 134, 140, 141, 148, 149, 156, 165, 171, 172, 188, 189, 190, 192, 201, 202, 203, 205, 208, 209, 216, 224, 225, 227, 228, 229, 239, 241, 242, 244, 251, 252, 253, 260, 268, 269, 279, 280, 281, 283, 292, 302, 305], "summary": {"covered_lines": 89, "num_statements": 89, "percent_covered": 100.0, "percent_covered_display": "100", "missing_lines": 0, "excluded_lines": 0}, "missing_lines": [], "excluded_lines": []}}}}, "totals": {"covered_lines": 4392, "num_statements": 5259, "percent_covered": 83.51397604107245, "percent_covered_display": "84", "missing_lines": 867, "excluded_lines": 0}}
