{"meta": {"format": 3, "version": "7.10.5", "timestamp": "2025-08-23T17:57:38.202016", "branch_coverage": false, "show_contexts": false}, "files": {"src/__init__.py": {"executed_lines": [1, 3, 4], "summary": {"covered_lines": 2, "num_statements": 2, "percent_covered": 100.0, "percent_covered_display": "100", "missing_lines": 0, "excluded_lines": 0}, "missing_lines": [], "excluded_lines": [], "functions": {"": {"executed_lines": [1, 3, 4], "summary": {"covered_lines": 2, "num_statements": 2, "percent_covered": 100.0, "percent_covered_display": "100", "missing_lines": 0, "excluded_lines": 0}, "missing_lines": [], "excluded_lines": []}}, "classes": {"": {"executed_lines": [1, 3, 4], "summary": {"covered_lines": 2, "num_statements": 2, "percent_covered": 100.0, "percent_covered_display": "100", "missing_lines": 0, "excluded_lines": 0}, "missing_lines": [], "excluded_lines": []}}}, "src/cli/__init__.py": {"executed_lines": [], "summary": {"covered_lines": 0, "num_statements": 0, "percent_covered": 100.0, "percent_covered_display": "100", "missing_lines": 0, "excluded_lines": 0}, "missing_lines": [], "excluded_lines": [], "functions": {"": {"executed_lines": [], "summary": {"covered_lines": 0, "num_statements": 0, "percent_covered": 100.0, "percent_covered_display": "100", "missing_lines": 0, "excluded_lines": 0}, "missing_lines": [], "excluded_lines": []}}, "classes": {"": {"executed_lines": [], "summary": {"covered_lines": 0, "num_statements": 0, "percent_covered": 100.0, "percent_covered_display": "100", "missing_lines": 0, "excluded_lines": 0}, "missing_lines": [], "excluded_lines": []}}}, "src/cli/circuit_breaker_commands.py": {"executed_lines": [], "summary": {"covered_lines": 0, "num_statements": 116, "percent_covered": 0.0, "percent_covered_display": "0", "missing_lines": 116, "excluded_lines": 0}, "missing_lines": [5, 6, 8, 9, 10, 11, 13, 20, 23, 30, 31, 35, 36, 37, 39, 42, 45, 46, 50, 53, 57, 60, 61, 62, 63, 64, 65, 66, 67, 69, 71, 72, 73, 74, 75, 76, 77, 79, 82, 83, 84, 85, 86, 88, 91, 92, 93, 97, 99, 108, 110, 113, 114, 115, 116, 117, 118, 122, 125, 126, 129, 131, 132, 133, 136, 137, 146, 147, 148, 149, 151, 153, 154, 155, 157, 159, 162, 167, 168, 172, 173, 174, 177, 178, 182, 183, 185, 186, 188, 189, 191, 193, 194, 195, 197, 198, 203, 204, 206, 210, 217, 223, 224, 225, 228, 229, 238, 239, 245, 246, 247, 249, 250, 251, 254, 255], "excluded_lines": [], "functions": {"circuit_breaker_status": {"executed_lines": [], "summary": {"covered_lines": 0, "num_statements": 53, "percent_covered": 0.0, "percent_covered_display": "0", "missing_lines": 53, "excluded_lines": 0}, "missing_lines": [35, 36, 37, 39, 42, 45, 46, 50, 53, 57, 60, 61, 62, 63, 64, 65, 66, 67, 69, 71, 72, 73, 74, 75, 76, 77, 79, 82, 83, 84, 85, 86, 88, 91, 92, 93, 97, 99, 108, 110, 113, 114, 115, 116, 117, 118, 122, 125, 126, 129, 131, 132, 133], "excluded_lines": []}, "reset_circuit_breakers": {"executed_lines": [], "summary": {"covered_lines": 0, "num_statements": 16, "percent_covered": 0.0, "percent_covered_display": "0", "missing_lines": 16, "excluded_lines": 0}, "missing_lines": [146, 147, 148, 149, 151, 153, 154, 155, 157, 159, 162, 167, 168, 172, 173, 174], "excluded_lines": []}, "circuit_breaker_health": {"executed_lines": [], "summary": {"covered_lines": 0, "num_statements": 20, "percent_covered": 0.0, "percent_covered_display": "0", "missing_lines": 20, "excluded_lines": 0}, "missing_lines": [182, 183, 185, 186, 188, 189, 191, 193, 194, 195, 197, 198, 203, 204, 206, 210, 217, 223, 224, 225], "excluded_lines": []}, "simulate_service_failure": {"executed_lines": [], "summary": {"covered_lines": 0, "num_statements": 8, "percent_covered": 0.0, "percent_covered_display": "0", "missing_lines": 8, "excluded_lines": 0}, "missing_lines": [238, 239, 245, 246, 247, 249, 250, 251], "excluded_lines": []}, "": {"executed_lines": [], "summary": {"covered_lines": 0, "num_statements": 19, "percent_covered": 0.0, "percent_covered_display": "0", "missing_lines": 19, "excluded_lines": 0}, "missing_lines": [5, 6, 8, 9, 10, 11, 13, 20, 23, 30, 31, 136, 137, 177, 178, 228, 229, 254, 255], "excluded_lines": []}}, "classes": {"": {"executed_lines": [], "summary": {"covered_lines": 0, "num_statements": 116, "percent_covered": 0.0, "percent_covered_display": "0", "missing_lines": 116, "excluded_lines": 0}, "missing_lines": [5, 6, 8, 9, 10, 11, 13, 20, 23, 30, 31, 35, 36, 37, 39, 42, 45, 46, 50, 53, 57, 60, 61, 62, 63, 64, 65, 66, 67, 69, 71, 72, 73, 74, 75, 76, 77, 79, 82, 83, 84, 85, 86, 88, 91, 92, 93, 97, 99, 108, 110, 113, 114, 115, 116, 117, 118, 122, 125, 126, 129, 131, 132, 133, 136, 137, 146, 147, 148, 149, 151, 153, 154, 155, 157, 159, 162, 167, 168, 172, 173, 174, 177, 178, 182, 183, 185, 186, 188, 189, 191, 193, 194, 195, 197, 198, 203, 204, 206, 210, 217, 223, 224, 225, 228, 229, 238, 239, 245, 246, 247, 249, 250, 251, 254, 255], "excluded_lines": []}}}, "src/cli/commands.py": {"executed_lines": [], "summary": {"covered_lines": 0, "num_statements": 224, "percent_covered": 0.0, "percent_covered_display": "0", "missing_lines": 224, "excluded_lines": 0}, "missing_lines": [3, 4, 6, 7, 8, 10, 11, 12, 13, 14, 15, 16, 19, 20, 21, 22, 24, 25, 28, 41, 43, 44, 46, 48, 49, 51, 53, 54, 56, 58, 61, 62, 69, 70, 72, 73, 76, 77, 79, 81, 82, 83, 84, 85, 86, 87, 90, 91, 93, 94, 97, 100, 101, 102, 103, 106, 107, 108, 109, 115, 117, 118, 119, 120, 123, 124, 126, 127, 128, 130, 131, 132, 135, 136, 137, 138, 139, 141, 142, 143, 144, 155, 157, 158, 159, 160, 163, 164, 171, 172, 175, 177, 178, 179, 182, 184, 185, 186, 187, 188, 190, 193, 194, 195, 197, 198, 199, 200, 201, 202, 203, 204, 205, 207, 209, 210, 211, 212, 215, 216, 218, 219, 220, 222, 225, 226, 228, 229, 230, 231, 234, 235, 237, 240, 243, 244, 245, 247, 248, 249, 250, 251, 254, 255, 258, 261, 265, 266, 268, 270, 273, 274, 276, 278, 280, 284, 287, 288, 289, 290, 291, 293, 295, 296, 299, 300, 301, 302, 303, 306, 307, 308, 309, 310, 311, 313, 315, 316, 319, 321, 324, 326, 329, 330, 332, 334, 337, 338, 340, 341, 342, 345, 346, 348, 350, 353, 354, 356, 357, 360, 361, 363, 365, 374, 376, 379, 380, 383, 384, 386, 387, 388, 391, 392, 393, 395, 396, 397, 398, 400, 402, 403, 405, 406], "excluded_lines": [], "functions": {"create_basic_command_group": {"executed_lines": [], "summary": {"covered_lines": 0, "num_statements": 8, "percent_covered": 0.0, "percent_covered_display": "0", "missing_lines": 8, "excluded_lines": 0}, "missing_lines": [41, 43, 44, 48, 49, 53, 54, 58], "excluded_lines": []}, "create_basic_command_group.version": {"executed_lines": [], "summary": {"covered_lines": 0, "num_statements": 1, "percent_covered": 0.0, "percent_covered_display": "0", "missing_lines": 1, "excluded_lines": 0}, "missing_lines": [46], "excluded_lines": []}, "create_basic_command_group.status": {"executed_lines": [], "summary": {"covered_lines": 0, "num_statements": 1, "percent_covered": 0.0, "percent_covered_display": "0", "missing_lines": 1, "excluded_lines": 0}, "missing_lines": [51], "excluded_lines": []}, "create_basic_command_group.list_commands": {"executed_lines": [], "summary": {"covered_lines": 0, "num_statements": 1, "percent_covered": 0.0, "percent_covered_display": "0", "missing_lines": 1, "excluded_lines": 0}, "missing_lines": [56], "excluded_lines": []}, "start_agent": {"executed_lines": [], "summary": {"covered_lines": 0, "num_statements": 14, "percent_covered": 0.0, "percent_covered_display": "0", "missing_lines": 14, "excluded_lines": 0}, "missing_lines": [69, 70, 72, 73, 76, 77, 79, 81, 82, 83, 84, 85, 86, 87], "excluded_lines": []}, "list_agents": {"executed_lines": [], "summary": {"covered_lines": 0, "num_statements": 16, "percent_covered": 0.0, "percent_covered_display": "0", "missing_lines": 16, "excluded_lines": 0}, "missing_lines": [93, 94, 97, 100, 101, 102, 103, 106, 107, 108, 109, 115, 117, 118, 119, 120], "excluded_lines": []}, "list_personas": {"executed_lines": [], "summary": {"covered_lines": 0, "num_statements": 20, "percent_covered": 0.0, "percent_covered_display": "0", "missing_lines": 20, "excluded_lines": 0}, "missing_lines": [126, 127, 128, 130, 131, 132, 135, 136, 137, 138, 139, 141, 142, 143, 144, 155, 157, 158, 159, 160], "excluded_lines": []}, "validate_persona": {"executed_lines": [], "summary": {"covered_lines": 0, "num_statements": 30, "percent_covered": 0.0, "percent_covered_display": "0", "missing_lines": 30, "excluded_lines": 0}, "missing_lines": [171, 172, 175, 177, 178, 179, 182, 184, 185, 186, 187, 188, 190, 193, 194, 195, 197, 198, 199, 200, 201, 202, 203, 204, 205, 207, 209, 210, 211, 212], "excluded_lines": []}, "reload_personas": {"executed_lines": [], "summary": {"covered_lines": 0, "num_statements": 10, "percent_covered": 0.0, "percent_covered_display": "0", "missing_lines": 10, "excluded_lines": 0}, "missing_lines": [218, 219, 220, 222, 225, 226, 228, 229, 230, 231], "excluded_lines": []}, "test_security": {"executed_lines": [], "summary": {"covered_lines": 0, "num_statements": 17, "percent_covered": 0.0, "percent_covered_display": "0", "missing_lines": 17, "excluded_lines": 0}, "missing_lines": [237, 240, 243, 244, 247, 248, 249, 250, 251, 254, 255, 258, 261, 265, 266, 268, 270], "excluded_lines": []}, "test_security.test_function": {"executed_lines": [], "summary": {"covered_lines": 0, "num_statements": 1, "percent_covered": 0.0, "percent_covered_display": "0", "missing_lines": 1, "excluded_lines": 0}, "missing_lines": [245], "excluded_lines": []}, "test_circuit_breaker": {"executed_lines": [], "summary": {"covered_lines": 0, "num_statements": 23, "percent_covered": 0.0, "percent_covered_display": "0", "missing_lines": 23, "excluded_lines": 0}, "missing_lines": [276, 278, 280, 284, 287, 288, 293, 295, 296, 299, 300, 301, 302, 303, 306, 307, 308, 309, 310, 311, 313, 315, 316], "excluded_lines": []}, "test_circuit_breaker.test_function": {"executed_lines": [], "summary": {"covered_lines": 0, "num_statements": 3, "percent_covered": 0.0, "percent_covered_display": "0", "missing_lines": 3, "excluded_lines": 0}, "missing_lines": [289, 290, 291], "excluded_lines": []}, "run_workflow": {"executed_lines": [], "summary": {"covered_lines": 0, "num_statements": 3, "percent_covered": 0.0, "percent_covered_display": "0", "missing_lines": 3, "excluded_lines": 0}, "missing_lines": [321, 324, 326], "excluded_lines": []}, "start_workflow": {"executed_lines": [], "summary": {"covered_lines": 0, "num_statements": 2, "percent_covered": 0.0, "percent_covered_display": "0", "missing_lines": 2, "excluded_lines": 0}, "missing_lines": [332, 334], "excluded_lines": []}, "list_workflows": {"executed_lines": [], "summary": {"covered_lines": 0, "num_statements": 3, "percent_covered": 0.0, "percent_covered_display": "0", "missing_lines": 3, "excluded_lines": 0}, "missing_lines": [340, 341, 342], "excluded_lines": []}, "show_config": {"executed_lines": [], "summary": {"covered_lines": 0, "num_statements": 2, "percent_covered": 0.0, "percent_covered_display": "0", "missing_lines": 2, "excluded_lines": 0}, "missing_lines": [348, 350], "excluded_lines": []}, "validate_config": {"executed_lines": [], "summary": {"covered_lines": 0, "num_statements": 2, "percent_covered": 0.0, "percent_covered_display": "0", "missing_lines": 2, "excluded_lines": 0}, "missing_lines": [356, 357], "excluded_lines": []}, "health_check": {"executed_lines": [], "summary": {"covered_lines": 0, "num_statements": 23, "percent_covered": 0.0, "percent_covered_display": "0", "missing_lines": 23, "excluded_lines": 0}, "missing_lines": [363, 365, 374, 376, 379, 380, 383, 384, 386, 387, 388, 391, 392, 393, 395, 396, 397, 398, 400, 402, 403, 405, 406], "excluded_lines": []}, "": {"executed_lines": [], "summary": {"covered_lines": 0, "num_statements": 44, "percent_covered": 0.0, "percent_covered_display": "0", "missing_lines": 44, "excluded_lines": 0}, "missing_lines": [3, 4, 6, 7, 8, 10, 11, 12, 13, 14, 15, 16, 19, 20, 21, 22, 24, 25, 28, 61, 62, 90, 91, 123, 124, 163, 164, 215, 216, 234, 235, 273, 274, 319, 329, 330, 337, 338, 345, 346, 353, 354, 360, 361], "excluded_lines": []}}, "classes": {"": {"executed_lines": [], "summary": {"covered_lines": 0, "num_statements": 224, "percent_covered": 0.0, "percent_covered_display": "0", "missing_lines": 224, "excluded_lines": 0}, "missing_lines": [3, 4, 6, 7, 8, 10, 11, 12, 13, 14, 15, 16, 19, 20, 21, 22, 24, 25, 28, 41, 43, 44, 46, 48, 49, 51, 53, 54, 56, 58, 61, 62, 69, 70, 72, 73, 76, 77, 79, 81, 82, 83, 84, 85, 86, 87, 90, 91, 93, 94, 97, 100, 101, 102, 103, 106, 107, 108, 109, 115, 117, 118, 119, 120, 123, 124, 126, 127, 128, 130, 131, 132, 135, 136, 137, 138, 139, 141, 142, 143, 144, 155, 157, 158, 159, 160, 163, 164, 171, 172, 175, 177, 178, 179, 182, 184, 185, 186, 187, 188, 190, 193, 194, 195, 197, 198, 199, 200, 201, 202, 203, 204, 205, 207, 209, 210, 211, 212, 215, 216, 218, 219, 220, 222, 225, 226, 228, 229, 230, 231, 234, 235, 237, 240, 243, 244, 245, 247, 248, 249, 250, 251, 254, 255, 258, 261, 265, 266, 268, 270, 273, 274, 276, 278, 280, 284, 287, 288, 289, 290, 291, 293, 295, 296, 299, 300, 301, 302, 303, 306, 307, 308, 309, 310, 311, 313, 315, 316, 319, 321, 324, 326, 329, 330, 332, 334, 337, 338, 340, 341, 342, 345, 346, 348, 350, 353, 354, 356, 357, 360, 361, 363, 365, 374, 376, 379, 380, 383, 384, 386, 387, 388, 391, 392, 393, 395, 396, 397, 398, 400, 402, 403, 405, 406], "excluded_lines": []}}}, "src/cli/main.py": {"executed_lines": [], "summary": {"covered_lines": 0, "num_statements": 117, "percent_covered": 0.0, "percent_covered_display": "0", "missing_lines": 117, "excluded_lines": 0}, "missing_lines": [3, 4, 5, 7, 8, 9, 11, 12, 13, 14, 15, 16, 19, 22, 25, 34, 35, 36, 37, 38, 41, 46, 49, 50, 70, 72, 73, 74, 75, 77, 80, 83, 84, 86, 89, 92, 93, 94, 97, 98, 100, 106, 107, 108, 109, 112, 113, 115, 116, 119, 122, 123, 129, 130, 132, 133, 135, 139, 140, 142, 143, 144, 146, 147, 148, 150, 151, 152, 153, 156, 157, 159, 160, 163, 164, 167, 168, 170, 171, 175, 177, 178, 179, 180, 181, 183, 186, 187, 190, 191, 193, 196, 198, 199, 200, 204, 207, 208, 210, 211, 213, 214, 215, 216, 217, 218, 221, 223, 224, 225, 226, 227, 228, 229, 230, 233, 234], "excluded_lines": [], "functions": {"main": {"executed_lines": [], "summary": {"covered_lines": 0, "num_statements": 21, "percent_covered": 0.0, "percent_covered_display": "0", "missing_lines": 21, "excluded_lines": 0}, "missing_lines": [70, 72, 73, 74, 75, 77, 80, 83, 84, 86, 89, 92, 93, 94, 97, 98, 100, 106, 107, 108, 109], "excluded_lines": []}, "version": {"executed_lines": [], "summary": {"covered_lines": 0, "num_statements": 3, "percent_covered": 0.0, "percent_covered_display": "0", "missing_lines": 3, "excluded_lines": 0}, "missing_lines": [115, 116, 119], "excluded_lines": []}, "serve": {"executed_lines": [], "summary": {"covered_lines": 0, "num_statements": 17, "percent_covered": 0.0, "percent_covered_display": "0", "missing_lines": 17, "excluded_lines": 0}, "missing_lines": [129, 130, 132, 133, 135, 139, 140, 142, 143, 144, 146, 147, 148, 150, 151, 152, 153], "excluded_lines": []}, "health": {"executed_lines": [], "summary": {"covered_lines": 0, "num_statements": 35, "percent_covered": 0.0, "percent_covered_display": "0", "missing_lines": 35, "excluded_lines": 0}, "missing_lines": [159, 160, 163, 164, 167, 168, 170, 171, 175, 177, 178, 179, 180, 181, 183, 186, 187, 190, 191, 193, 196, 198, 199, 200, 204, 207, 208, 210, 211, 213, 214, 215, 216, 217, 218], "excluded_lines": []}, "run_async_command": {"executed_lines": [], "summary": {"covered_lines": 0, "num_statements": 8, "percent_covered": 0.0, "percent_covered_display": "0", "missing_lines": 8, "excluded_lines": 0}, "missing_lines": [223, 224, 225, 226, 227, 228, 229, 230], "excluded_lines": []}, "": {"executed_lines": [], "summary": {"covered_lines": 0, "num_statements": 33, "percent_covered": 0.0, "percent_covered_display": "0", "missing_lines": 33, "excluded_lines": 0}, "missing_lines": [3, 4, 5, 7, 8, 9, 11, 12, 13, 14, 15, 16, 19, 22, 25, 34, 35, 36, 37, 38, 41, 46, 49, 50, 112, 113, 122, 123, 156, 157, 221, 233, 234], "excluded_lines": []}}, "classes": {"": {"executed_lines": [], "summary": {"covered_lines": 0, "num_statements": 117, "percent_covered": 0.0, "percent_covered_display": "0", "missing_lines": 117, "excluded_lines": 0}, "missing_lines": [3, 4, 5, 7, 8, 9, 11, 12, 13, 14, 15, 16, 19, 22, 25, 34, 35, 36, 37, 38, 41, 46, 49, 50, 70, 72, 73, 74, 75, 77, 80, 83, 84, 86, 89, 92, 93, 94, 97, 98, 100, 106, 107, 108, 109, 112, 113, 115, 116, 119, 122, 123, 129, 130, 132, 133, 135, 139, 140, 142, 143, 144, 146, 147, 148, 150, 151, 152, 153, 156, 157, 159, 160, 163, 164, 167, 168, 170, 171, 175, 177, 178, 179, 180, 181, 183, 186, 187, 190, 191, 193, 196, 198, 199, 200, 204, 207, 208, 210, 211, 213, 214, 215, 216, 217, 218, 221, 223, 224, 225, 226, 227, 228, 229, 230, 233, 234], "excluded_lines": []}}}, "src/cli/output.py": {"executed_lines": [], "summary": {"covered_lines": 0, "num_statements": 121, "percent_covered": 0.0, "percent_covered_display": "0", "missing_lines": 121, "excluded_lines": 0}, "missing_lines": [3, 5, 6, 7, 8, 9, 10, 13, 15, 18, 20, 23, 25, 28, 30, 34, 37, 39, 42, 44, 47, 49, 52, 54, 57, 59, 61, 62, 63, 64, 66, 67, 68, 70, 77, 80, 82, 86, 87, 88, 89, 90, 92, 93, 100, 101, 103, 111, 114, 118, 123, 124, 125, 134, 135, 144, 147, 151, 153, 156, 157, 158, 159, 160, 161, 164, 165, 166, 167, 169, 172, 176, 178, 179, 181, 182, 185, 189, 193, 194, 195, 196, 198, 206, 207, 212, 214, 222, 224, 227, 228, 229, 231, 234, 235, 236, 239, 240, 242, 243, 245, 248, 249, 250, 251, 252, 255, 256, 259, 262, 264, 265, 268, 270, 272, 273, 274, 275, 277, 285, 286], "excluded_lines": [], "functions": {"error_panel": {"executed_lines": [], "summary": {"covered_lines": 0, "num_statements": 1, "percent_covered": 0.0, "percent_covered_display": "0", "missing_lines": 1, "excluded_lines": 0}, "missing_lines": [15], "excluded_lines": []}, "info_panel": {"executed_lines": [], "summary": {"covered_lines": 0, "num_statements": 1, "percent_covered": 0.0, "percent_covered_display": "0", "missing_lines": 1, "excluded_lines": 0}, "missing_lines": [20], "excluded_lines": []}, "success_panel": {"executed_lines": [], "summary": {"covered_lines": 0, "num_statements": 1, "percent_covered": 0.0, "percent_covered_display": "0", "missing_lines": 1, "excluded_lines": 0}, "missing_lines": [25], "excluded_lines": []}, "display_banner": {"executed_lines": [], "summary": {"covered_lines": 0, "num_statements": 2, "percent_covered": 0.0, "percent_covered_display": "0", "missing_lines": 2, "excluded_lines": 0}, "missing_lines": [30, 34], "excluded_lines": []}, "display_success": {"executed_lines": [], "summary": {"covered_lines": 0, "num_statements": 1, "percent_covered": 0.0, "percent_covered_display": "0", "missing_lines": 1, "excluded_lines": 0}, "missing_lines": [39], "excluded_lines": []}, "display_error": {"executed_lines": [], "summary": {"covered_lines": 0, "num_statements": 1, "percent_covered": 0.0, "percent_covered_display": "0", "missing_lines": 1, "excluded_lines": 0}, "missing_lines": [44], "excluded_lines": []}, "display_warning": {"executed_lines": [], "summary": {"covered_lines": 0, "num_statements": 1, "percent_covered": 0.0, "percent_covered_display": "0", "missing_lines": 1, "excluded_lines": 0}, "missing_lines": [49], "excluded_lines": []}, "display_info": {"executed_lines": [], "summary": {"covered_lines": 0, "num_statements": 1, "percent_covered": 0.0, "percent_covered_display": "0", "missing_lines": 1, "excluded_lines": 0}, "missing_lines": [54], "excluded_lines": []}, "display_agent_status": {"executed_lines": [], "summary": {"covered_lines": 0, "num_statements": 10, "percent_covered": 0.0, "percent_covered_display": "0", "missing_lines": 10, "excluded_lines": 0}, "missing_lines": [59, 61, 62, 63, 64, 66, 67, 68, 70, 77], "excluded_lines": []}, "display_workflow_status": {"executed_lines": [], "summary": {"covered_lines": 0, "num_statements": 12, "percent_covered": 0.0, "percent_covered_display": "0", "missing_lines": 12, "excluded_lines": 0}, "missing_lines": [82, 86, 87, 88, 89, 90, 92, 93, 100, 101, 103, 111], "excluded_lines": []}, "display_code_diff": {"executed_lines": [], "summary": {"covered_lines": 0, "num_statements": 7, "percent_covered": 0.0, "percent_covered_display": "0", "missing_lines": 7, "excluded_lines": 0}, "missing_lines": [118, 123, 124, 125, 134, 135, 144], "excluded_lines": []}, "display_config_tree": {"executed_lines": [], "summary": {"covered_lines": 0, "num_statements": 4, "percent_covered": 0.0, "percent_covered_display": "0", "missing_lines": 4, "excluded_lines": 0}, "missing_lines": [151, 153, 181, 182], "excluded_lines": []}, "display_config_tree.add_dict_to_tree": {"executed_lines": [], "summary": {"covered_lines": 0, "num_statements": 15, "percent_covered": 0.0, "percent_covered_display": "0", "missing_lines": 15, "excluded_lines": 0}, "missing_lines": [156, 157, 158, 159, 160, 161, 164, 165, 166, 167, 169, 172, 176, 178, 179], "excluded_lines": []}, "display_logs": {"executed_lines": [], "summary": {"covered_lines": 0, "num_statements": 8, "percent_covered": 0.0, "percent_covered_display": "0", "missing_lines": 8, "excluded_lines": 0}, "missing_lines": [189, 193, 194, 195, 196, 198, 206, 207], "excluded_lines": []}, "create_progress_bar": {"executed_lines": [], "summary": {"covered_lines": 0, "num_statements": 1, "percent_covered": 0.0, "percent_covered_display": "0", "missing_lines": 1, "excluded_lines": 0}, "missing_lines": [214], "excluded_lines": []}, "display_security_scan_results": {"executed_lines": [], "summary": {"covered_lines": 0, "num_statements": 24, "percent_covered": 0.0, "percent_covered_display": "0", "missing_lines": 24, "excluded_lines": 0}, "missing_lines": [224, 227, 228, 229, 231, 234, 235, 236, 239, 240, 242, 243, 245, 248, 249, 250, 251, 252, 255, 256, 259, 262, 264, 265], "excluded_lines": []}, "display_task_progress": {"executed_lines": [], "summary": {"covered_lines": 0, "num_statements": 8, "percent_covered": 0.0, "percent_covered_display": "0", "missing_lines": 8, "excluded_lines": 0}, "missing_lines": [270, 272, 273, 274, 275, 277, 285, 286], "excluded_lines": []}, "": {"executed_lines": [], "summary": {"covered_lines": 0, "num_statements": 23, "percent_covered": 0.0, "percent_covered_display": "0", "missing_lines": 23, "excluded_lines": 0}, "missing_lines": [3, 5, 6, 7, 8, 9, 10, 13, 18, 23, 28, 37, 42, 47, 52, 57, 80, 114, 147, 185, 212, 222, 268], "excluded_lines": []}}, "classes": {"": {"executed_lines": [], "summary": {"covered_lines": 0, "num_statements": 121, "percent_covered": 0.0, "percent_covered_display": "0", "missing_lines": 121, "excluded_lines": 0}, "missing_lines": [3, 5, 6, 7, 8, 9, 10, 13, 15, 18, 20, 23, 25, 28, 30, 34, 37, 39, 42, 44, 47, 49, 52, 54, 57, 59, 61, 62, 63, 64, 66, 67, 68, 70, 77, 80, 82, 86, 87, 88, 89, 90, 92, 93, 100, 101, 103, 111, 114, 118, 123, 124, 125, 134, 135, 144, 147, 151, 153, 156, 157, 158, 159, 160, 161, 164, 165, 166, 167, 169, 172, 176, 178, 179, 181, 182, 185, 189, 193, 194, 195, 196, 198, 206, 207, 212, 214, 222, 224, 227, 228, 229, 231, 234, 235, 236, 239, 240, 242, 243, 245, 248, 249, 250, 251, 252, 255, 256, 259, 262, 264, 265, 268, 270, 272, 273, 274, 275, 277, 285, 286], "excluded_lines": []}}}, "src/cli/security_commands.py": {"executed_lines": [], "summary": {"covered_lines": 0, "num_statements": 172, "percent_covered": 0.0, "percent_covered_display": "0", "missing_lines": 172, "excluded_lines": 0}, "missing_lines": [5, 6, 7, 8, 10, 11, 12, 14, 17, 20, 27, 28, 32, 33, 36, 38, 39, 42, 44, 45, 46, 47, 50, 53, 59, 64, 67, 70, 74, 77, 82, 83, 84, 85, 92, 97, 100, 101, 102, 105, 106, 110, 111, 112, 115, 116, 120, 121, 122, 124, 125, 127, 129, 130, 131, 133, 134, 135, 136, 137, 138, 139, 141, 143, 144, 145, 146, 147, 148, 149, 150, 151, 152, 154, 155, 157, 166, 168, 169, 170, 173, 174, 188, 189, 191, 194, 197, 198, 199, 200, 201, 202, 205, 206, 207, 208, 210, 211, 212, 215, 217, 218, 219, 221, 222, 223, 230, 237, 238, 239, 242, 243, 247, 248, 250, 251, 254, 255, 262, 265, 266, 271, 274, 275, 280, 285, 286, 291, 296, 297, 298, 302, 307, 308, 309, 310, 313, 316, 318, 319, 320, 323, 324, 332, 333, 334, 336, 338, 339, 341, 342, 344, 347, 348, 350, 352, 353, 354, 358, 363, 364, 367, 375, 376, 379, 380, 381, 383, 385, 386, 389, 390], "excluded_lines": [], "functions": {"security_status": {"executed_lines": [], "summary": {"covered_lines": 0, "num_statements": 32, "percent_covered": 0.0, "percent_covered_display": "0", "missing_lines": 32, "excluded_lines": 0}, "missing_lines": [32, 33, 36, 38, 39, 42, 44, 45, 46, 47, 50, 53, 59, 64, 67, 70, 74, 77, 82, 83, 84, 85, 92, 97, 100, 101, 102, 105, 106, 110, 111, 112], "excluded_lines": []}, "list_agent_metrics": {"executed_lines": [], "summary": {"covered_lines": 0, "num_statements": 34, "percent_covered": 0.0, "percent_covered_display": "0", "missing_lines": 34, "excluded_lines": 0}, "missing_lines": [120, 121, 122, 124, 125, 127, 129, 130, 131, 133, 134, 135, 136, 137, 138, 139, 141, 143, 144, 145, 146, 147, 148, 149, 150, 151, 152, 154, 155, 157, 166, 168, 169, 170], "excluded_lines": []}, "show_security_logs": {"executed_lines": [], "summary": {"covered_lines": 0, "num_statements": 28, "percent_covered": 0.0, "percent_covered_display": "0", "missing_lines": 28, "excluded_lines": 0}, "missing_lines": [188, 189, 191, 194, 197, 198, 199, 200, 201, 202, 205, 206, 207, 208, 210, 211, 212, 215, 217, 218, 219, 221, 222, 223, 230, 237, 238, 239], "excluded_lines": []}, "test_security_monitoring": {"executed_lines": [], "summary": {"covered_lines": 0, "num_statements": 29, "percent_covered": 0.0, "percent_covered_display": "0", "missing_lines": 29, "excluded_lines": 0}, "missing_lines": [247, 248, 250, 251, 254, 255, 262, 265, 266, 271, 274, 275, 280, 285, 286, 291, 296, 297, 298, 302, 307, 308, 309, 310, 313, 316, 318, 319, 320], "excluded_lines": []}, "generate_security_report": {"executed_lines": [], "summary": {"covered_lines": 0, "num_statements": 15, "percent_covered": 0.0, "percent_covered_display": "0", "missing_lines": 15, "excluded_lines": 0}, "missing_lines": [332, 333, 334, 336, 338, 339, 341, 342, 344, 347, 348, 350, 352, 353, 354], "excluded_lines": []}, "security_health_check": {"executed_lines": [], "summary": {"covered_lines": 0, "num_statements": 11, "percent_covered": 0.0, "percent_covered_display": "0", "missing_lines": 11, "excluded_lines": 0}, "missing_lines": [363, 364, 367, 375, 376, 379, 380, 381, 383, 385, 386], "excluded_lines": []}, "": {"executed_lines": [], "summary": {"covered_lines": 0, "num_statements": 23, "percent_covered": 0.0, "percent_covered_display": "0", "missing_lines": 23, "excluded_lines": 0}, "missing_lines": [5, 6, 7, 8, 10, 11, 12, 14, 17, 20, 27, 28, 115, 116, 173, 174, 242, 243, 323, 324, 358, 389, 390], "excluded_lines": []}}, "classes": {"": {"executed_lines": [], "summary": {"covered_lines": 0, "num_statements": 172, "percent_covered": 0.0, "percent_covered_display": "0", "missing_lines": 172, "excluded_lines": 0}, "missing_lines": [5, 6, 7, 8, 10, 11, 12, 14, 17, 20, 27, 28, 32, 33, 36, 38, 39, 42, 44, 45, 46, 47, 50, 53, 59, 64, 67, 70, 74, 77, 82, 83, 84, 85, 92, 97, 100, 101, 102, 105, 106, 110, 111, 112, 115, 116, 120, 121, 122, 124, 125, 127, 129, 130, 131, 133, 134, 135, 136, 137, 138, 139, 141, 143, 144, 145, 146, 147, 148, 149, 150, 151, 152, 154, 155, 157, 166, 168, 169, 170, 173, 174, 188, 189, 191, 194, 197, 198, 199, 200, 201, 202, 205, 206, 207, 208, 210, 211, 212, 215, 217, 218, 219, 221, 222, 223, 230, 237, 238, 239, 242, 243, 247, 248, 250, 251, 254, 255, 262, 265, 266, 271, 274, 275, 280, 285, 286, 291, 296, 297, 298, 302, 307, 308, 309, 310, 313, 316, 318, 319, 320, 323, 324, 332, 333, 334, 336, 338, 339, 341, 342, 344, 347, 348, 350, 352, 353, 354, 358, 363, 364, 367, 375, 376, 379, 380, 381, 383, 385, 386, 389, 390], "excluded_lines": []}}}, "src/config/__init__.py": {"executed_lines": [1], "summary": {"covered_lines": 0, "num_statements": 0, "percent_covered": 100.0, "percent_covered_display": "100", "missing_lines": 0, "excluded_lines": 0}, "missing_lines": [], "excluded_lines": [], "functions": {"": {"executed_lines": [1], "summary": {"covered_lines": 0, "num_statements": 0, "percent_covered": 100.0, "percent_covered_display": "100", "missing_lines": 0, "excluded_lines": 0}, "missing_lines": [], "excluded_lines": []}}, "classes": {"": {"executed_lines": [1], "summary": {"covered_lines": 0, "num_statements": 0, "percent_covered": 100.0, "percent_covered_display": "100", "missing_lines": 0, "excluded_lines": 0}, "missing_lines": [], "excluded_lines": []}}}, "src/config/settings.py": {"executed_lines": [1, 3, 4, 7, 8, 10, 11, 12, 13, 14, 16, 18, 19, 24, 25, 27, 28, 29, 30, 32, 34, 35, 40, 41, 43, 44, 45, 48, 49, 51, 53, 54, 55, 62, 63, 65, 66, 67, 68, 71, 74, 76, 79, 80, 82, 83, 84, 86, 89, 90, 92, 95, 98, 102, 106, 109, 110, 112, 113, 114, 116, 118, 119, 120, 128, 129, 132, 133, 134, 138, 141, 142, 143, 144, 145, 146, 147, 149, 153, 154, 155, 162, 166, 170, 176, 179, 187], "summary": {"covered_lines": 78, "num_statements": 99, "percent_covered": 78.78787878787878, "percent_covered_display": "79", "missing_lines": 21, "excluded_lines": 0}, "missing_lines": [21, 37, 57, 58, 59, 122, 123, 124, 125, 157, 158, 159, 160, 164, 168, 172, 182, 183, 184, 190, 191], "excluded_lines": [], "functions": {"DatabaseSettings.url": {"executed_lines": [], "summary": {"covered_lines": 0, "num_statements": 1, "percent_covered": 0.0, "percent_covered_display": "0", "missing_lines": 1, "excluded_lines": 0}, "missing_lines": [21], "excluded_lines": []}, "TemporalSettings.address": {"executed_lines": [], "summary": {"covered_lines": 0, "num_statements": 1, "percent_covered": 0.0, "percent_covered_display": "0", "missing_lines": 1, "excluded_lines": 0}, "missing_lines": [37], "excluded_lines": []}, "OpenAISettings.validate_api_key": {"executed_lines": [], "summary": {"covered_lines": 0, "num_statements": 3, "percent_covered": 0.0, "percent_covered_display": "0", "missing_lines": 3, "excluded_lines": 0}, "missing_lines": [57, 58, 59], "excluded_lines": []}, "LoggingSettings.validate_log_level": {"executed_lines": [], "summary": {"covered_lines": 0, "num_statements": 4, "percent_covered": 0.0, "percent_covered_display": "0", "missing_lines": 4, "excluded_lines": 0}, "missing_lines": [122, 123, 124, 125], "excluded_lines": []}, "Settings.validate_environment": {"executed_lines": [], "summary": {"covered_lines": 0, "num_statements": 4, "percent_covered": 0.0, "percent_covered_display": "0", "missing_lines": 4, "excluded_lines": 0}, "missing_lines": [157, 158, 159, 160], "excluded_lines": []}, "Settings.is_production": {"executed_lines": [], "summary": {"covered_lines": 0, "num_statements": 1, "percent_covered": 0.0, "percent_covered_display": "0", "missing_lines": 1, "excluded_lines": 0}, "missing_lines": [164], "excluded_lines": []}, "Settings.is_development": {"executed_lines": [], "summary": {"covered_lines": 0, "num_statements": 1, "percent_covered": 0.0, "percent_covered_display": "0", "missing_lines": 1, "excluded_lines": 0}, "missing_lines": [168], "excluded_lines": []}, "Settings.is_test": {"executed_lines": [], "summary": {"covered_lines": 0, "num_statements": 1, "percent_covered": 0.0, "percent_covered_display": "0", "missing_lines": 1, "excluded_lines": 0}, "missing_lines": [172], "excluded_lines": []}, "get_settings": {"executed_lines": [], "summary": {"covered_lines": 0, "num_statements": 3, "percent_covered": 0.0, "percent_covered_display": "0", "missing_lines": 3, "excluded_lines": 0}, "missing_lines": [182, 183, 184], "excluded_lines": []}, "reload_settings": {"executed_lines": [], "summary": {"covered_lines": 0, "num_statements": 2, "percent_covered": 0.0, "percent_covered_display": "0", "missing_lines": 2, "excluded_lines": 0}, "missing_lines": [190, 191], "excluded_lines": []}, "": {"executed_lines": [1, 3, 4, 7, 8, 10, 11, 12, 13, 14, 16, 18, 19, 24, 25, 27, 28, 29, 30, 32, 34, 35, 40, 41, 43, 44, 45, 48, 49, 51, 53, 54, 55, 62, 63, 65, 66, 67, 68, 71, 74, 76, 79, 80, 82, 83, 84, 86, 89, 90, 92, 95, 98, 102, 106, 109, 110, 112, 113, 114, 116, 118, 119, 120, 128, 129, 132, 133, 134, 138, 141, 142, 143, 144, 145, 146, 147, 149, 153, 154, 155, 162, 166, 170, 176, 179, 187], "summary": {"covered_lines": 78, "num_statements": 78, "percent_covered": 100.0, "percent_covered_display": "100", "missing_lines": 0, "excluded_lines": 0}, "missing_lines": [], "excluded_lines": []}}, "classes": {"DatabaseSettings": {"executed_lines": [], "summary": {"covered_lines": 0, "num_statements": 1, "percent_covered": 0.0, "percent_covered_display": "0", "missing_lines": 1, "excluded_lines": 0}, "missing_lines": [21], "excluded_lines": []}, "TemporalSettings": {"executed_lines": [], "summary": {"covered_lines": 0, "num_statements": 1, "percent_covered": 0.0, "percent_covered_display": "0", "missing_lines": 1, "excluded_lines": 0}, "missing_lines": [37], "excluded_lines": []}, "OpenAISettings": {"executed_lines": [], "summary": {"covered_lines": 0, "num_statements": 3, "percent_covered": 0.0, "percent_covered_display": "0", "missing_lines": 3, "excluded_lines": 0}, "missing_lines": [57, 58, 59], "excluded_lines": []}, "QdrantSettings": {"executed_lines": [], "summary": {"covered_lines": 0, "num_statements": 0, "percent_covered": 100.0, "percent_covered_display": "100", "missing_lines": 0, "excluded_lines": 0}, "missing_lines": [], "excluded_lines": []}, "GitHubSettings": {"executed_lines": [], "summary": {"covered_lines": 0, "num_statements": 0, "percent_covered": 100.0, "percent_covered_display": "100", "missing_lines": 0, "excluded_lines": 0}, "missing_lines": [], "excluded_lines": []}, "SecuritySettings": {"executed_lines": [], "summary": {"covered_lines": 0, "num_statements": 0, "percent_covered": 100.0, "percent_covered_display": "100", "missing_lines": 0, "excluded_lines": 0}, "missing_lines": [], "excluded_lines": []}, "LoggingSettings": {"executed_lines": [], "summary": {"covered_lines": 0, "num_statements": 4, "percent_covered": 0.0, "percent_covered_display": "0", "missing_lines": 4, "excluded_lines": 0}, "missing_lines": [122, 123, 124, 125], "excluded_lines": []}, "Settings": {"executed_lines": [], "summary": {"covered_lines": 0, "num_statements": 7, "percent_covered": 0.0, "percent_covered_display": "0", "missing_lines": 7, "excluded_lines": 0}, "missing_lines": [157, 158, 159, 160, 164, 168, 172], "excluded_lines": []}, "": {"executed_lines": [1, 3, 4, 7, 8, 10, 11, 12, 13, 14, 16, 18, 19, 24, 25, 27, 28, 29, 30, 32, 34, 35, 40, 41, 43, 44, 45, 48, 49, 51, 53, 54, 55, 62, 63, 65, 66, 67, 68, 71, 74, 76, 79, 80, 82, 83, 84, 86, 89, 90, 92, 95, 98, 102, 106, 109, 110, 112, 113, 114, 116, 118, 119, 120, 128, 129, 132, 133, 134, 138, 141, 142, 143, 144, 145, 146, 147, 149, 153, 154, 155, 162, 166, 170, 176, 179, 187], "summary": {"covered_lines": 78, "num_statements": 83, "percent_covered": 93.97590361445783, "percent_covered_display": "94", "missing_lines": 5, "excluded_lines": 0}, "missing_lines": [182, 183, 184, 190, 191], "excluded_lines": []}}}, "src/personas/__init__.py": {"executed_lines": [], "summary": {"covered_lines": 0, "num_statements": 0, "percent_covered": 100.0, "percent_covered_display": "100", "missing_lines": 0, "excluded_lines": 0}, "missing_lines": [], "excluded_lines": [], "functions": {"": {"executed_lines": [], "summary": {"covered_lines": 0, "num_statements": 0, "percent_covered": 100.0, "percent_covered_display": "100", "missing_lines": 0, "excluded_lines": 0}, "missing_lines": [], "excluded_lines": []}}, "classes": {"": {"executed_lines": [], "summary": {"covered_lines": 0, "num_statements": 0, "percent_covered": 100.0, "percent_covered_display": "100", "missing_lines": 0, "excluded_lines": 0}, "missing_lines": [], "excluded_lines": []}}}, "src/security/__init__.py": {"executed_lines": [], "summary": {"covered_lines": 0, "num_statements": 3, "percent_covered": 0.0, "percent_covered_display": "0", "missing_lines": 3, "excluded_lines": 0}, "missing_lines": [7, 12, 20], "excluded_lines": [], "functions": {"": {"executed_lines": [], "summary": {"covered_lines": 0, "num_statements": 3, "percent_covered": 0.0, "percent_covered_display": "0", "missing_lines": 3, "excluded_lines": 0}, "missing_lines": [7, 12, 20], "excluded_lines": []}}, "classes": {"": {"executed_lines": [], "summary": {"covered_lines": 0, "num_statements": 3, "percent_covered": 0.0, "percent_covered_display": "0", "missing_lines": 3, "excluded_lines": 0}, "missing_lines": [7, 12, 20], "excluded_lines": []}}}, "src/security/ai_agent_monitor.py": {"executed_lines": [], "summary": {"covered_lines": 0, "num_statements": 208, "percent_covered": 0.0, "percent_covered_display": "0", "missing_lines": 208, "excluded_lines": 0}, "missing_lines": [8, 9, 10, 11, 12, 13, 14, 15, 16, 19, 22, 25, 26, 27, 28, 29, 30, 31, 32, 33, 34, 37, 40, 41, 42, 43, 46, 58, 59, 60, 63, 64, 65, 68, 71, 87, 96, 104, 108, 129, 130, 133, 146, 147, 150, 151, 153, 154, 156, 170, 171, 174, 175, 176, 183, 186, 187, 188, 195, 198, 199, 205, 208, 209, 220, 231, 245, 246, 249, 250, 251, 252, 260, 263, 264, 265, 272, 275, 276, 283, 286, 287, 298, 305, 323, 325, 335, 336, 339, 340, 341, 342, 345, 346, 347, 348, 349, 350, 352, 354, 365, 366, 368, 370, 371, 372, 373, 374, 375, 376, 377, 378, 381, 382, 383, 384, 385, 386, 387, 388, 389, 391, 392, 395, 396, 397, 400, 402, 417, 424, 427, 430, 433, 434, 435, 436, 437, 439, 450, 452, 453, 454, 456, 458, 459, 460, 462, 464, 465, 466, 467, 470, 471, 474, 479, 480, 483, 484, 486, 488, 490, 491, 492, 493, 494, 496, 498, 499, 501, 502, 503, 504, 505, 506, 507, 510, 511, 512, 513, 514, 515, 517, 519, 523, 525, 526, 527, 529, 530, 531, 536, 539, 540, 546, 548, 552, 555, 556, 557, 563, 564, 565, 571, 572, 573, 578, 579, 581], "excluded_lines": [], "functions": {"AIAgentSecurityMonitor.__init__": {"executed_lines": [], "summary": {"covered_lines": 0, "num_statements": 10, "percent_covered": 0.0, "percent_covered_display": "0", "missing_lines": 10, "excluded_lines": 0}, "missing_lines": [59, 60, 63, 64, 65, 68, 71, 87, 96, 104], "excluded_lines": []}, "AIAgentSecurityMonitor.log_agent_operation": {"executed_lines": [], "summary": {"covered_lines": 0, "num_statements": 9, "percent_covered": 0.0, "percent_covered_display": "0", "missing_lines": 9, "excluded_lines": 0}, "missing_lines": [129, 130, 133, 146, 147, 150, 151, 153, 154], "excluded_lines": []}, "AIAgentSecurityMonitor.check_input_security": {"executed_lines": [], "summary": {"covered_lines": 0, "num_statements": 16, "percent_covered": 0.0, "percent_covered_display": "0", "missing_lines": 16, "excluded_lines": 0}, "missing_lines": [170, 171, 174, 175, 176, 183, 186, 187, 188, 195, 198, 199, 205, 208, 209, 220], "excluded_lines": []}, "AIAgentSecurityMonitor.check_output_security": {"executed_lines": [], "summary": {"covered_lines": 0, "num_statements": 17, "percent_covered": 0.0, "percent_covered_display": "0", "missing_lines": 17, "excluded_lines": 0}, "missing_lines": [245, 246, 249, 250, 251, 252, 260, 263, 264, 265, 272, 275, 276, 283, 286, 287, 298], "excluded_lines": []}, "AIAgentSecurityMonitor.log_security_event": {"executed_lines": [], "summary": {"covered_lines": 0, "num_statements": 15, "percent_covered": 0.0, "percent_covered_display": "0", "missing_lines": 15, "excluded_lines": 0}, "missing_lines": [323, 325, 335, 336, 339, 340, 341, 342, 345, 346, 347, 348, 349, 350, 352], "excluded_lines": []}, "AIAgentSecurityMonitor.get_agent_metrics": {"executed_lines": [], "summary": {"covered_lines": 0, "num_statements": 28, "percent_covered": 0.0, "percent_covered_display": "0", "missing_lines": 28, "excluded_lines": 0}, "missing_lines": [365, 366, 368, 370, 371, 372, 373, 374, 375, 376, 377, 378, 381, 382, 383, 384, 385, 386, 387, 388, 389, 391, 392, 395, 396, 397, 400, 402], "excluded_lines": []}, "AIAgentSecurityMonitor.generate_security_report": {"executed_lines": [], "summary": {"covered_lines": 0, "num_statements": 9, "percent_covered": 0.0, "percent_covered_display": "0", "missing_lines": 9, "excluded_lines": 0}, "missing_lines": [424, 427, 430, 433, 434, 435, 436, 437, 439], "excluded_lines": []}, "AIAgentSecurityMonitor._generate_operation_id": {"executed_lines": [], "summary": {"covered_lines": 0, "num_statements": 3, "percent_covered": 0.0, "percent_covered_display": "0", "missing_lines": 3, "excluded_lines": 0}, "missing_lines": [452, 453, 454], "excluded_lines": []}, "AIAgentSecurityMonitor._hash_content": {"executed_lines": [], "summary": {"covered_lines": 0, "num_statements": 3, "percent_covered": 0.0, "percent_covered_display": "0", "missing_lines": 3, "excluded_lines": 0}, "missing_lines": [458, 459, 460], "excluded_lines": []}, "AIAgentSecurityMonitor._is_rate_limited": {"executed_lines": [], "summary": {"covered_lines": 0, "num_statements": 11, "percent_covered": 0.0, "percent_covered_display": "0", "missing_lines": 11, "excluded_lines": 0}, "missing_lines": [464, 465, 466, 467, 470, 471, 474, 479, 480, 483, 484], "excluded_lines": []}, "AIAgentSecurityMonitor._update_metrics": {"executed_lines": [], "summary": {"covered_lines": 0, "num_statements": 6, "percent_covered": 0.0, "percent_covered_display": "0", "missing_lines": 6, "excluded_lines": 0}, "missing_lines": [488, 490, 491, 492, 493, 494], "excluded_lines": []}, "AIAgentSecurityMonitor._get_recent_events": {"executed_lines": [], "summary": {"covered_lines": 0, "num_statements": 16, "percent_covered": 0.0, "percent_covered_display": "0", "missing_lines": 16, "excluded_lines": 0}, "missing_lines": [498, 499, 501, 502, 503, 504, 505, 506, 507, 510, 511, 512, 513, 514, 515, 517], "excluded_lines": []}, "AIAgentSecurityMonitor._analyze_top_concerns": {"executed_lines": [], "summary": {"covered_lines": 0, "num_statements": 11, "percent_covered": 0.0, "percent_covered_display": "0", "missing_lines": 11, "excluded_lines": 0}, "missing_lines": [523, 525, 526, 527, 529, 530, 531, 536, 539, 540, 546], "excluded_lines": []}, "AIAgentSecurityMonitor._generate_recommendations": {"executed_lines": [], "summary": {"covered_lines": 0, "num_statements": 13, "percent_covered": 0.0, "percent_covered_display": "0", "missing_lines": 13, "excluded_lines": 0}, "missing_lines": [552, 555, 556, 557, 563, 564, 565, 571, 572, 573, 578, 579, 581], "excluded_lines": []}, "": {"executed_lines": [], "summary": {"covered_lines": 0, "num_statements": 41, "percent_covered": 0.0, "percent_covered_display": "0", "missing_lines": 41, "excluded_lines": 0}, "missing_lines": [8, 9, 10, 11, 12, 13, 14, 15, 16, 19, 22, 25, 26, 27, 28, 29, 30, 31, 32, 33, 34, 37, 40, 41, 42, 43, 46, 58, 108, 156, 231, 305, 354, 417, 450, 456, 462, 486, 496, 519, 548], "excluded_lines": []}}, "classes": {"SecurityEventType": {"executed_lines": [], "summary": {"covered_lines": 0, "num_statements": 0, "percent_covered": 100.0, "percent_covered_display": "100", "missing_lines": 0, "excluded_lines": 0}, "missing_lines": [], "excluded_lines": []}, "SecuritySeverity": {"executed_lines": [], "summary": {"covered_lines": 0, "num_statements": 0, "percent_covered": 100.0, "percent_covered_display": "100", "missing_lines": 0, "excluded_lines": 0}, "missing_lines": [], "excluded_lines": []}, "AIAgentSecurityMonitor": {"executed_lines": [], "summary": {"covered_lines": 0, "num_statements": 167, "percent_covered": 0.0, "percent_covered_display": "0", "missing_lines": 167, "excluded_lines": 0}, "missing_lines": [59, 60, 63, 64, 65, 68, 71, 87, 96, 104, 129, 130, 133, 146, 147, 150, 151, 153, 154, 170, 171, 174, 175, 176, 183, 186, 187, 188, 195, 198, 199, 205, 208, 209, 220, 245, 246, 249, 250, 251, 252, 260, 263, 264, 265, 272, 275, 276, 283, 286, 287, 298, 323, 325, 335, 336, 339, 340, 341, 342, 345, 346, 347, 348, 349, 350, 352, 365, 366, 368, 370, 371, 372, 373, 374, 375, 376, 377, 378, 381, 382, 383, 384, 385, 386, 387, 388, 389, 391, 392, 395, 396, 397, 400, 402, 424, 427, 430, 433, 434, 435, 436, 437, 439, 452, 453, 454, 458, 459, 460, 464, 465, 466, 467, 470, 471, 474, 479, 480, 483, 484, 488, 490, 491, 492, 493, 494, 498, 499, 501, 502, 503, 504, 505, 506, 507, 510, 511, 512, 513, 514, 515, 517, 523, 525, 526, 527, 529, 530, 531, 536, 539, 540, 546, 552, 555, 556, 557, 563, 564, 565, 571, 572, 573, 578, 579, 581], "excluded_lines": []}, "": {"executed_lines": [], "summary": {"covered_lines": 0, "num_statements": 41, "percent_covered": 0.0, "percent_covered_display": "0", "missing_lines": 41, "excluded_lines": 0}, "missing_lines": [8, 9, 10, 11, 12, 13, 14, 15, 16, 19, 22, 25, 26, 27, 28, 29, 30, 31, 32, 33, 34, 37, 40, 41, 42, 43, 46, 58, 108, 156, 231, 305, 354, 417, 450, 456, 462, 486, 496, 519, 548], "excluded_lines": []}}}, "src/security/ai_agent_validator.py": {"executed_lines": [], "summary": {"covered_lines": 0, "num_statements": 172, "percent_covered": 0.0, "percent_covered_display": "0", "missing_lines": 172, "excluded_lines": 0}, "missing_lines": [8, 9, 10, 11, 12, 14, 20, 23, 24, 27, 28, 31, 32, 33, 34, 37, 38, 41, 42, 43, 44, 45, 46, 49, 52, 53, 54, 55, 58, 69, 70, 71, 72, 74, 95, 96, 97, 98, 107, 109, 111, 126, 127, 128, 129, 138, 140, 142, 154, 157, 159, 160, 161, 168, 169, 172, 173, 174, 176, 177, 178, 185, 186, 187, 201, 209, 211, 212, 214, 215, 223, 231, 243, 246, 248, 249, 250, 257, 258, 261, 262, 263, 265, 266, 267, 274, 275, 276, 291, 299, 301, 302, 304, 305, 316, 324, 327, 328, 329, 332, 333, 334, 337, 339, 341, 345, 352, 356, 360, 369, 388, 392, 395, 396, 397, 399, 402, 404, 405, 413, 414, 416, 419, 421, 422, 429, 437, 439, 442, 443, 447, 448, 455, 458, 460, 461, 468, 476, 478, 481, 482, 484, 485, 492, 495, 503, 507, 509, 510, 513, 516, 517, 518, 519, 520, 521, 522, 525, 526, 527, 530, 531, 532, 535, 536, 537, 538, 539, 540, 542, 545, 546], "excluded_lines": [], "functions": {"AIAgentValidationError.__init__": {"executed_lines": [], "summary": {"covered_lines": 0, "num_statements": 3, "percent_covered": 0.0, "percent_covered_display": "0", "missing_lines": 3, "excluded_lines": 0}, "missing_lines": [53, 54, 55], "excluded_lines": []}, "AIAgentValidator.__init__": {"executed_lines": [], "summary": {"covered_lines": 0, "num_statements": 3, "percent_covered": 0.0, "percent_covered_display": "0", "missing_lines": 3, "excluded_lines": 0}, "missing_lines": [70, 71, 72], "excluded_lines": []}, "AIAgentValidator.validate_operation": {"executed_lines": [], "summary": {"covered_lines": 0, "num_statements": 3, "percent_covered": 0.0, "percent_covered_display": "0", "missing_lines": 3, "excluded_lines": 0}, "missing_lines": [95, 96, 109], "excluded_lines": []}, "AIAgentValidator.validate_operation.decorator": {"executed_lines": [], "summary": {"covered_lines": 0, "num_statements": 2, "percent_covered": 0.0, "percent_covered_display": "0", "missing_lines": 2, "excluded_lines": 0}, "missing_lines": [97, 107], "excluded_lines": []}, "AIAgentValidator.validate_operation.decorator.wrapper": {"executed_lines": [], "summary": {"covered_lines": 0, "num_statements": 1, "percent_covered": 0.0, "percent_covered_display": "0", "missing_lines": 1, "excluded_lines": 0}, "missing_lines": [98], "excluded_lines": []}, "AIAgentValidator.validate_async_operation": {"executed_lines": [], "summary": {"covered_lines": 0, "num_statements": 3, "percent_covered": 0.0, "percent_covered_display": "0", "missing_lines": 3, "excluded_lines": 0}, "missing_lines": [126, 127, 140], "excluded_lines": []}, "AIAgentValidator.validate_async_operation.decorator": {"executed_lines": [], "summary": {"covered_lines": 0, "num_statements": 2, "percent_covered": 0.0, "percent_covered_display": "0", "missing_lines": 2, "excluded_lines": 0}, "missing_lines": [128, 138], "excluded_lines": []}, "AIAgentValidator.validate_async_operation.decorator.wrapper": {"executed_lines": [], "summary": {"covered_lines": 0, "num_statements": 1, "percent_covered": 0.0, "percent_covered_display": "0", "missing_lines": 1, "excluded_lines": 0}, "missing_lines": [129], "excluded_lines": []}, "AIAgentValidator._execute_secure_operation": {"executed_lines": [], "summary": {"covered_lines": 0, "num_statements": 23, "percent_covered": 0.0, "percent_covered_display": "0", "missing_lines": 23, "excluded_lines": 0}, "missing_lines": [154, 157, 159, 160, 161, 168, 169, 172, 173, 174, 176, 177, 178, 185, 186, 187, 201, 209, 211, 212, 214, 215, 223], "excluded_lines": []}, "AIAgentValidator._execute_secure_async_operation": {"executed_lines": [], "summary": {"covered_lines": 0, "num_statements": 23, "percent_covered": 0.0, "percent_covered_display": "0", "missing_lines": 23, "excluded_lines": 0}, "missing_lines": [243, 246, 248, 249, 250, 257, 258, 261, 262, 263, 265, 266, 267, 274, 275, 276, 291, 299, 301, 302, 304, 305, 316], "excluded_lines": []}, "AIAgentValidator._extract_input_data": {"executed_lines": [], "summary": {"covered_lines": 0, "num_statements": 7, "percent_covered": 0.0, "percent_covered_display": "0", "missing_lines": 7, "excluded_lines": 0}, "missing_lines": [327, 328, 329, 332, 333, 334, 337], "excluded_lines": []}, "AIAgentValidator._validate_input": {"executed_lines": [], "summary": {"covered_lines": 0, "num_statements": 2, "percent_covered": 0.0, "percent_covered_display": "0", "missing_lines": 2, "excluded_lines": 0}, "missing_lines": [341, 345], "excluded_lines": []}, "AIAgentValidator._validate_output": {"executed_lines": [], "summary": {"covered_lines": 0, "num_statements": 2, "percent_covered": 0.0, "percent_covered_display": "0", "missing_lines": 2, "excluded_lines": 0}, "missing_lines": [356, 360], "excluded_lines": []}, "create_secure_agent": {"executed_lines": [], "summary": {"covered_lines": 0, "num_statements": 1, "percent_covered": 0.0, "percent_covered_display": "0", "missing_lines": 1, "excluded_lines": 0}, "missing_lines": [388], "excluded_lines": []}, "SecureAIAgentExample.__init__": {"executed_lines": [], "summary": {"covered_lines": 0, "num_statements": 2, "percent_covered": 0.0, "percent_covered_display": "0", "missing_lines": 2, "excluded_lines": 0}, "missing_lines": [396, 397], "excluded_lines": []}, "SecureAIAgentExample.generate_code": {"executed_lines": [], "summary": {"covered_lines": 0, "num_statements": 11, "percent_covered": 0.0, "percent_covered_display": "0", "missing_lines": 11, "excluded_lines": 0}, "missing_lines": [402, 404, 405, 413, 414, 416, 419, 421, 422, 429, 437], "excluded_lines": []}, "SecureAIAgentExample.modify_file": {"executed_lines": [], "summary": {"covered_lines": 0, "num_statements": 10, "percent_covered": 0.0, "percent_covered_display": "0", "missing_lines": 10, "excluded_lines": 0}, "missing_lines": [442, 443, 447, 448, 455, 458, 460, 461, 468, 476], "excluded_lines": []}, "SecureAIAgentExample.create_pull_request": {"executed_lines": [], "summary": {"covered_lines": 0, "num_statements": 7, "percent_covered": 0.0, "percent_covered_display": "0", "missing_lines": 7, "excluded_lines": 0}, "missing_lines": [481, 482, 484, 485, 492, 495, 503], "excluded_lines": []}, "test_ai_agent_validation": {"executed_lines": [], "summary": {"covered_lines": 0, "num_statements": 23, "percent_covered": 0.0, "percent_covered_display": "0", "missing_lines": 23, "excluded_lines": 0}, "missing_lines": [509, 510, 513, 516, 517, 518, 519, 520, 521, 522, 525, 526, 527, 530, 531, 532, 535, 536, 537, 538, 539, 540, 542], "excluded_lines": []}, "": {"executed_lines": [], "summary": {"covered_lines": 0, "num_statements": 43, "percent_covered": 0.0, "percent_covered_display": "0", "missing_lines": 43, "excluded_lines": 0}, "missing_lines": [8, 9, 10, 11, 12, 14, 20, 23, 24, 27, 28, 31, 32, 33, 34, 37, 38, 41, 42, 43, 44, 45, 46, 49, 52, 58, 69, 74, 111, 142, 231, 324, 339, 352, 369, 392, 395, 399, 439, 478, 507, 545, 546], "excluded_lines": []}}, "classes": {"ValidationResult": {"executed_lines": [], "summary": {"covered_lines": 0, "num_statements": 0, "percent_covered": 100.0, "percent_covered_display": "100", "missing_lines": 0, "excluded_lines": 0}, "missing_lines": [], "excluded_lines": []}, "SecureOperationResult": {"executed_lines": [], "summary": {"covered_lines": 0, "num_statements": 0, "percent_covered": 100.0, "percent_covered_display": "100", "missing_lines": 0, "excluded_lines": 0}, "missing_lines": [], "excluded_lines": []}, "AIAgentValidationError": {"executed_lines": [], "summary": {"covered_lines": 0, "num_statements": 3, "percent_covered": 0.0, "percent_covered_display": "0", "missing_lines": 3, "excluded_lines": 0}, "missing_lines": [53, 54, 55], "excluded_lines": []}, "AIAgentValidator": {"executed_lines": [], "summary": {"covered_lines": 0, "num_statements": 72, "percent_covered": 0.0, "percent_covered_display": "0", "missing_lines": 72, "excluded_lines": 0}, "missing_lines": [70, 71, 72, 95, 96, 97, 98, 107, 109, 126, 127, 128, 129, 138, 140, 154, 157, 159, 160, 161, 168, 169, 172, 173, 174, 176, 177, 178, 185, 186, 187, 201, 209, 211, 212, 214, 215, 223, 243, 246, 248, 249, 250, 257, 258, 261, 262, 263, 265, 266, 267, 274, 275, 276, 291, 299, 301, 302, 304, 305, 316, 327, 328, 329, 332, 333, 334, 337, 341, 345, 356, 360], "excluded_lines": []}, "SecureAIAgentExample": {"executed_lines": [], "summary": {"covered_lines": 0, "num_statements": 30, "percent_covered": 0.0, "percent_covered_display": "0", "missing_lines": 30, "excluded_lines": 0}, "missing_lines": [396, 397, 402, 404, 405, 413, 414, 416, 419, 421, 422, 429, 437, 442, 443, 447, 448, 455, 458, 460, 461, 468, 476, 481, 482, 484, 485, 492, 495, 503], "excluded_lines": []}, "": {"executed_lines": [], "summary": {"covered_lines": 0, "num_statements": 67, "percent_covered": 0.0, "percent_covered_display": "0", "missing_lines": 67, "excluded_lines": 0}, "missing_lines": [8, 9, 10, 11, 12, 14, 20, 23, 24, 27, 28, 31, 32, 33, 34, 37, 38, 41, 42, 43, 44, 45, 46, 49, 52, 58, 69, 74, 111, 142, 231, 324, 339, 352, 369, 388, 392, 395, 399, 439, 478, 507, 509, 510, 513, 516, 517, 518, 519, 520, 521, 522, 525, 526, 527, 530, 531, 532, 535, 536, 537, 538, 539, 540, 542, 545, 546], "excluded_lines": []}}}, "src/services/__init__.py": {"executed_lines": [], "summary": {"covered_lines": 0, "num_statements": 0, "percent_covered": 100.0, "percent_covered_display": "100", "missing_lines": 0, "excluded_lines": 0}, "missing_lines": [], "excluded_lines": [], "functions": {"": {"executed_lines": [], "summary": {"covered_lines": 0, "num_statements": 0, "percent_covered": 100.0, "percent_covered_display": "100", "missing_lines": 0, "excluded_lines": 0}, "missing_lines": [], "excluded_lines": []}}, "classes": {"": {"executed_lines": [], "summary": {"covered_lines": 0, "num_statements": 0, "percent_covered": 100.0, "percent_covered_display": "100", "missing_lines": 0, "excluded_lines": 0}, "missing_lines": [], "excluded_lines": []}}}, "src/services/conflict_resolution_service.py": {"executed_lines": [], "summary": {"covered_lines": 0, "num_statements": 140, "percent_covered": 0.0, "percent_covered_display": "0", "missing_lines": 140, "excluded_lines": 0}, "missing_lines": [3, 4, 5, 6, 8, 18, 19, 21, 24, 32, 42, 45, 53, 61, 64, 67, 69, 85, 86, 89, 90, 95, 98, 99, 102, 104, 107, 108, 111, 125, 127, 132, 134, 150, 151, 152, 153, 156, 157, 158, 159, 160, 161, 162, 163, 164, 165, 167, 169, 180, 187, 197, 212, 223, 224, 227, 229, 230, 233, 234, 235, 237, 238, 241, 248, 263, 274, 275, 280, 283, 284, 288, 289, 292, 293, 295, 296, 297, 300, 302, 303, 304, 306, 307, 308, 310, 313, 325, 340, 342, 344, 349, 350, 353, 356, 357, 360, 361, 364, 366, 368, 372, 373, 374, 377, 379, 384, 387, 388, 389, 390, 391, 393, 394, 395, 396, 397, 398, 400, 402, 404, 413, 415, 430, 433, 435, 437, 439, 452, 453, 455, 456, 457, 460, 472, 474, 475, 477, 479, 481], "excluded_lines": [], "functions": {"ConflictResolutionService.__init__": {"executed_lines": [], "summary": {"covered_lines": 0, "num_statements": 6, "percent_covered": 0.0, "percent_covered_display": "0", "missing_lines": 6, "excluded_lines": 0}, "missing_lines": [42, 45, 53, 61, 64, 67], "excluded_lines": []}, "ConflictResolutionService.detect_conflict": {"executed_lines": [], "summary": {"covered_lines": 0, "num_statements": 15, "percent_covered": 0.0, "percent_covered_display": "0", "missing_lines": 15, "excluded_lines": 0}, "missing_lines": [85, 86, 89, 90, 95, 98, 99, 102, 104, 107, 108, 111, 125, 127, 132], "excluded_lines": []}, "ConflictResolutionService.resolve_conflict": {"executed_lines": [], "summary": {"covered_lines": 0, "num_statements": 15, "percent_covered": 0.0, "percent_covered_display": "0", "missing_lines": 15, "excluded_lines": 0}, "missing_lines": [150, 151, 152, 153, 156, 157, 158, 159, 160, 161, 162, 163, 164, 165, 167], "excluded_lines": []}, "ConflictResolutionService._merge_append": {"executed_lines": [], "summary": {"covered_lines": 0, "num_statements": 3, "percent_covered": 0.0, "percent_covered_display": "0", "missing_lines": 3, "excluded_lines": 0}, "missing_lines": [180, 187, 197], "excluded_lines": []}, "ConflictResolutionService._merge_vote": {"executed_lines": [], "summary": {"covered_lines": 0, "num_statements": 12, "percent_covered": 0.0, "percent_covered_display": "0", "missing_lines": 12, "excluded_lines": 0}, "missing_lines": [223, 224, 227, 229, 230, 233, 234, 235, 237, 238, 241, 248], "excluded_lines": []}, "ConflictResolutionService._merge_hybrid": {"executed_lines": [], "summary": {"covered_lines": 0, "num_statements": 22, "percent_covered": 0.0, "percent_covered_display": "0", "missing_lines": 22, "excluded_lines": 0}, "missing_lines": [274, 275, 280, 283, 284, 288, 289, 292, 293, 295, 296, 297, 300, 302, 303, 304, 306, 307, 308, 310, 313, 325], "excluded_lines": []}, "ConflictResolutionService._merge_conservative": {"executed_lines": [], "summary": {"covered_lines": 0, "num_statements": 1, "percent_covered": 0.0, "percent_covered_display": "0", "missing_lines": 1, "excluded_lines": 0}, "missing_lines": [342], "excluded_lines": []}, "ConflictResolutionService._calculate_similarity": {"executed_lines": [], "summary": {"covered_lines": 0, "num_statements": 9, "percent_covered": 0.0, "percent_covered_display": "0", "missing_lines": 9, "excluded_lines": 0}, "missing_lines": [349, 350, 353, 356, 357, 360, 361, 364, 366], "excluded_lines": []}, "ConflictResolutionService._classify_severity": {"executed_lines": [], "summary": {"covered_lines": 0, "num_statements": 4, "percent_covered": 0.0, "percent_covered_display": "0", "missing_lines": 4, "excluded_lines": 0}, "missing_lines": [372, 373, 374, 377], "excluded_lines": []}, "ConflictResolutionService._determine_conflict_type": {"executed_lines": [], "summary": {"covered_lines": 0, "num_statements": 13, "percent_covered": 0.0, "percent_covered_display": "0", "missing_lines": 13, "excluded_lines": 0}, "missing_lines": [384, 387, 388, 389, 390, 391, 393, 394, 395, 396, 397, 398, 400], "excluded_lines": []}, "ConflictResolutionService._chunk_to_version": {"executed_lines": [], "summary": {"covered_lines": 0, "num_statements": 1, "percent_covered": 0.0, "percent_covered_display": "0", "missing_lines": 1, "excluded_lines": 0}, "missing_lines": [404], "excluded_lines": []}, "ConflictResolutionService._version_to_chunk": {"executed_lines": [], "summary": {"covered_lines": 0, "num_statements": 1, "percent_covered": 0.0, "percent_covered_display": "0", "missing_lines": 1, "excluded_lines": 0}, "missing_lines": [415], "excluded_lines": []}, "ConflictResolutionService._needs_human_escalation": {"executed_lines": [], "summary": {"covered_lines": 0, "num_statements": 1, "percent_covered": 0.0, "percent_covered_display": "0", "missing_lines": 1, "excluded_lines": 0}, "missing_lines": [433], "excluded_lines": []}, "ConflictResolutionService.get_escalation_queue": {"executed_lines": [], "summary": {"covered_lines": 0, "num_statements": 1, "percent_covered": 0.0, "percent_covered_display": "0", "missing_lines": 1, "excluded_lines": 0}, "missing_lines": [437], "excluded_lines": []}, "ConflictResolutionService.resolve_escalation": {"executed_lines": [], "summary": {"covered_lines": 0, "num_statements": 10, "percent_covered": 0.0, "percent_covered_display": "0", "missing_lines": 10, "excluded_lines": 0}, "missing_lines": [452, 453, 455, 456, 457, 460, 472, 474, 475, 477], "excluded_lines": []}, "ConflictResolutionService.get_conflict_history": {"executed_lines": [], "summary": {"covered_lines": 0, "num_statements": 1, "percent_covered": 0.0, "percent_covered_display": "0", "missing_lines": 1, "excluded_lines": 0}, "missing_lines": [481], "excluded_lines": []}, "": {"executed_lines": [], "summary": {"covered_lines": 0, "num_statements": 25, "percent_covered": 0.0, "percent_covered_display": "0", "missing_lines": 25, "excluded_lines": 0}, "missing_lines": [3, 4, 5, 6, 8, 18, 19, 21, 24, 32, 69, 134, 169, 212, 263, 340, 344, 368, 379, 402, 413, 430, 435, 439, 479], "excluded_lines": []}}, "classes": {"ConflictResolutionService": {"executed_lines": [], "summary": {"covered_lines": 0, "num_statements": 115, "percent_covered": 0.0, "percent_covered_display": "0", "missing_lines": 115, "excluded_lines": 0}, "missing_lines": [42, 45, 53, 61, 64, 67, 85, 86, 89, 90, 95, 98, 99, 102, 104, 107, 108, 111, 125, 127, 132, 150, 151, 152, 153, 156, 157, 158, 159, 160, 161, 162, 163, 164, 165, 167, 180, 187, 197, 223, 224, 227, 229, 230, 233, 234, 235, 237, 238, 241, 248, 274, 275, 280, 283, 284, 288, 289, 292, 293, 295, 296, 297, 300, 302, 303, 304, 306, 307, 308, 310, 313, 325, 342, 349, 350, 353, 356, 357, 360, 361, 364, 366, 372, 373, 374, 377, 384, 387, 388, 389, 390, 391, 393, 394, 395, 396, 397, 398, 400, 404, 415, 433, 437, 452, 453, 455, 456, 457, 460, 472, 474, 475, 477, 481], "excluded_lines": []}, "": {"executed_lines": [], "summary": {"covered_lines": 0, "num_statements": 25, "percent_covered": 0.0, "percent_covered_display": "0", "missing_lines": 25, "excluded_lines": 0}, "missing_lines": [3, 4, 5, 6, 8, 18, 19, 21, 24, 32, 69, 134, 169, 212, 263, 340, 344, 368, 379, 402, 413, 430, 435, 439, 479], "excluded_lines": []}}}, "src/services/embedding_service.py": {"executed_lines": [], "summary": {"covered_lines": 0, "num_statements": 88, "percent_covered": 0.0, "percent_covered_display": "0", "missing_lines": 88, "excluded_lines": 0}, "missing_lines": [3, 4, 5, 7, 9, 10, 11, 13, 16, 24, 31, 32, 33, 36, 38, 42, 45, 46, 47, 50, 51, 52, 54, 65, 66, 67, 68, 69, 71, 72, 74, 76, 81, 84, 87, 88, 90, 92, 93, 94, 96, 106, 107, 110, 111, 112, 114, 115, 116, 117, 118, 120, 121, 122, 123, 126, 127, 129, 131, 132, 133, 135, 140, 143, 144, 145, 146, 149, 150, 154, 155, 156, 158, 160, 162, 164, 166, 167, 169, 176, 178, 179, 180, 181, 183, 190, 191, 192], "excluded_lines": [], "functions": {"EmbeddingService.__init__": {"executed_lines": [], "summary": {"covered_lines": 0, "num_statements": 12, "percent_covered": 0.0, "percent_covered_display": "0", "missing_lines": 12, "excluded_lines": 0}, "missing_lines": [31, 32, 33, 36, 38, 42, 45, 46, 47, 50, 51, 52], "excluded_lines": []}, "EmbeddingService.generate_embedding": {"executed_lines": [], "summary": {"covered_lines": 0, "num_statements": 17, "percent_covered": 0.0, "percent_covered_display": "0", "missing_lines": 17, "excluded_lines": 0}, "missing_lines": [65, 66, 67, 68, 69, 71, 72, 74, 76, 81, 84, 87, 88, 90, 92, 93, 94], "excluded_lines": []}, "EmbeddingService.generate_embeddings_batch": {"executed_lines": [], "summary": {"covered_lines": 0, "num_statements": 32, "percent_covered": 0.0, "percent_covered_display": "0", "missing_lines": 32, "excluded_lines": 0}, "missing_lines": [106, 107, 110, 111, 112, 114, 115, 116, 117, 118, 120, 121, 122, 123, 126, 127, 129, 131, 132, 133, 135, 140, 143, 144, 145, 146, 149, 150, 154, 155, 156, 158], "excluded_lines": []}, "EmbeddingService._hash_text": {"executed_lines": [], "summary": {"covered_lines": 0, "num_statements": 1, "percent_covered": 0.0, "percent_covered_display": "0", "missing_lines": 1, "excluded_lines": 0}, "missing_lines": [162], "excluded_lines": []}, "EmbeddingService.get_cache_stats": {"executed_lines": [], "summary": {"covered_lines": 0, "num_statements": 3, "percent_covered": 0.0, "percent_covered_display": "0", "missing_lines": 3, "excluded_lines": 0}, "missing_lines": [166, 167, 169], "excluded_lines": []}, "EmbeddingService.clear_cache": {"executed_lines": [], "summary": {"covered_lines": 0, "num_statements": 4, "percent_covered": 0.0, "percent_covered_display": "0", "missing_lines": 4, "excluded_lines": 0}, "missing_lines": [178, 179, 180, 181], "excluded_lines": []}, "EmbeddingService.warmup_cache": {"executed_lines": [], "summary": {"covered_lines": 0, "num_statements": 3, "percent_covered": 0.0, "percent_covered_display": "0", "missing_lines": 3, "excluded_lines": 0}, "missing_lines": [190, 191, 192], "excluded_lines": []}, "": {"executed_lines": [], "summary": {"covered_lines": 0, "num_statements": 16, "percent_covered": 0.0, "percent_covered_display": "0", "missing_lines": 16, "excluded_lines": 0}, "missing_lines": [3, 4, 5, 7, 9, 10, 11, 13, 16, 24, 54, 96, 160, 164, 176, 183], "excluded_lines": []}}, "classes": {"EmbeddingService": {"executed_lines": [], "summary": {"covered_lines": 0, "num_statements": 72, "percent_covered": 0.0, "percent_covered_display": "0", "missing_lines": 72, "excluded_lines": 0}, "missing_lines": [31, 32, 33, 36, 38, 42, 45, 46, 47, 50, 51, 52, 65, 66, 67, 68, 69, 71, 72, 74, 76, 81, 84, 87, 88, 90, 92, 93, 94, 106, 107, 110, 111, 112, 114, 115, 116, 117, 118, 120, 121, 122, 123, 126, 127, 129, 131, 132, 133, 135, 140, 143, 144, 145, 146, 149, 150, 154, 155, 156, 158, 162, 166, 167, 169, 178, 179, 180, 181, 190, 191, 192], "excluded_lines": []}, "": {"executed_lines": [], "summary": {"covered_lines": 0, "num_statements": 16, "percent_covered": 0.0, "percent_covered_display": "0", "missing_lines": 16, "excluded_lines": 0}, "missing_lines": [3, 4, 5, 7, 9, 10, 11, 13, 16, 24, 54, 96, 160, 164, 176, 183], "excluded_lines": []}}}, "src/services/external_service_client.py": {"executed_lines": [], "summary": {"covered_lines": 0, "num_statements": 132, "percent_covered": 0.0, "percent_covered_display": "0", "missing_lines": 132, "excluded_lines": 0}, "missing_lines": [8, 9, 10, 11, 13, 14, 16, 28, 31, 42, 43, 44, 45, 47, 52, 55, 66, 67, 80, 81, 85, 87, 88, 89, 91, 94, 98, 100, 113, 114, 118, 120, 121, 122, 125, 128, 142, 144, 149, 156, 162, 163, 165, 168, 170, 171, 172, 175, 176, 189, 192, 197, 202, 203, 205, 206, 207, 210, 214, 227, 230, 232, 233, 239, 240, 242, 243, 244, 246, 248, 252, 260, 261, 262, 263, 265, 272, 283, 285, 286, 289, 290, 291, 292, 293, 298, 299, 302, 303, 304, 305, 308, 311, 312, 317, 318, 319, 320, 321, 325, 328, 329, 332, 333, 334, 335, 336, 340, 342, 343, 347, 348, 349, 351, 355, 357, 358, 361, 362, 364, 365, 367, 368, 370, 371, 374, 375, 377, 378, 380, 383, 384], "excluded_lines": [], "functions": {"ExternalServiceClient.__init__": {"executed_lines": [], "summary": {"covered_lines": 0, "num_statements": 4, "percent_covered": 0.0, "percent_covered_display": "0", "missing_lines": 4, "excluded_lines": 0}, "missing_lines": [43, 44, 45, 47], "excluded_lines": []}, "ExternalServiceClient.generate_code_with_openai": {"executed_lines": [], "summary": {"covered_lines": 0, "num_statements": 8, "percent_covered": 0.0, "percent_covered_display": "0", "missing_lines": 8, "excluded_lines": 0}, "missing_lines": [66, 67, 80, 81, 85, 87, 88, 89], "excluded_lines": []}, "ExternalServiceClient.generate_code_with_openai_async": {"executed_lines": [], "summary": {"covered_lines": 0, "num_statements": 8, "percent_covered": 0.0, "percent_covered_display": "0", "missing_lines": 8, "excluded_lines": 0}, "missing_lines": [98, 100, 113, 114, 118, 120, 121, 122], "excluded_lines": []}, "ExternalServiceClient.create_github_pr": {"executed_lines": [], "summary": {"covered_lines": 0, "num_statements": 11, "percent_covered": 0.0, "percent_covered_display": "0", "missing_lines": 11, "excluded_lines": 0}, "missing_lines": [142, 144, 149, 156, 162, 163, 165, 168, 170, 171, 172], "excluded_lines": []}, "ExternalServiceClient.query_qdrant_knowledge": {"executed_lines": [], "summary": {"covered_lines": 0, "num_statements": 8, "percent_covered": 0.0, "percent_covered_display": "0", "missing_lines": 8, "excluded_lines": 0}, "missing_lines": [189, 192, 197, 202, 203, 205, 206, 207], "excluded_lines": []}, "ExternalServiceClient.start_temporal_workflow": {"executed_lines": [], "summary": {"covered_lines": 0, "num_statements": 9, "percent_covered": 0.0, "percent_covered_display": "0", "missing_lines": 9, "excluded_lines": 0}, "missing_lines": [227, 230, 232, 233, 239, 240, 242, 243, 244], "excluded_lines": []}, "ExternalServiceClient.close": {"executed_lines": [], "summary": {"covered_lines": 0, "num_statements": 1, "percent_covered": 0.0, "percent_covered_display": "0", "missing_lines": 1, "excluded_lines": 0}, "missing_lines": [248], "excluded_lines": []}, "SecureAIAgent.__init__": {"executed_lines": [], "summary": {"covered_lines": 0, "num_statements": 3, "percent_covered": 0.0, "percent_covered_display": "0", "missing_lines": 3, "excluded_lines": 0}, "missing_lines": [261, 262, 263], "excluded_lines": []}, "SecureAIAgent.generate_and_commit_code": {"executed_lines": [], "summary": {"covered_lines": 0, "num_statements": 38, "percent_covered": 0.0, "percent_covered_display": "0", "missing_lines": 38, "excluded_lines": 0}, "missing_lines": [272, 283, 285, 286, 289, 290, 291, 292, 293, 298, 299, 302, 303, 304, 305, 308, 311, 312, 317, 318, 319, 320, 321, 325, 328, 329, 332, 333, 334, 335, 336, 340, 342, 343, 347, 348, 349, 351], "excluded_lines": []}, "test_circuit_breakers": {"executed_lines": [], "summary": {"covered_lines": 0, "num_statements": 15, "percent_covered": 0.0, "percent_covered_display": "0", "missing_lines": 15, "excluded_lines": 0}, "missing_lines": [357, 358, 361, 362, 364, 365, 367, 368, 370, 371, 374, 375, 377, 378, 380], "excluded_lines": []}, "": {"executed_lines": [], "summary": {"covered_lines": 0, "num_statements": 27, "percent_covered": 0.0, "percent_covered_display": "0", "missing_lines": 27, "excluded_lines": 0}, "missing_lines": [8, 9, 10, 11, 13, 14, 16, 28, 31, 42, 52, 55, 91, 94, 125, 128, 175, 176, 210, 214, 246, 252, 260, 265, 355, 383, 384], "excluded_lines": []}}, "classes": {"ExternalServiceClient": {"executed_lines": [], "summary": {"covered_lines": 0, "num_statements": 49, "percent_covered": 0.0, "percent_covered_display": "0", "missing_lines": 49, "excluded_lines": 0}, "missing_lines": [43, 44, 45, 47, 66, 67, 80, 81, 85, 87, 88, 89, 98, 100, 113, 114, 118, 120, 121, 122, 142, 144, 149, 156, 162, 163, 165, 168, 170, 171, 172, 189, 192, 197, 202, 203, 205, 206, 207, 227, 230, 232, 233, 239, 240, 242, 243, 244, 248], "excluded_lines": []}, "SecureAIAgent": {"executed_lines": [], "summary": {"covered_lines": 0, "num_statements": 41, "percent_covered": 0.0, "percent_covered_display": "0", "missing_lines": 41, "excluded_lines": 0}, "missing_lines": [261, 262, 263, 272, 283, 285, 286, 289, 290, 291, 292, 293, 298, 299, 302, 303, 304, 305, 308, 311, 312, 317, 318, 319, 320, 321, 325, 328, 329, 332, 333, 334, 335, 336, 340, 342, 343, 347, 348, 349, 351], "excluded_lines": []}, "": {"executed_lines": [], "summary": {"covered_lines": 0, "num_statements": 42, "percent_covered": 0.0, "percent_covered_display": "0", "missing_lines": 42, "excluded_lines": 0}, "missing_lines": [8, 9, 10, 11, 13, 14, 16, 28, 31, 42, 52, 55, 91, 94, 125, 128, 175, 176, 210, 214, 246, 252, 260, 265, 355, 357, 358, 361, 362, 364, 365, 367, 368, 370, 371, 374, 375, 377, 378, 380, 383, 384], "excluded_lines": []}}}, "src/services/knowledge_service.py": {"executed_lines": [], "summary": {"covered_lines": 0, "num_statements": 151, "percent_covered": 0.0, "percent_covered_display": "0", "missing_lines": 151, "excluded_lines": 0}, "missing_lines": [3, 4, 5, 6, 8, 9, 19, 26, 27, 28, 30, 33, 41, 57, 58, 59, 62, 64, 68, 71, 72, 75, 78, 80, 82, 83, 84, 86, 88, 95, 97, 98, 99, 100, 102, 120, 121, 122, 123, 125, 128, 131, 132, 133, 134, 136, 138, 139, 140, 142, 143, 145, 146, 147, 149, 150, 151, 152, 154, 171, 173, 175, 176, 177, 180, 181, 184, 187, 200, 211, 217, 220, 221, 224, 225, 226, 228, 230, 232, 233, 234, 235, 236, 238, 251, 253, 255, 260, 262, 263, 264, 273, 274, 281, 282, 290, 295, 303, 306, 307, 308, 310, 312, 313, 314, 316, 333, 334, 335, 336, 344, 345, 347, 356, 357, 358, 359, 360, 363, 370, 371, 372, 374, 376, 377, 378, 379, 381, 383, 384, 385, 386, 387, 388, 389, 391, 393, 394, 398, 399, 400, 401, 403, 405, 410, 411, 414, 426, 441, 443, 444], "excluded_lines": [], "functions": {"KnowledgeService.__init__": {"executed_lines": [], "summary": {"covered_lines": 0, "num_statements": 10, "percent_covered": 0.0, "percent_covered_display": "0", "missing_lines": 10, "excluded_lines": 0}, "missing_lines": [57, 58, 59, 62, 64, 68, 71, 72, 75, 78], "excluded_lines": []}, "KnowledgeService._initialize_collection": {"executed_lines": [], "summary": {"covered_lines": 0, "num_statements": 10, "percent_covered": 0.0, "percent_covered_display": "0", "missing_lines": 10, "excluded_lines": 0}, "missing_lines": [82, 83, 84, 86, 88, 95, 97, 98, 99, 100], "excluded_lines": []}, "KnowledgeService.grab": {"executed_lines": [], "summary": {"covered_lines": 0, "num_statements": 23, "percent_covered": 0.0, "percent_covered_display": "0", "missing_lines": 23, "excluded_lines": 0}, "missing_lines": [120, 121, 122, 123, 125, 128, 131, 132, 133, 134, 136, 138, 139, 140, 142, 143, 145, 146, 147, 149, 150, 151, 152], "excluded_lines": []}, "KnowledgeService.upsert": {"executed_lines": [], "summary": {"covered_lines": 0, "num_statements": 24, "percent_covered": 0.0, "percent_covered_display": "0", "missing_lines": 24, "excluded_lines": 0}, "missing_lines": [171, 173, 175, 176, 177, 180, 181, 184, 187, 200, 211, 217, 220, 221, 224, 225, 226, 228, 230, 232, 233, 234, 235, 236], "excluded_lines": []}, "KnowledgeService.query": {"executed_lines": [], "summary": {"covered_lines": 0, "num_statements": 21, "percent_covered": 0.0, "percent_covered_display": "0", "missing_lines": 21, "excluded_lines": 0}, "missing_lines": [251, 253, 255, 260, 262, 263, 264, 273, 274, 281, 282, 290, 295, 303, 306, 307, 308, 310, 312, 313, 314], "excluded_lines": []}, "KnowledgeService.get_version_history": {"executed_lines": [], "summary": {"covered_lines": 0, "num_statements": 6, "percent_covered": 0.0, "percent_covered_display": "0", "missing_lines": 6, "excluded_lines": 0}, "missing_lines": [333, 334, 335, 336, 344, 345], "excluded_lines": []}, "KnowledgeService._acquire_lock": {"executed_lines": [], "summary": {"covered_lines": 0, "num_statements": 9, "percent_covered": 0.0, "percent_covered_display": "0", "missing_lines": 9, "excluded_lines": 0}, "missing_lines": [356, 357, 358, 359, 360, 363, 370, 371, 372], "excluded_lines": []}, "KnowledgeService._release_lock": {"executed_lines": [], "summary": {"covered_lines": 0, "num_statements": 4, "percent_covered": 0.0, "percent_covered_display": "0", "missing_lines": 4, "excluded_lines": 0}, "missing_lines": [376, 377, 378, 379], "excluded_lines": []}, "KnowledgeService._validate_lock": {"executed_lines": [], "summary": {"covered_lines": 0, "num_statements": 7, "percent_covered": 0.0, "percent_covered_display": "0", "missing_lines": 7, "excluded_lines": 0}, "missing_lines": [383, 384, 385, 386, 387, 388, 389], "excluded_lines": []}, "KnowledgeService._fetch_from_qdrant": {"executed_lines": [], "summary": {"covered_lines": 0, "num_statements": 6, "percent_covered": 0.0, "percent_covered_display": "0", "missing_lines": 6, "excluded_lines": 0}, "missing_lines": [393, 394, 398, 399, 400, 401], "excluded_lines": []}, "KnowledgeService._point_to_chunk": {"executed_lines": [], "summary": {"covered_lines": 0, "num_statements": 5, "percent_covered": 0.0, "percent_covered_display": "0", "missing_lines": 5, "excluded_lines": 0}, "missing_lines": [405, 410, 411, 414, 426], "excluded_lines": []}, "KnowledgeService.clear_cache": {"executed_lines": [], "summary": {"covered_lines": 0, "num_statements": 2, "percent_covered": 0.0, "percent_covered_display": "0", "missing_lines": 2, "excluded_lines": 0}, "missing_lines": [443, 444], "excluded_lines": []}, "": {"executed_lines": [], "summary": {"covered_lines": 0, "num_statements": 24, "percent_covered": 0.0, "percent_covered_display": "0", "missing_lines": 24, "excluded_lines": 0}, "missing_lines": [3, 4, 5, 6, 8, 9, 19, 26, 27, 28, 30, 33, 41, 80, 102, 154, 238, 316, 347, 374, 381, 391, 403, 441], "excluded_lines": []}}, "classes": {"KnowledgeService": {"executed_lines": [], "summary": {"covered_lines": 0, "num_statements": 127, "percent_covered": 0.0, "percent_covered_display": "0", "missing_lines": 127, "excluded_lines": 0}, "missing_lines": [57, 58, 59, 62, 64, 68, 71, 72, 75, 78, 82, 83, 84, 86, 88, 95, 97, 98, 99, 100, 120, 121, 122, 123, 125, 128, 131, 132, 133, 134, 136, 138, 139, 140, 142, 143, 145, 146, 147, 149, 150, 151, 152, 171, 173, 175, 176, 177, 180, 181, 184, 187, 200, 211, 217, 220, 221, 224, 225, 226, 228, 230, 232, 233, 234, 235, 236, 251, 253, 255, 260, 262, 263, 264, 273, 274, 281, 282, 290, 295, 303, 306, 307, 308, 310, 312, 313, 314, 333, 334, 335, 336, 344, 345, 356, 357, 358, 359, 360, 363, 370, 371, 372, 376, 377, 378, 379, 383, 384, 385, 386, 387, 388, 389, 393, 394, 398, 399, 400, 401, 405, 410, 411, 414, 426, 443, 444], "excluded_lines": []}, "": {"executed_lines": [], "summary": {"covered_lines": 0, "num_statements": 24, "percent_covered": 0.0, "percent_covered_display": "0", "missing_lines": 24, "excluded_lines": 0}, "missing_lines": [3, 4, 5, 6, 8, 9, 19, 26, 27, 28, 30, 33, 41, 80, 102, 154, 238, 316, 347, 374, 381, 391, 403, 441], "excluded_lines": []}}}, "src/system/__init__.py": {"executed_lines": [], "summary": {"covered_lines": 0, "num_statements": 8, "percent_covered": 0.0, "percent_covered_display": "0", "missing_lines": 8, "excluded_lines": 0}, "missing_lines": [3, 4, 5, 6, 7, 8, 17, 19], "excluded_lines": [], "functions": {"": {"executed_lines": [], "summary": {"covered_lines": 0, "num_statements": 8, "percent_covered": 0.0, "percent_covered_display": "0", "missing_lines": 8, "excluded_lines": 0}, "missing_lines": [3, 4, 5, 6, 7, 8, 17, 19], "excluded_lines": []}}, "classes": {"": {"executed_lines": [], "summary": {"covered_lines": 0, "num_statements": 8, "percent_covered": 0.0, "percent_covered_display": "0", "missing_lines": 8, "excluded_lines": 0}, "missing_lines": [3, 4, 5, 6, 7, 8, 17, 19], "excluded_lines": []}}}, "src/system/agent.py": {"executed_lines": [], "summary": {"covered_lines": 0, "num_statements": 115, "percent_covered": 0.0, "percent_covered_display": "0", "missing_lines": 115, "excluded_lines": 0}, "missing_lines": [3, 4, 6, 7, 8, 9, 10, 12, 15, 24, 37, 38, 39, 40, 41, 43, 44, 47, 48, 51, 53, 55, 58, 59, 60, 63, 64, 65, 68, 71, 73, 75, 77, 78, 79, 80, 81, 83, 85, 96, 103, 104, 105, 108, 109, 111, 125, 126, 127, 135, 142, 143, 147, 148, 150, 157, 158, 161, 165, 166, 167, 172, 185, 188, 190, 191, 193, 195, 198, 199, 202, 203, 204, 206, 208, 220, 229, 230, 231, 234, 235, 237, 247, 248, 251, 252, 253, 254, 255, 256, 257, 259, 262, 264, 266, 268, 270, 272, 274, 276, 278, 280, 282, 284, 286, 293, 302, 303, 305, 306, 310, 312, 319, 321, 328], "excluded_lines": [], "functions": {"UniversalAgent.__init__": {"executed_lines": [], "summary": {"covered_lines": 0, "num_statements": 11, "percent_covered": 0.0, "percent_covered_display": "0", "missing_lines": 11, "excluded_lines": 0}, "missing_lines": [37, 38, 39, 40, 41, 43, 44, 47, 48, 51, 53], "excluded_lines": []}, "UniversalAgent._configure_from_persona": {"executed_lines": [], "summary": {"covered_lines": 0, "num_statements": 8, "percent_covered": 0.0, "percent_covered_display": "0", "missing_lines": 8, "excluded_lines": 0}, "missing_lines": [58, 59, 60, 63, 64, 65, 68, 71], "excluded_lines": []}, "UniversalAgent._load_persona_tools": {"executed_lines": [], "summary": {"covered_lines": 0, "num_statements": 7, "percent_cover
[...]
: {"covered_lines": 0, "num_statements": 1, "percent_covered": 0.0, "percent_covered_display": "0", "missing_lines": 1, "excluded_lines": 0}, "missing_lines": [30], "excluded_lines": []}, "SilentTraceProvider.__getattr__": {"executed_lines": [34], "summary": {"covered_lines": 1, "num_statements": 1, "percent_covered": 100.0, "percent_covered_display": "100", "missing_lines": 0, "excluded_lines": 0}, "missing_lines": [], "excluded_lines": []}, "_configure_agents_tracing": {"executed_lines": [44, 45, 48, 51, 52], "summary": {"covered_lines": 5, "num_statements": 7, "percent_covered": 71.42857142857143, "percent_covered_display": "71", "missing_lines": 2, "excluded_lines": 0}, "missing_lines": [54, 56], "excluded_lines": []}, "add_correlation_id": {"executed_lines": [63, 64, 65, 67, 68, 71, 72, 75], "summary": {"covered_lines": 8, "num_statements": 10, "percent_covered": 80.0, "percent_covered_display": "80", "missing_lines": 2, "excluded_lines": 0}, "missing_lines": [69, 73], "excluded_lines": []}, "add_security_context": {"executed_lines": [83, 84, 87, 91], "summary": {"covered_lines": 4, "num_statements": 4, "percent_covered": 100.0, "percent_covered_display": "100", "missing_lines": 0, "excluded_lines": 0}, "missing_lines": [], "excluded_lines": []}, "configure_logging": {"executed_lines": [105, 108, 116, 119, 120, 121, 122, 123, 124, 127, 140, 141, 143, 144, 146, 149], "summary": {"covered_lines": 16, "num_statements": 16, "percent_covered": 100.0, "percent_covered_display": "100", "missing_lines": 0, "excluded_lines": 0}, "missing_lines": [], "excluded_lines": []}, "get_logger": {"executed_lines": [167], "summary": {"covered_lines": 1, "num_statements": 1, "percent_covered": 100.0, "percent_covered_display": "100", "missing_lines": 0, "excluded_lines": 0}, "missing_lines": [], "excluded_lines": []}, "set_correlation_id": {"executed_lines": [179, 180, 181, 182], "summary": {"covered_lines": 4, "num_statements": 4, "percent_covered": 100.0, "percent_covered_display": "100", "missing_lines": 0, "excluded_lines": 0}, "missing_lines": [], "excluded_lines": []}, "set_agent_context": {"executed_lines": [], "summary": {"covered_lines": 0, "num_statements": 1, "percent_covered": 0.0, "percent_covered_display": "0", "missing_lines": 1, "excluded_lines": 0}, "missing_lines": [191], "excluded_lines": []}, "set_workflow_context": {"executed_lines": [], "summary": {"covered_lines": 0, "num_statements": 1, "percent_covered": 0.0, "percent_covered_display": "0", "missing_lines": 1, "excluded_lines": 0}, "missing_lines": [200], "excluded_lines": []}, "clear_context": {"executed_lines": [205, 206, 207], "summary": {"covered_lines": 3, "num_statements": 3, "percent_covered": 100.0, "percent_covered_display": "100", "missing_lines": 0, "excluded_lines": 0}, "missing_lines": [], "excluded_lines": []}, "SecurityAuditLogger.__init__": {"executed_lines": [214], "summary": {"covered_lines": 1, "num_statements": 1, "percent_covered": 100.0, "percent_covered_display": "100", "missing_lines": 0, "excluded_lines": 0}, "missing_lines": [], "excluded_lines": []}, "SecurityAuditLogger.log_security_event": {"executed_lines": [226, 227], "summary": {"covered_lines": 2, "num_statements": 2, "percent_covered": 100.0, "percent_covered_display": "100", "missing_lines": 0, "excluded_lines": 0}, "missing_lines": [], "excluded_lines": []}, "SecurityAuditLogger.log_agent_handoff": {"executed_lines": [], "summary": {"covered_lines": 0, "num_statements": 1, "percent_covered": 0.0, "percent_covered_display": "0", "missing_lines": 1, "excluded_lines": 0}, "missing_lines": [245], "excluded_lines": []}, "SecurityAuditLogger.log_code_generation": {"executed_lines": [], "summary": {"covered_lines": 0, "num_statements": 1, "percent_covered": 0.0, "percent_covered_display": "0", "missing_lines": 1, "excluded_lines": 0}, "missing_lines": [265], "excluded_lines": []}, "SecurityAuditLogger.log_external_api_call": {"executed_lines": [], "summary": {"covered_lines": 0, "num_statements": 1, "percent_covered": 0.0, "percent_covered_display": "0", "missing_lines": 1, "excluded_lines": 0}, "missing_lines": [290], "excluded_lines": []}, "": {"executed_lines": [1, 3, 4, 5, 6, 7, 8, 10, 11, 14, 15, 16, 19, 20, 28, 32, 37, 59, 78, 94, 158, 170, 185, 194, 203, 210, 211, 213, 216, 235, 254, 275], "summary": {"covered_lines": 29, "num_statements": 29, "percent_covered": 100.0, "percent_covered_display": "100", "missing_lines": 0, "excluded_lines": 0}, "missing_lines": [], "excluded_lines": []}}, "classes": {"SilentTraceProvider": {"executed_lines": [34], "summary": {"covered_lines": 1, "num_statements": 2, "percent_covered": 50.0, "percent_covered_display": "50", "missing_lines": 1, "excluded_lines": 0}, "missing_lines": [30], "excluded_lines": []}, "SecurityAuditLogger": {"executed_lines": [214, 226, 227], "summary": {"covered_lines": 3, "num_statements": 6, "percent_covered": 50.0, "percent_covered_display": "50", "missing_lines": 3, "excluded_lines": 0}, "missing_lines": [245, 265, 290], "excluded_lines": []}, "": {"executed_lines": [1, 3, 4, 5, 6, 7, 8, 10, 11, 14, 15, 16, 19, 20, 28, 32, 37, 44, 45, 48, 51, 52, 59, 63, 64, 65, 67, 68, 71, 72, 75, 78, 83, 84, 87, 91, 94, 105, 108, 116, 119, 120, 121, 122, 123, 124, 127, 140, 141, 143, 144, 146, 149, 158, 167, 170, 179, 180, 181, 182, 185, 194, 203, 205, 206, 207, 210, 211, 213, 216, 235, 254, 275], "summary": {"covered_lines": 70, "num_statements": 76, "percent_covered": 92.10526315789474, "percent_covered_display": "92", "missing_lines": 6, "excluded_lines": 0}, "missing_lines": [54, 56, 69, 73, 191, 200], "excluded_lines": []}}}, "src/workflows/__init__.py": {"executed_lines": [], "summary": {"covered_lines": 0, "num_statements": 4, "percent_covered": 0.0, "percent_covered_display": "0", "missing_lines": 4, "excluded_lines": 0}, "missing_lines": [3, 8, 9, 14], "excluded_lines": [], "functions": {"": {"executed_lines": [], "summary": {"covered_lines": 0, "num_statements": 4, "percent_covered": 0.0, "percent_covered_display": "0", "missing_lines": 4, "excluded_lines": 0}, "missing_lines": [3, 8, 9, 14], "excluded_lines": []}}, "classes": {"": {"executed_lines": [], "summary": {"covered_lines": 0, "num_statements": 4, "percent_covered": 0.0, "percent_covered_display": "0", "missing_lines": 4, "excluded_lines": 0}, "missing_lines": [3, 8, 9, 14], "excluded_lines": []}}}, "src/workflows/activities.py": {"executed_lines": [], "summary": {"covered_lines": 0, "num_statements": 80, "percent_covered": 0.0, "percent_covered_display": "0", "missing_lines": 80, "excluded_lines": 0}, "missing_lines": [3, 4, 5, 6, 8, 10, 11, 12, 14, 17, 18, 35, 36, 37, 39, 47, 49, 51, 56, 57, 60, 61, 65, 67, 74, 76, 77, 84, 87, 93, 99, 100, 102, 105, 112, 114, 116, 127, 130, 132, 133, 134, 135, 136, 137, 138, 141, 142, 152, 158, 161, 162, 164, 165, 167, 168, 171, 172, 173, 176, 185, 187, 189, 190, 196, 202, 203, 216, 217, 218, 219, 221, 228, 230, 233, 235, 241, 248, 249, 255], "excluded_lines": [], "functions": {"execute_agent_activity": {"executed_lines": [], "summary": {"covered_lines": 0, "num_statements": 17, "percent_covered": 0.0, "percent_covered_display": "0", "missing_lines": 17, "excluded_lines": 0}, "missing_lines": [35, 36, 37, 39, 47, 49, 51, 56, 57, 60, 61, 65, 67, 74, 76, 77, 84], "excluded_lines": []}, "_execute_with_universal_agent": {"executed_lines": [], "summary": {"covered_lines": 0, "num_statements": 9, "percent_covered": 0.0, "percent_covered_display": "0", "missing_lines": 9, "excluded_lines": 0}, "missing_lines": [93, 99, 100, 102, 105, 112, 114, 116, 127], "excluded_lines": []}, "_determine_next_action": {"executed_lines": [], "summary": {"covered_lines": 0, "num_statements": 7, "percent_covered": 0.0, "percent_covered_display": "0", "missing_lines": 7, "excluded_lines": 0}, "missing_lines": [132, 133, 134, 135, 136, 137, 138], "excluded_lines": []}, "validate_context_activity": {"executed_lines": [], "summary": {"covered_lines": 0, "num_statements": 17, "percent_covered": 0.0, "percent_covered_display": "0", "missing_lines": 17, "excluded_lines": 0}, "missing_lines": [152, 158, 161, 162, 164, 165, 167, 168, 171, 172, 173, 176, 185, 187, 189, 190, 196], "excluded_lines": []}, "create_github_pr_activity": {"executed_lines": [], "summary": {"covered_lines": 0, "num_statements": 13, "percent_covered": 0.0, "percent_covered_display": "0", "missing_lines": 13, "excluded_lines": 0}, "missing_lines": [216, 217, 218, 219, 221, 228, 230, 233, 235, 241, 248, 249, 255], "excluded_lines": []}, "": {"executed_lines": [], "summary": {"covered_lines": 0, "num_statements": 17, "percent_covered": 0.0, "percent_covered_display": "0", "missing_lines": 17, "excluded_lines": 0}, "missing_lines": [3, 4, 5, 6, 8, 10, 11, 12, 14, 17, 18, 87, 130, 141, 142, 202, 203], "excluded_lines": []}}, "classes": {"": {"executed_lines": [], "summary": {"covered_lines": 0, "num_statements": 80, "percent_covered": 0.0, "percent_covered_display": "0", "missing_lines": 80, "excluded_lines": 0}, "missing_lines": [3, 4, 5, 6, 8, 10, 11, 12, 14, 17, 18, 35, 36, 37, 39, 47, 49, 51, 56, 57, 60, 61, 65, 67, 74, 76, 77, 84, 87, 93, 99, 100, 102, 105, 112, 114, 116, 127, 130, 132, 133, 134, 135, 136, 137, 138, 141, 142, 152, 158, 161, 162, 164, 165, 167, 168, 171, 172, 173, 176, 185, 187, 189, 190, 196, 202, 203, 216, 217, 218, 219, 221, 228, 230, 233, 235, 241, 248, 249, 255], "excluded_lines": []}}}, "src/workflows/dev_team_workflow.py": {"executed_lines": [], "summary": {"covered_lines": 0, "num_statements": 149, "percent_covered": 0.0, "percent_covered_display": "0", "missing_lines": 149, "excluded_lines": 0}, "missing_lines": [3, 4, 5, 6, 7, 9, 10, 12, 17, 23, 26, 27, 28, 31, 34, 35, 36, 37, 38, 39, 42, 43, 46, 47, 48, 49, 52, 53, 56, 57, 58, 59, 62, 63, 66, 67, 68, 69, 70, 71, 72, 73, 74, 75, 76, 77, 80, 81, 84, 85, 86, 87, 88, 91, 92, 95, 96, 97, 98, 99, 100, 101, 104, 105, 113, 115, 116, 117, 119, 120, 130, 133, 146, 148, 151, 154, 155, 158, 159, 162, 165, 167, 176, 178, 180, 182, 191, 193, 203, 204, 208, 210, 212, 213, 214, 217, 224, 240, 241, 242, 245, 246, 247, 248, 249, 250, 251, 253, 255, 257, 258, 259, 262, 278, 279, 280, 283, 284, 285, 287, 288, 290, 292, 293, 294, 297, 298, 316, 319, 334, 335, 336, 337, 339, 341, 354, 356, 370, 371, 378, 379, 380, 384, 385, 392, 393, 395, 405, 409], "excluded_lines": [], "functions": {"DevTeamWorkflow.__init__": {"executed_lines": [], "summary": {"covered_lines": 0, "num_statements": 3, "percent_covered": 0.0, "percent_covered_display": "0", "missing_lines": 3, "excluded_lines": 0}, "missing_lines": [115, 116, 117], "excluded_lines": []}, "DevTeamWorkflow.run": {"executed_lines": [], "summary": {"covered_lines": 0, "num_statements": 16, "percent_covered": 0.0, "percent_covered_display": "0", "missing_lines": 16, "excluded_lines": 0}, "missing_lines": [130, 133, 146, 148, 151, 154, 155, 158, 159, 162, 165, 167, 176, 178, 180, 182], "excluded_lines": []}, "DevTeamWorkflow._validate_security": {"executed_lines": [], "summary": {"covered_lines": 0, "num_statements": 4, "percent_covered": 0.0, "percent_covered_display": "0", "missing_lines": 4, "excluded_lines": 0}, "missing_lines": [193, 203, 204, 208], "excluded_lines": []}, "DevTeamWorkflow._execute_orchestrator_planning": {"executed_lines": [], "summary": {"covered_lines": 0, "num_statements": 16, "percent_covered": 0.0, "percent_covered_display": "0", "missing_lines": 16, "excluded_lines": 0}, "missing_lines": [212, 213, 214, 217, 224, 240, 241, 242, 245, 246, 247, 248, 249, 250, 251, 253], "excluded_lines": []}, "DevTeamWorkflow._execute_developer_implementation": {"executed_lines": [], "summary": {"covered_lines": 0, "num_statements": 12, "percent_covered": 0.0, "percent_covered_display": "0", "missing_lines": 12, "excluded_lines": 0}, "missing_lines": [257, 258, 259, 262, 278, 279, 280, 283, 284, 285, 287, 288], "excluded_lines": []}, "DevTeamWorkflow._execute_release_operations": {"executed_lines": [], "summary": {"covered_lines": 0, "num_statements": 11, "percent_covered": 0.0, "percent_covered_display": "0", "missing_lines": 11, "excluded_lines": 0}, "missing_lines": [292, 293, 294, 297, 298, 316, 319, 334, 335, 336, 337], "excluded_lines": []}, "DevTeamWorkflow._audit_workflow_completion": {"executed_lines": [], "summary": {"covered_lines": 0, "num_statements": 1, "percent_covered": 0.0, "percent_covered_display": "0", "missing_lines": 1, "excluded_lines": 0}, "missing_lines": [341], "excluded_lines": []}, "DevTeamWorkflow._audit_workflow_error": {"executed_lines": [], "summary": {"covered_lines": 0, "num_statements": 1, "percent_covered": 0.0, "percent_covered_display": "0", "missing_lines": 1, "excluded_lines": 0}, "missing_lines": [356], "excluded_lines": []}, "DevTeamWorkflow.update_priority": {"executed_lines": [], "summary": {"covered_lines": 0, "num_statements": 3, "percent_covered": 0.0, "percent_covered_display": "0", "missing_lines": 3, "excluded_lines": 0}, "missing_lines": [378, 379, 380], "excluded_lines": []}, "DevTeamWorkflow.get_status": {"executed_lines": [], "summary": {"covered_lines": 0, "num_statements": 3, "percent_covered": 0.0, "percent_covered_display": "0", "missing_lines": 3, "excluded_lines": 0}, "missing_lines": [392, 393, 395], "excluded_lines": []}, "DevTeamWorkflow._audit_workflow_signal": {"executed_lines": [], "summary": {"covered_lines": 0, "num_statements": 1, "percent_covered": 0.0, "percent_covered_display": "0", "missing_lines": 1, "excluded_lines": 0}, "missing_lines": [409], "excluded_lines": []}, "": {"executed_lines": [], "summary": {"covered_lines": 0, "num_statements": 78, "percent_covered": 0.0, "percent_covered_display": "0", "missing_lines": 78, "excluded_lines": 0}, "missing_lines": [3, 4, 5, 6, 7, 9, 10, 12, 17, 23, 26, 27, 28, 31, 34, 35, 36, 37, 38, 39, 42, 43, 46, 47, 48, 49, 52, 53, 56, 57, 58, 59, 62, 63, 66, 67, 68, 69, 70, 71, 72, 73, 74, 75, 76, 77, 80, 81, 84, 85, 86, 87, 88, 91, 92, 95, 96, 97, 98, 99, 100, 101, 104, 105, 113, 119, 120, 191, 210, 255, 290, 339, 354, 370, 371, 384, 385, 405], "excluded_lines": []}}, "classes": {"AgentType": {"executed_lines": [], "summary": {"covered_lines": 0, "num_statements": 0, "percent_covered": 100.0, "percent_covered_display": "100", "missing_lines": 0, "excluded_lines": 0}, "missing_lines": [], "excluded_lines": []}, "TaskState": {"executed_lines": [], "summary": {"covered_lines": 0, "num_statements": 0, "percent_covered": 100.0, "percent_covered_display": "100", "missing_lines": 0, "excluded_lines": 0}, "missing_lines": [], "excluded_lines": []}, "SecurityContext": {"executed_lines": [], "summary": {"covered_lines": 0, "num_statements": 0, "percent_covered": 100.0, "percent_covered_display": "100", "missing_lines": 0, "excluded_lines": 0}, "missing_lines": [], "excluded_lines": []}, "RetryContext": {"executed_lines": [], "summary": {"covered_lines": 0, "num_statements": 0, "percent_covered": 100.0, "percent_covered_display": "100", "missing_lines": 0, "excluded_lines": 0}, "missing_lines": [], "excluded_lines": []}, "WorkflowContext": {"executed_lines": [], "summary": {"covered_lines": 0, "num_statements": 0, "percent_covered": 100.0, "percent_covered_display": "100", "missing_lines": 0, "excluded_lines": 0}, "missing_lines": [], "excluded_lines": []}, "WorkflowInput": {"executed_lines": [], "summary": {"covered_lines": 0, "num_statements": 0, "percent_covered": 100.0, "percent_covered_display": "100", "missing_lines": 0, "excluded_lines": 0}, "missing_lines": [], "excluded_lines": []}, "WorkflowOutput": {"executed_lines": [], "summary": {"covered_lines": 0, "num_statements": 0, "percent_covered": 100.0, "percent_covered_display": "100", "missing_lines": 0, "excluded_lines": 0}, "missing_lines": [], "excluded_lines": []}, "DevTeamWorkflow": {"executed_lines": [], "summary": {"covered_lines": 0, "num_statements": 71, "percent_covered": 0.0, "percent_covered_display": "0", "missing_lines": 71, "excluded_lines": 0}, "missing_lines": [115, 116, 117, 130, 133, 146, 148, 151, 154, 155, 158, 159, 162, 165, 167, 176, 178, 180, 182, 193, 203, 204, 208, 212, 213, 214, 217, 224, 240, 241, 242, 245, 246, 247, 248, 249, 250, 251, 253, 257, 258, 259, 262, 278, 279, 280, 283, 284, 285, 287, 288, 292, 293, 294, 297, 298, 316, 319, 334, 335, 336, 337, 341, 356, 378, 379, 380, 392, 393, 395, 409], "excluded_lines": []}, "": {"executed_lines": [], "summary": {"covered_lines": 0, "num_statements": 78, "percent_covered": 0.0, "percent_covered_display": "0", "missing_lines": 78, "excluded_lines": 0}, "missing_lines": [3, 4, 5, 6, 7, 9, 10, 12, 17, 23, 26, 27, 28, 31, 34, 35, 36, 37, 38, 39, 42, 43, 46, 47, 48, 49, 52, 53, 56, 57, 58, 59, 62, 63, 66, 67, 68, 69, 70, 71, 72, 73, 74, 75, 76, 77, 80, 81, 84, 85, 86, 87, 88, 91, 92, 95, 96, 97, 98, 99, 100, 101, 104, 105, 113, 119, 120, 191, 210, 255, 290, 339, 354, 370, 371, 384, 385, 405], "excluded_lines": []}}}, "src/workflows/security_activities.py": {"executed_lines": [], "summary": {"covered_lines": 0, "num_statements": 89, "percent_covered": 0.0, "percent_covered_display": "0", "missing_lines": 89, "excluded_lines": 0}, "missing_lines": [3, 4, 5, 7, 9, 10, 12, 15, 16, 34, 40, 43, 44, 45, 46, 47, 50, 51, 52, 53, 54, 57, 58, 59, 60, 61, 66, 67, 69, 70, 73, 74, 75, 77, 79, 80, 85, 87, 88, 94, 102, 103, 119, 120, 121, 124, 133, 134, 140, 141, 148, 149, 156, 165, 171, 172, 188, 189, 190, 192, 201, 202, 203, 205, 208, 209, 216, 224, 225, 227, 228, 229, 239, 241, 242, 244, 251, 252, 253, 260, 268, 269, 279, 280, 281, 283, 292, 302, 305], "excluded_lines": [], "functions": {"validate_security_activity": {"executed_lines": [], "summary": {"covered_lines": 0, "num_statements": 31, "percent_covered": 0.0, "percent_covered_display": "0", "missing_lines": 31, "excluded_lines": 0}, "missing_lines": [34, 40, 43, 44, 45, 46, 47, 50, 51, 52, 53, 54, 57, 58, 59, 60, 61, 66, 67, 69, 70, 73, 74, 75, 77, 79, 80, 85, 87, 88, 94], "excluded_lines": []}, "audit_log_activity": {"executed_lines": [], "summary": {"covered_lines": 0, "num_statements": 12, "percent_covered": 0.0, "percent_covered_display": "0", "missing_lines": 12, "excluded_lines": 0}, "missing_lines": [119, 120, 121, 124, 133, 134, 140, 141, 148, 149, 156, 165], "excluded_lines": []}, "validate_agent_output_activity": {"executed_lines": [], "summary": {"covered_lines": 0, "num_statements": 24, "percent_covered": 0.0, "percent_covered_display": "0", "missing_lines": 24, "excluded_lines": 0}, "missing_lines": [188, 189, 190, 192, 201, 202, 203, 205, 208, 209, 216, 224, 225, 227, 228, 229, 239, 241, 242, 244, 251, 252, 253, 260], "excluded_lines": []}, "check_rate_limits_activity": {"executed_lines": [], "summary": {"covered_lines": 0, "num_statements": 7, "percent_covered": 0.0, "percent_covered_display": "0", "missing_lines": 7, "excluded_lines": 0}, "missing_lines": [279, 280, 281, 283, 292, 302, 305], "excluded_lines": []}, "": {"executed_lines": [], "summary": {"covered_lines": 0, "num_statements": 15, "percent_covered": 0.0, "percent_covered_display": "0", "missing_lines": 15, "excluded_lines": 0}, "missing_lines": [3, 4, 5, 7, 9, 10, 12, 15, 16, 102, 103, 171, 172, 268, 269], "excluded_lines": []}}, "classes": {"": {"executed_lines": [], "summary": {"covered_lines": 0, "num_statements": 89, "percent_covered": 0.0, "percent_covered_display": "0", "missing_lines": 89, "excluded_lines": 0}, "missing_lines": [3, 4, 5, 7, 9, 10, 12, 15, 16, 34, 40, 43, 44, 45, 46, 47, 50, 51, 52, 53, 54, 57, 58, 59, 60, 61, 66, 67, 69, 70, 73, 74, 75, 77, 79, 80, 85, 87, 88, 94, 102, 103, 119, 120, 121, 124, 133, 134, 140, 141, 148, 149, 156, 165, 171, 172, 188, 189, 190, 192, 201, 202, 203, 205, 208, 209, 216, 224, 225, 227, 228, 229, 239, 241, 242, 244, 251, 252, 253, 260, 268, 269, 279, 280, 281, 283, 292, 302, 305], "excluded_lines": []}}}}, "totals": {"covered_lines": 154, "num_statements": 2956, "percent_covered": 5.209742895805142, "percent_covered_display": "5", "missing_lines": 2802, "excluded_lines": 0}}